2026-02-16 11:20:34 info: [0mPOST /api/v1/auth/login [32m200[0m 270.630 ms - 794[0m
2026-02-16 11:20:34 info: [0mGET /api/v1/soil/data?deviceId=DEVICE001 [36m304[0m 17.403 ms - -[0m
2026-02-16 11:20:34 info: [0mGET /api/v1/soil/data?deviceId=DEVICE001 [36m304[0m 11.671 ms - -[0m
2026-02-16 11:20:34 info: [0mGET /api/v1/soil/ideals [36m304[0m 1.162 ms - -[0m
2026-02-16 11:20:34 info: [0mGET /api/v1/soil/ideals [36m304[0m 0.832 ms - -[0m
2026-02-16 11:32:36 info: [0mPOST /api/v1/auth/login [33m401[0m 251.630 ms - 66[0m
2026-02-16 11:32:58 info: [0mPOST /api/v1/auth/login [32m200[0m 262.450 ms - 794[0m
2026-02-16 11:32:58 info: [0mGET /api/v1/soil/data?deviceId=DEVICE001 [36m304[0m 13.966 ms - -[0m
2026-02-16 11:32:58 info: [0mGET /api/v1/soil/data?deviceId=DEVICE001 [36m304[0m 9.879 ms - -[0m
2026-02-16 11:32:58 info: [0mGET /api/v1/soil/ideals [36m304[0m 1.289 ms - -[0m
2026-02-16 11:32:58 info: [0mGET /api/v1/soil/ideals [36m304[0m 0.843 ms - -[0m
2026-02-16 11:33:00 info: [0mGET /api/v1/soil/table?start=2025-12-09T00:00:00.000Z&end=2025-12-24T00:00:00.000Z&type=macro&mode=count [32m200[0m 18.983 ms - 6333[0m
2026-02-16 11:33:00 info: [0mGET /api/v1/soil/table?start=2025-12-09T00:00:00.000Z&end=2025-12-24T00:00:00.000Z&type=macro&mode=count [36m304[0m 19.525 ms - -[0m
2026-02-16 11:33:01 info: [0mGET /api/v1/reports/plant?start=2025-12-09T00%3A00%3A00.000Z&stop=2025-12-24T00%3A00%3A00.000Z [32m200[0m 9.027 ms - 19553[0m
2026-02-16 11:33:01 info: [0mGET /api/v1/soil/data?limit=200&start=2025-12-09T00%3A00%3A00.000Z&end=2025-12-24T00%3A00%3A00.000Z [32m200[0m 13.692 ms - 21073[0m
2026-02-16 11:33:01 info: [0mGET /api/v1/reports/plant?start=2025-12-09T00%3A00%3A00.000Z&stop=2025-12-24T00%3A00%3A00.000Z [36m304[0m 7.041 ms - -[0m
2026-02-16 11:33:01 info: [0mGET /api/v1/soil/data?limit=200&start=2025-12-09T00%3A00%3A00.000Z&end=2025-12-24T00%3A00%3A00.000Z [36m304[0m 7.894 ms - -[0m
2026-02-16 11:33:01 info: [0mGET /api/v1/reports/plant?start=2025-12-09T00%3A00%3A00.000Z&stop=2025-12-24T00%3A00%3A00.000Z [36m304[0m 4.775 ms - -[0m
2026-02-16 11:33:01 info: [0mGET /api/v1/reports/plant?start=2025-12-09T00%3A00%3A00.000Z&stop=2025-12-24T00%3A00%3A00.000Z [36m304[0m 5.240 ms - -[0m
2026-02-16 11:33:31 info: [0mGET /api/v1/soil/data?deviceId=DEVICE001 [36m304[0m 9.788 ms - -[0m
2026-02-16 11:33:31 info: [0mGET /api/v1/soil/ideals [36m304[0m 0.416 ms - -[0m
2026-02-16 11:33:31 info: [0mGET /api/v1/soil/data?deviceId=DEVICE001 [36m304[0m 8.589 ms - -[0m
2026-02-16 11:33:31 info: [0mGET /api/v1/soil/ideals [36m304[0m 0.699 ms - -[0m
2026-02-16 11:48:34 info: [0mPOST /api/v1/soil/data [33m401[0m 4.561 ms - 62[0m
2026-02-16 11:49:32 info: [0mPOST /api/v1/soil/data [32m201[0m 108.515 ms - 357[0m
2026-02-16 11:52:04 info: [0mPOST /api/v1/auth/login [32m200[0m 329.955 ms - 794[0m
2026-02-16 11:52:04 info: [0mGET /api/v1/soil/data?deviceId=DEVICE001 [36m304[0m 11.661 ms - -[0m
2026-02-16 11:52:04 info: [0mGET /api/v1/soil/data?deviceId=DEVICE001 [36m304[0m 7.169 ms - -[0m
2026-02-16 11:52:04 info: [0mGET /api/v1/soil/ideals [36m304[0m 0.843 ms - -[0m
2026-02-16 11:52:04 info: [0mGET /api/v1/soil/ideals [36m304[0m 0.740 ms - -[0m
2026-02-16 11:52:06 info: [0mGET /api/v1/soil/table?start=2025-12-09T00:00:00.000Z&end=2025-12-24T00:00:00.000Z&type=macro&mode=count [36m304[0m 25.530 ms - -[0m
2026-02-16 11:52:06 info: [0mGET /api/v1/soil/table?start=2025-12-09T00:00:00.000Z&end=2025-12-24T00:00:00.000Z&type=macro&mode=count [36m304[0m 24.251 ms - -[0m
2026-02-16 11:52:07 info: [0mGET /api/v1/soil/data?limit=200&start=2025-12-09T00%3A00%3A00.000Z&end=2025-12-24T00%3A00%3A00.000Z [36m304[0m 11.186 ms - -[0m
2026-02-16 11:52:07 info: [0mGET /api/v1/reports/plant?start=2025-12-09T00%3A00%3A00.000Z&stop=2025-12-24T00%3A00%3A00.000Z [36m304[0m 16.654 ms - -[0m
2026-02-16 11:52:07 info: [0mGET /api/v1/soil/data?limit=200&start=2025-12-09T00%3A00%3A00.000Z&end=2025-12-24T00%3A00%3A00.000Z [36m304[0m 17.317 ms - -[0m
2026-02-16 11:52:07 info: [0mGET /api/v1/reports/plant?start=2025-12-09T00%3A00%3A00.000Z&stop=2025-12-24T00%3A00%3A00.000Z [36m304[0m 14.721 ms - -[0m
2026-02-16 11:52:07 info: [0mGET /api/v1/reports/plant?start=2025-12-09T00%3A00%3A00.000Z&stop=2025-12-24T00%3A00%3A00.000Z [36m304[0m 8.135 ms - -[0m
2026-02-16 11:52:07 info: [0mGET /api/v1/reports/plant?start=2025-12-09T00%3A00%3A00.000Z&stop=2025-12-24T00%3A00%3A00.000Z [36m304[0m 6.946 ms - -[0m
2026-02-16 11:52:16 info: [0mGET /api/v1/reports/plant?start=2026-02-16T00%3A00%3A00.000Z&stop=2026-02-16T00%3A00%3A00.000Z [32m200[0m 7.440 ms - 96[0m
2026-02-16 11:52:17 info: [0mGET /api/v1/soil/data?limit=200&start=2026-02-16T00%3A00%3A00.000Z&end=2026-02-16T00%3A00%3A00.000Z [32m200[0m 55.332 ms - 86[0m
2026-02-16 11:52:17 info: [0mGET /api/v1/reports/plant?start=2026-02-16T00%3A00%3A00.000Z&stop=2026-02-16T00%3A00%3A00.000Z [36m304[0m 6.483 ms - -[0m
2026-02-16 11:52:22 info: [0mGET /api/v1/reports/plant?start=2026-02-15T00%3A00%3A00.000Z&stop=2026-02-16T00%3A00%3A00.000Z [32m200[0m 10.946 ms - 96[0m
2026-02-16 11:52:22 info: [0mGET /api/v1/soil/data?limit=200&start=2026-02-15T00%3A00%3A00.000Z&end=2026-02-16T00%3A00%3A00.000Z [32m200[0m 11.315 ms - 86[0m
2026-02-16 11:52:22 info: [0mGET /api/v1/reports/plant?start=2026-02-15T00%3A00%3A00.000Z&stop=2026-02-16T00%3A00%3A00.000Z [36m304[0m 5.799 ms - -[0m
2026-02-16 11:53:20 info: [0mGET /soil [33m404[0m 1.843 ms - 51[0m
2026-02-16 11:53:28 info: [0mGET /api/v1/soil/ideals [36m304[0m 0.680 ms - -[0m
2026-02-16 11:53:28 info: [0mGET /api/v1/soil/data?deviceId=DEVICE001 [36m304[0m 29.844 ms - -[0m
2026-02-16 11:53:28 info: [0mGET /api/v1/soil/ideals [36m304[0m 0.594 ms - -[0m
2026-02-16 11:53:28 info: [0mGET /api/v1/soil/data?deviceId=DEVICE001 [36m304[0m 8.581 ms - -[0m
2026-02-16 11:53:32 info: [0mGET /api/v1/soil/data?deviceId=DEVICE001 [36m304[0m 9.209 ms - -[0m
2026-02-16 11:53:32 info: [0mGET /api/v1/soil/data?deviceId=DEVICE001 [36m304[0m 13.093 ms - -[0m
2026-02-16 11:53:32 info: [0mGET /api/v1/soil/ideals [36m304[0m 0.812 ms - -[0m
2026-02-16 11:53:32 info: [0mGET /api/v1/soil/ideals [36m304[0m 0.893 ms - -[0m
2026-02-16 11:55:23 info: [0mGET /api/v1/soil/data?deviceId=DEVICE001 [32m200[0m 10.896 ms - 16036[0m
2026-02-16 11:55:45 info: [0mPOST /api/v1/soil/data [32m201[0m 73.477 ms - 357[0m
2026-02-16 11:57:53 info: [0mGET /api/v1/soil/data [32m200[0m 9.745 ms - 63665[0m
2026-02-16 12:01:16 info: [0mPOST /api/v1/soil/data [32m201[0m 60.672 ms - 357[0m
2026-02-16 12:01:58 info: [0mPOST /api/v1/soil/data [32m201[0m 4.651 ms - 353[0m
2026-02-16 12:02:32 info: [0mGET /api/v1/soil/data?deviceId=DEVICE001 [36m304[0m 6.188 ms - -[0m
2026-02-16 12:02:32 info: [0mGET /api/v1/soil/data?deviceId=DEVICE001 [36m304[0m 6.182 ms - -[0m
2026-02-16 12:02:32 info: [0mGET /api/v1/soil/ideals [36m304[0m 0.572 ms - -[0m
2026-02-16 12:02:32 info: [0mGET /api/v1/soil/ideals [36m304[0m 0.321 ms - -[0m
2026-02-16 12:02:37 info: [0mGET /api/v1/soil/table?start=2026-02-15T00:00:00.000Z&end=2026-02-16T00:00:00.000Z&type=macro&mode=count [32m200[0m 6.105 ms - 138[0m
2026-02-16 12:02:37 info: [0mGET /api/v1/soil/table?start=2026-02-15T00:00:00.000Z&end=2026-02-16T00:00:00.000Z&type=macro&mode=count [36m304[0m 4.441 ms - -[0m
2026-02-16 12:02:39 info: [0mGET /api/v1/reports/plant?start=2026-02-15T00%3A00%3A00.000Z&stop=2026-02-16T00%3A00%3A00.000Z [36m304[0m 7.725 ms - -[0m
2026-02-16 12:02:39 info: [0mGET /api/v1/soil/data?limit=200&start=2026-02-15T00%3A00%3A00.000Z&end=2026-02-16T00%3A00%3A00.000Z [36m304[0m 8.218 ms - -[0m
2026-02-16 12:02:39 info: [0mGET /api/v1/reports/plant?start=2026-02-15T00%3A00%3A00.000Z&stop=2026-02-16T00%3A00%3A00.000Z [36m304[0m 5.937 ms - -[0m
2026-02-16 12:02:39 info: [0mGET /api/v1/soil/data?limit=200&start=2026-02-15T00%3A00%3A00.000Z&end=2026-02-16T00%3A00%3A00.000Z [36m304[0m 6.171 ms - -[0m
2026-02-16 12:02:39 info: [0mGET /api/v1/reports/plant?start=2026-02-15T00%3A00%3A00.000Z&stop=2026-02-16T00%3A00%3A00.000Z [36m304[0m 4.847 ms - -[0m
2026-02-16 12:02:39 info: [0mGET /api/v1/reports/plant?start=2026-02-15T00%3A00%3A00.000Z&stop=2026-02-16T00%3A00%3A00.000Z [36m304[0m 5.207 ms - -[0m
2026-02-16 12:02:40 info: [0mGET /api/v1/soil/table?start=2026-02-15T00:00:00.000Z&end=2026-02-16T00:00:00.000Z&type=macro&mode=count [36m304[0m 4.680 ms - -[0m
2026-02-16 12:02:40 info: [0mGET /api/v1/soil/table?start=2026-02-15T00:00:00.000Z&end=2026-02-16T00:00:00.000Z&type=macro&mode=count [36m304[0m 65.216 ms - -[0m
2026-02-16 12:02:41 info: [0mGET /api/v1/soil/data?deviceId=DEVICE001 [36m304[0m 7.871 ms - -[0m
2026-02-16 12:02:41 info: [0mGET /api/v1/soil/data?deviceId=DEVICE001 [36m304[0m 8.305 ms - -[0m
2026-02-16 12:02:41 info: [0mGET /api/v1/soil/ideals [36m304[0m 0.956 ms - -[0m
2026-02-16 12:02:41 info: [0mGET /api/v1/soil/ideals [36m304[0m 0.740 ms - -[0m
2026-02-16 12:02:52 info: [0mGET /api/v1/soil/ideals [36m304[0m 1.391 ms - -[0m
2026-02-16 12:02:52 info: [0mGET /api/v1/soil/data?deviceId=DEVICE001 [36m304[0m 13.451 ms - -[0m
2026-02-16 12:02:52 info: [0mGET /api/v1/soil/ideals [36m304[0m 1.872 ms - -[0m
2026-02-16 12:02:52 info: [0mGET /api/v1/soil/data?deviceId=DEVICE001 [36m304[0m 9.715 ms - -[0m
2026-02-16 12:04:14 info: [0mGET /api/v1/soil/data [32m200[0m 2.545 ms - 86[0m
2026-02-16 12:04:48 info: [0mGET /api/v1/soil/ideals [36m304[0m 0.391 ms - -[0m
2026-02-16 12:04:48 info: [0mGET /api/v1/soil/data?deviceId=DEVICE001 [32m200[0m 5.346 ms - 86[0m
2026-02-16 12:04:48 info: [0mGET /api/v1/soil/ideals [36m304[0m 0.407 ms - -[0m
2026-02-16 12:04:48 info: [0mGET /api/v1/soil/data?deviceId=DEVICE001 [36m304[0m 2.669 ms - -[0m
2026-02-16 12:04:51 info: [0mGET /api/v1/soil/data?deviceId=DEVICE001 [36m304[0m 2.724 ms - -[0m
2026-02-16 12:04:51 info: [0mGET /api/v1/soil/data?deviceId=DEVICE001 [36m304[0m 3.330 ms - -[0m
2026-02-16 12:04:51 info: [0mGET /api/v1/soil/ideals [36m304[0m 0.382 ms - -[0m
2026-02-16 12:04:51 info: [0mGET /api/v1/soil/ideals [36m304[0m 0.323 ms - -[0m
2026-02-16 12:04:52 info: [0mGET /api/v1/soil/table?start=2026-02-15T00:00:00.000Z&end=2026-02-16T00:00:00.000Z&type=macro&mode=count [36m304[0m 3.015 ms - -[0m
2026-02-16 12:04:52 info: [0mGET /api/v1/soil/table?start=2026-02-15T00:00:00.000Z&end=2026-02-16T00:00:00.000Z&type=macro&mode=count [36m304[0m 3.141 ms - -[0m
2026-02-16 12:04:52 info: [0mGET /api/v1/reports/plant?start=2026-02-15T00%3A00%3A00.000Z&stop=2026-02-16T00%3A00%3A00.000Z [36m304[0m 3.770 ms - -[0m
2026-02-16 12:04:52 info: [0mGET /api/v1/soil/data?limit=200&start=2026-02-15T00%3A00%3A00.000Z&end=2026-02-16T00%3A00%3A00.000Z [36m304[0m 4.127 ms - -[0m
2026-02-16 12:04:52 info: [0mGET /api/v1/reports/plant?start=2026-02-15T00%3A00%3A00.000Z&stop=2026-02-16T00%3A00%3A00.000Z [36m304[0m 3.719 ms - -[0m
2026-02-16 12:04:52 info: [0mGET /api/v1/soil/data?limit=200&start=2026-02-15T00%3A00%3A00.000Z&end=2026-02-16T00%3A00%3A00.000Z [36m304[0m 3.831 ms - -[0m
2026-02-16 12:04:52 info: [0mGET /api/v1/reports/plant?start=2026-02-15T00%3A00%3A00.000Z&stop=2026-02-16T00%3A00%3A00.000Z [36m304[0m 5.435 ms - -[0m
2026-02-16 12:04:52 info: [0mGET /api/v1/reports/plant?start=2026-02-15T00%3A00%3A00.000Z&stop=2026-02-16T00%3A00%3A00.000Z [36m304[0m 3.194 ms - -[0m
2026-02-16 12:04:53 info: [0mGET /api/v1/soil/ideals [36m304[0m 0.766 ms - -[0m
2026-02-16 12:04:53 info: [0mGET /api/v1/soil/data?deviceId=DEVICE001 [36m304[0m 6.655 ms - -[0m
2026-02-16 12:04:53 info: [0mGET /api/v1/soil/ideals [36m304[0m 0.654 ms - -[0m
2026-02-16 12:04:53 info: [0mGET /api/v1/soil/data?deviceId=DEVICE001 [36m304[0m 4.291 ms - -[0m
2026-02-16 12:05:44 info: [0mPOST /api/v1/soil/data [32m201[0m 67.891 ms - 359[0m
2026-02-16 12:05:58 info: [0mPOST /api/v1/soil/data [32m201[0m 6.459 ms - 361[0m
2026-02-16 12:06:12 info: [0mPOST /api/v1/soil/data [32m201[0m 70.359 ms - 359[0m
2026-02-16 12:06:26 info: [0mPOST /api/v1/soil/data [32m201[0m 58.074 ms - 360[0m
2026-02-16 12:06:41 info: [0mPOST /api/v1/soil/data [32m201[0m 7.365 ms - 362[0m
2026-02-16 12:08:39 info: [0mGET /api/v1/soil/ideals [36m304[0m 0.603 ms - -[0m
2026-02-16 12:08:39 info: [0mGET /api/v1/soil/data?deviceId=DEVICE001 [36m304[0m 6.881 ms - -[0m
2026-02-16 12:08:39 info: [0mGET /api/v1/soil/ideals [36m304[0m 0.464 ms - -[0m
2026-02-16 12:08:39 info: [0mGET /api/v1/soil/data?deviceId=DEVICE001 [36m304[0m 3.623 ms - -[0m
2026-02-16 12:08:43 info: [0mGET /api/v1/soil/data?deviceId=DEVICE001 [36m304[0m 2.742 ms - -[0m
2026-02-16 12:08:43 info: [0mGET /api/v1/soil/data?deviceId=DEVICE001 [36m304[0m 3.461 ms - -[0m
2026-02-16 12:08:43 info: [0mGET /api/v1/soil/ideals [36m304[0m 0.666 ms - -[0m
2026-02-16 12:08:43 info: [0mGET /api/v1/soil/ideals [36m304[0m 1.350 ms - -[0m
2026-02-16 12:08:44 info: [0mGET /api/v1/soil/table?start=2026-02-15T00:00:00.000Z&end=2026-02-16T00:00:00.000Z&type=macro&mode=count [36m304[0m 2.852 ms - -[0m
2026-02-16 12:08:44 info: [0mGET /api/v1/soil/table?start=2026-02-15T00:00:00.000Z&end=2026-02-16T00:00:00.000Z&type=macro&mode=count [36m304[0m 4.086 ms - -[0m
2026-02-16 12:08:44 info: [0mGET /api/v1/reports/plant?start=2026-02-15T00%3A00%3A00.000Z&stop=2026-02-16T00%3A00%3A00.000Z [36m304[0m 6.332 ms - -[0m
2026-02-16 12:08:44 info: [0mGET /api/v1/soil/data?limit=200&start=2026-02-15T00%3A00%3A00.000Z&end=2026-02-16T00%3A00%3A00.000Z [36m304[0m 6.679 ms - -[0m
2026-02-16 12:08:44 info: [0mGET /api/v1/reports/plant?start=2026-02-15T00%3A00%3A00.000Z&stop=2026-02-16T00%3A00%3A00.000Z [36m304[0m 6.024 ms - -[0m
2026-02-16 12:08:44 info: [0mGET /api/v1/soil/data?limit=200&start=2026-02-15T00%3A00%3A00.000Z&end=2026-02-16T00%3A00%3A00.000Z [36m304[0m 8.426 ms - -[0m
2026-02-16 12:08:44 info: [0mGET /api/v1/reports/plant?start=2026-02-15T00%3A00%3A00.000Z&stop=2026-02-16T00%3A00%3A00.000Z [36m304[0m 3.726 ms - -[0m
2026-02-16 12:08:44 info: [0mGET /api/v1/reports/plant?start=2026-02-15T00%3A00%3A00.000Z&stop=2026-02-16T00%3A00%3A00.000Z [36m304[0m 4.059 ms - -[0m
2026-02-16 12:08:45 info: [0mGET /api/v1/soil/ideals [36m304[0m 0.741 ms - -[0m
2026-02-16 12:08:45 info: [0mGET /api/v1/soil/data?deviceId=DEVICE001 [36m304[0m 8.749 ms - -[0m
2026-02-16 12:08:45 info: [0mGET /api/v1/soil/ideals [36m304[0m 0.601 ms - -[0m
2026-02-16 12:08:45 info: [0mGET /api/v1/soil/data?deviceId=DEVICE001 [36m304[0m 4.945 ms - -[0m
2026-02-16 12:08:47 info: [0mGET /api/v1/soil/ideals [36m304[0m 0.715 ms - -[0m
2026-02-16 12:08:47 info: [0mGET /api/v1/soil/data?deviceId=DEVICE001 [36m304[0m 7.556 ms - -[0m
2026-02-16 12:08:47 info: [0mGET /api/v1/soil/ideals [36m304[0m 0.798 ms - -[0m
2026-02-16 12:08:47 info: [0mGET /api/v1/soil/data?deviceId=DEVICE001 [36m304[0m 5.405 ms - -[0m
2026-02-16 12:10:14 info: [0mGET /api/v1/soil/data [32m200[0m 1.795 ms - 1471[0m
2026-02-16 12:11:14 info: [0mGET /api/v1/soil/ideals [36m304[0m 0.388 ms - -[0m
2026-02-16 12:11:14 info: [0mGET /api/v1/soil/data?deviceId=DEVICE001 [36m304[0m 9.486 ms - -[0m
2026-02-16 12:11:14 info: [0mGET /api/v1/soil/ideals [36m304[0m 0.324 ms - -[0m
2026-02-16 12:11:14 info: [0mGET /api/v1/soil/data?deviceId=DEVICE001 [36m304[0m 3.173 ms - -[0m
2026-02-16 12:11:18 info: [0mGET /api/v1/soil/data [32m200[0m 5.472 ms - 1471[0m
2026-02-16 12:11:18 info: [0mGET /api/v1/soil/data [36m304[0m 5.889 ms - -[0m
2026-02-16 12:11:18 info: [0mGET /api/v1/soil/ideals [36m304[0m 0.546 ms - -[0m
2026-02-16 12:11:18 info: [0mGET /api/v1/soil/ideals [36m304[0m 0.534 ms - -[0m
2026-02-16 12:12:02 info: [0mGET /api/v1/reports/plant?start=2026-02-15T00%3A00%3A00.000Z&stop=2026-02-16T00%3A00%3A00.000Z [36m304[0m 14.781 ms - -[0m
2026-02-16 12:12:02 info: [0mGET /api/v1/soil/data?limit=200&start=2026-02-15T00%3A00%3A00.000Z&end=2026-02-16T00%3A00%3A00.000Z [36m304[0m 25.216 ms - -[0m
2026-02-16 12:12:02 info: [0mGET /api/v1/reports/plant?start=2026-02-15T00%3A00%3A00.000Z&stop=2026-02-16T00%3A00%3A00.000Z [36m304[0m 4.258 ms - -[0m
2026-02-16 12:12:02 info: [0mGET /api/v1/soil/data?limit=200&start=2026-02-15T00%3A00%3A00.000Z&end=2026-02-16T00%3A00%3A00.000Z [36m304[0m 3.981 ms - -[0m
2026-02-16 12:12:02 info: [0mGET /api/v1/reports/plant?start=2026-02-15T00%3A00%3A00.000Z&stop=2026-02-16T00%3A00%3A00.000Z [36m304[0m 4.224 ms - -[0m
2026-02-16 12:12:02 info: [0mGET /api/v1/reports/plant?start=2026-02-15T00%3A00%3A00.000Z&stop=2026-02-16T00%3A00%3A00.000Z [36m304[0m 4.187 ms - -[0m
2026-02-16 12:12:07 info: [0mGET /api/v1/reports/plant?start=2026-02-16T00%3A00%3A00.000Z&stop=2026-02-16T00%3A00%3A00.000Z [36m304[0m 4.025 ms - -[0m
2026-02-16 12:12:07 info: [0mGET /api/v1/soil/data?limit=200&start=2026-02-16T00%3A00%3A00.000Z&end=2026-02-16T00%3A00%3A00.000Z [36m304[0m 6.124 ms - -[0m
2026-02-16 12:12:07 info: [0mGET /api/v1/reports/plant?start=2026-02-16T00%3A00%3A00.000Z&stop=2026-02-16T00%3A00%3A00.000Z [36m304[0m 3.689 ms - -[0m
2026-02-16 12:12:10 info: [0mGET /api/v1/soil/table?start=2026-02-16T00:00:00.000Z&end=2026-02-16T00:00:00.000Z&type=macro&mode=count [32m200[0m 3.170 ms - 138[0m
2026-02-16 12:12:10 info: [0mGET /api/v1/soil/table?start=2026-02-16T00:00:00.000Z&end=2026-02-16T00:00:00.000Z&type=macro&mode=count [36m304[0m 3.526 ms - -[0m
2026-02-16 12:12:13 info: [0mGET /api/v1/soil/table?start=2026-02-16T00:00:00.000Z&end=2026-02-16T00:00:00.000Z&type=macro&mode=percentage [32m200[0m 2.168 ms - 143[0m
2026-02-16 12:12:14 info: [0mGET /api/v1/soil/table?start=2026-02-16T00:00:00.000Z&end=2026-02-16T00:00:00.000Z&type=macro&mode=count [36m304[0m 48.917 ms - -[0m
2026-02-16 12:12:15 info: [0mGET /api/v1/soil/table?start=2026-02-16T00:00:00.000Z&end=2026-02-16T00:00:00.000Z&type=micro&mode=count [32m200[0m 2.906 ms - 126[0m
2026-02-16 12:12:15 info: [0mGET /api/v1/soil/table?start=2026-02-16T00:00:00.000Z&end=2026-02-16T00:00:00.000Z&type=macro&mode=count [36m304[0m 2.946 ms - -[0m
2026-02-16 12:12:16 info: [0mGET /api/v1/soil/data [36m304[0m 4.000 ms - -[0m
2026-02-16 12:12:16 info: [0mGET /api/v1/soil/data [36m304[0m 2.791 ms - -[0m
2026-02-16 12:12:16 info: [0mGET /api/v1/soil/ideals [36m304[0m 0.302 ms - -[0m
2026-02-16 12:12:16 info: [0mGET /api/v1/soil/ideals [36m304[0m 0.319 ms - -[0m
2026-02-16 12:12:17 info: [0mGET /api/v1/soil/data?deviceId=DEVICE001 [36m304[0m 2.514 ms - -[0m
2026-02-16 12:12:17 info: [0mGET /api/v1/soil/ideals [36m304[0m 0.615 ms - -[0m
2026-02-16 12:12:17 info: [0mGET /api/v1/soil/data?deviceId=DEVICE001 [36m304[0m 3.066 ms - -[0m
2026-02-16 12:12:17 info: [0mGET /api/v1/soil/ideals [36m304[0m 0.510 ms - -[0m
2026-02-16 12:12:24 info: [0mGET /api/v1/soil/data [36m304[0m 3.129 ms - -[0m
2026-02-16 12:12:24 info: [0mGET /api/v1/soil/data [36m304[0m 3.169 ms - -[0m
2026-02-16 12:12:24 info: [0mGET /api/v1/soil/ideals [36m304[0m 0.473 ms - -[0m
2026-02-16 12:12:24 info: [0mGET /api/v1/soil/ideals [36m304[0m 0.651 ms - -[0m
2026-02-16 12:13:59 info: [0mGET /api/v1/soil/table?type=macro&mode=count [32m200[0m 2.600 ms - 707[0m
2026-02-16 12:14:18 info: [0mGET /api/v1/soil/data [36m304[0m 4.069 ms - -[0m
2026-02-16 12:14:18 info: [0mGET /api/v1/soil/data [36m304[0m 2.392 ms - -[0m
2026-02-16 12:14:18 info: [0mGET /api/v1/soil/ideals [36m304[0m 0.300 ms - -[0m
2026-02-16 12:14:18 info: [0mGET /api/v1/soil/ideals [36m304[0m 0.325 ms - -[0m
2026-02-16 12:14:19 info: [0mGET /api/v1/soil/data [36m304[0m 3.645 ms - -[0m
2026-02-16 12:14:19 info: [0mGET /api/v1/soil/ideals [36m304[0m 0.796 ms - -[0m
2026-02-16 12:14:19 info: [0mGET /api/v1/soil/data [36m304[0m 4.353 ms - -[0m
2026-02-16 12:14:19 info: [0mGET /api/v1/soil/ideals [36m304[0m 0.810 ms - -[0m
2026-02-16 12:14:33 info: [0mGET /api/v1/soil/table?start=2026-02-16T00:00:00.000Z&end=2026-02-16T00:00:00.000Z&type=macro&mode=count [36m304[0m 5.030 ms - -[0m
2026-02-16 12:14:33 info: [0mGET /api/v1/soil/table?start=2026-02-16T00:00:00.000Z&end=2026-02-16T00:00:00.000Z&type=macro&mode=count [36m304[0m 4.752 ms - -[0m
2026-02-16 12:14:34 info: [0mGET /api/v1/soil/table?start=2026-02-16T00:00:00.000Z&end=2026-02-16T00:00:00.000Z&type=micro&mode=count [36m304[0m 4.578 ms - -[0m
2026-02-16 12:14:35 info: [0mGET /api/v1/soil/table?start=2026-02-16T00:00:00.000Z&end=2026-02-16T00:00:00.000Z&type=macro&mode=count [36m304[0m 4.287 ms - -[0m
2026-02-16 12:14:36 info: [0mGET /api/v1/soil/table?start=2026-02-16T00:00:00.000Z&end=2026-02-16T00:00:00.000Z&type=macro&mode=percentage [36m304[0m 6.709 ms - -[0m
2026-02-16 12:14:36 info: [0mGET /api/v1/soil/table?start=2026-02-16T00:00:00.000Z&end=2026-02-16T00:00:00.000Z&type=macro&mode=count [36m304[0m 4.985 ms - -[0m
2026-02-16 12:14:37 info: [0mGET /api/v1/reports/plant?start=2026-02-16T00%3A00%3A00.000Z&stop=2026-02-16T00%3A00%3A00.000Z [36m304[0m 12.761 ms - -[0m
2026-02-16 12:14:37 info: [0mGET /api/v1/soil/data?limit=200&start=2026-02-16T00%3A00%3A00.000Z&end=2026-02-16T00%3A00%3A00.000Z [36m304[0m 10.779 ms - -[0m
2026-02-16 12:14:37 info: [0mGET /api/v1/reports/plant?start=2026-02-16T00%3A00%3A00.000Z&stop=2026-02-16T00%3A00%3A00.000Z [36m304[0m 6.190 ms - -[0m
2026-02-16 12:14:37 info: [0mGET /api/v1/soil/data?limit=200&start=2026-02-16T00%3A00%3A00.000Z&end=2026-02-16T00%3A00%3A00.000Z [36m304[0m 4.391 ms - -[0m
2026-02-16 12:14:37 info: [0mGET /api/v1/reports/plant?start=2026-02-16T00%3A00%3A00.000Z&stop=2026-02-16T00%3A00%3A00.000Z [36m304[0m 4.515 ms - -[0m
2026-02-16 12:14:37 info: [0mGET /api/v1/reports/plant?start=2026-02-16T00%3A00%3A00.000Z&stop=2026-02-16T00%3A00%3A00.000Z [36m304[0m 3.548 ms - -[0m
2026-02-16 12:14:41 info: [0mGET /api/v1/reports/plant?start=2026-02-16T00%3A00%3A00.000Z&stop=2026-02-17T00%3A00%3A00.000Z [32m200[0m 7.780 ms - 96[0m
2026-02-16 12:14:41 info: [0mGET /api/v1/soil/data?limit=200&start=2026-02-16T00%3A00%3A00.000Z&end=2026-02-17T00%3A00%3A00.000Z [32m200[0m 6.754 ms - 1471[0m
2026-02-16 12:14:41 info: [0mGET /api/v1/reports/plant?start=2026-02-16T00%3A00%3A00.000Z&stop=2026-02-17T00%3A00%3A00.000Z [36m304[0m 3.862 ms - -[0m
2026-02-16 12:14:47 info: [0mGET /api/v1/soil/data?limit=200&start=2026-02-16T00%3A00%3A00.000Z&end=2026-02-16T00%3A00%3A00.000Z [36m304[0m 3.480 ms - -[0m
2026-02-16 12:14:47 info: [0mGET /api/v1/reports/plant?start=2026-02-16T00%3A00%3A00.000Z&stop=2026-02-16T00%3A00%3A00.000Z [36m304[0m 3.422 ms - -[0m
2026-02-16 12:14:47 info: [0mGET /api/v1/reports/plant?start=2026-02-16T00%3A00%3A00.000Z&stop=2026-02-16T00%3A00%3A00.000Z [36m304[0m 4.163 ms - -[0m
2026-02-16 12:14:51 info: [0mGET /api/v1/reports/plant?start=2026-02-16T00%3A00%3A00.000Z&stop=2026-02-17T00%3A00%3A00.000Z [36m304[0m 3.603 ms - -[0m
2026-02-16 12:14:51 info: [0mGET /api/v1/soil/data?limit=200&start=2026-02-16T00%3A00%3A00.000Z&end=2026-02-17T00%3A00%3A00.000Z [36m304[0m 3.977 ms - -[0m
2026-02-16 12:14:51 info: [0mGET /api/v1/reports/plant?start=2026-02-16T00%3A00%3A00.000Z&stop=2026-02-17T00%3A00%3A00.000Z [36m304[0m 3.522 ms - -[0m
2026-02-16 12:14:53 info: [0mGET /api/v1/soil/table?start=2026-02-16T00:00:00.000Z&end=2026-02-17T00:00:00.000Z&type=macro&mode=count [32m200[0m 4.204 ms - 707[0m
2026-02-16 12:14:53 info: [0mGET /api/v1/soil/table?start=2026-02-16T00:00:00.000Z&end=2026-02-17T00:00:00.000Z&type=macro&mode=count [36m304[0m 3.362 ms - -[0m
2026-02-16 12:14:54 info: [0mGET /api/v1/reports/plant?start=2026-02-16T00%3A00%3A00.000Z&stop=2026-02-17T00%3A00%3A00.000Z [36m304[0m 7.720 ms - -[0m
2026-02-16 12:14:54 info: [0mGET /api/v1/soil/data?limit=200&start=2026-02-16T00%3A00%3A00.000Z&end=2026-02-17T00%3A00%3A00.000Z [36m304[0m 66.299 ms - -[0m
2026-02-16 12:14:54 info: [0mGET /api/v1/reports/plant?start=2026-02-16T00%3A00%3A00.000Z&stop=2026-02-17T00%3A00%3A00.000Z [36m304[0m 55.475 ms - -[0m
2026-02-16 12:14:54 info: [0mGET /api/v1/soil/data?limit=200&start=2026-02-16T00%3A00%3A00.000Z&end=2026-02-17T00%3A00%3A00.000Z [36m304[0m 5.072 ms - -[0m
2026-02-16 12:14:54 info: [0mGET /api/v1/reports/plant?start=2026-02-16T00%3A00%3A00.000Z&stop=2026-02-17T00%3A00%3A00.000Z [36m304[0m 4.986 ms - -[0m
2026-02-16 12:14:54 info: [0mGET /api/v1/reports/plant?start=2026-02-16T00%3A00%3A00.000Z&stop=2026-02-17T00%3A00%3A00.000Z [36m304[0m 3.695 ms - -[0m
2026-02-16 12:14:55 info: [0mGET /api/v1/soil/data [36m304[0m 2.799 ms - -[0m
2026-02-16 12:14:55 info: [0mGET /api/v1/soil/data [36m304[0m 4.919 ms - -[0m
2026-02-16 12:14:55 info: [0mGET /api/v1/soil/ideals [36m304[0m 0.528 ms - -[0m
2026-02-16 12:14:55 info: [0mGET /api/v1/soil/ideals [36m304[0m 0.578 ms - -[0m
2026-02-16 12:14:58 info: [0mGET /api/v1/soil/ideals [36m304[0m 0.424 ms - -[0m
2026-02-16 12:14:58 info: [0mGET /api/v1/soil/data [36m304[0m 5.311 ms - -[0m
2026-02-16 12:14:58 info: [0mGET /api/v1/soil/ideals [36m304[0m 0.607 ms - -[0m
2026-02-16 12:14:58 info: [0mGET /api/v1/soil/data [36m304[0m 2.979 ms - -[0m
2026-02-16 12:18:33 info: [0mPOST /api/v1/soil/data [32m201[0m 8.398 ms - 358[0m
2026-02-16 12:19:02 info: [0mGET /api/v1/soil/ideals [36m304[0m 0.504 ms - -[0m
2026-02-16 12:19:02 info: [0mGET /api/v1/soil/data [32m200[0m 4.987 ms - 1746[0m
2026-02-16 12:19:02 info: [0mGET /api/v1/soil/ideals [36m304[0m 0.570 ms - -[0m
2026-02-16 12:19:02 info: [0mGET /api/v1/soil/data [36m304[0m 3.171 ms - -[0m
2026-02-16 12:19:04 info: [0mGET /api/v1/soil/data [36m304[0m 3.580 ms - -[0m
2026-02-16 12:19:04 info: [0mGET /api/v1/soil/data [36m304[0m 3.613 ms - -[0m
2026-02-16 12:19:04 info: [0mGET /api/v1/soil/ideals [36m304[0m 0.359 ms - -[0m
2026-02-16 12:19:04 info: [0mGET /api/v1/soil/ideals [36m304[0m 0.309 ms - -[0m
2026-02-16 12:19:42 info: [0mGET /api/v1/soil/ideals [36m304[0m 0.344 ms - -[0m
2026-02-16 12:19:42 info: [0mGET /api/v1/soil/data [36m304[0m 5.102 ms - -[0m
2026-02-16 12:19:42 info: [0mGET /api/v1/soil/ideals [36m304[0m 0.364 ms - -[0m
2026-02-16 12:19:42 info: [0mGET /api/v1/soil/data [36m304[0m 3.963 ms - -[0m
2026-02-16 12:20:34 info: [0mGET /api/v1/soil/data [36m304[0m 4.792 ms - -[0m
2026-02-16 12:20:34 info: [0mGET /api/v1/soil/data [36m304[0m 4.974 ms - -[0m
2026-02-16 12:20:34 info: [0mGET /api/v1/soil/ideals [36m304[0m 0.568 ms - -[0m
2026-02-16 12:20:34 info: [0mGET /api/v1/soil/ideals [36m304[0m 0.613 ms - -[0m
2026-02-16 12:21:04 info: [0mGET /api/v1/reports/plant?start=2026-02-16T00%3A00%3A00.000Z&stop=2026-02-17T00%3A00%3A00.000Z [36m304[0m 3.634 ms - -[0m
2026-02-16 12:21:04 info: [0mGET /api/v1/soil/data?limit=200&start=2026-02-16T00%3A00%3A00.000Z&end=2026-02-17T00%3A00%3A00.000Z [32m200[0m 3.903 ms - 1746[0m
2026-02-16 12:21:04 info: [0mGET /api/v1/reports/plant?start=2026-02-16T00%3A00%3A00.000Z&stop=2026-02-17T00%3A00%3A00.000Z [36m304[0m 3.461 ms - -[0m
2026-02-16 12:21:04 info: [0mGET /api/v1/soil/data?limit=200&start=2026-02-16T00%3A00%3A00.000Z&end=2026-02-17T00%3A00%3A00.000Z [36m304[0m 3.609 ms - -[0m
2026-02-16 12:21:04 info: [0mGET /api/v1/reports/plant?start=2026-02-16T00%3A00%3A00.000Z&stop=2026-02-17T00%3A00%3A00.000Z [36m304[0m 2.980 ms - -[0m
2026-02-16 12:21:04 info: [0mGET /api/v1/reports/plant?start=2026-02-16T00%3A00%3A00.000Z&stop=2026-02-17T00%3A00%3A00.000Z [36m304[0m 3.615 ms - -[0m
2026-02-16 12:21:09 info: [0mGET /api/v1/reports/plant?start=2026-02-16T00%3A00%3A00.000Z&stop=2026-02-17T00%3A00%3A00.000Z [36m304[0m 3.701 ms - -[0m
2026-02-16 12:21:09 info: [0mGET /api/v1/soil/data?limit=500 [32m200[0m 4.091 ms - 1746[0m
2026-02-16 12:21:27 info: [0mGET /api/v1/soil/data [36m304[0m 8.026 ms - -[0m
2026-02-16 12:21:27 info: [0mGET /api/v1/soil/data [36m304[0m 4.217 ms - -[0m
2026-02-16 12:21:27 info: [0mGET /api/v1/soil/ideals [36m304[0m 0.555 ms - -[0m
2026-02-16 12:21:27 info: [0mGET /api/v1/soil/ideals [36m304[0m 0.934 ms - -[0m
2026-02-16 12:21:58 info: [0mGET /api/v1/reports/plant?start=2026-02-16T00%3A00%3A00.000Z&stop=2026-02-17T00%3A00%3A00.000Z [36m304[0m 9.218 ms - -[0m
2026-02-16 12:21:58 info: [0mGET /api/v1/soil/data?limit=200&start=2026-02-16T00%3A00%3A00.000Z&end=2026-02-17T00%3A00%3A00.000Z [36m304[0m 10.474 ms - -[0m
2026-02-16 12:21:58 info: [0mGET /api/v1/reports/plant?start=2026-02-16T00%3A00%3A00.000Z&stop=2026-02-17T00%3A00%3A00.000Z [36m304[0m 4.700 ms - -[0m
2026-02-16 12:21:58 info: [0mGET /api/v1/soil/data?limit=200&start=2026-02-16T00%3A00%3A00.000Z&end=2026-02-17T00%3A00%3A00.000Z [36m304[0m 5.730 ms - -[0m
2026-02-16 12:21:58 info: [0mGET /api/v1/reports/plant?start=2026-02-16T00%3A00%3A00.000Z&stop=2026-02-17T00%3A00%3A00.000Z [36m304[0m 4.495 ms - -[0m
2026-02-16 12:21:58 info: [0mGET /api/v1/reports/plant?start=2026-02-16T00%3A00%3A00.000Z&stop=2026-02-17T00%3A00%3A00.000Z [36m304[0m 5.309 ms - -[0m
2026-02-16 12:22:10 info: [0mGET /api/v1/soil/data [36m304[0m 4.844 ms - -[0m
2026-02-16 12:22:10 info: [0mGET /api/v1/soil/data [36m304[0m 4.618 ms - -[0m
2026-02-16 12:22:10 info: [0mGET /api/v1/soil/ideals [36m304[0m 0.672 ms - -[0m
2026-02-16 12:22:10 info: [0mGET /api/v1/soil/ideals [36m304[0m 0.731 ms - -[0m
2026-02-16 12:22:22 info: [0mGET /api/v1/soil/table?start=2026-02-16T00:00:00.000Z&end=2026-02-17T00:00:00.000Z&type=macro&mode=count [32m200[0m 3.724 ms - 821[0m
2026-02-16 12:22:22 info: [0mGET /api/v1/soil/table?start=2026-02-16T00:00:00.000Z&end=2026-02-17T00:00:00.000Z&type=macro&mode=count [36m304[0m 4.216 ms - -[0m
2026-02-16 12:22:26 info: [0mGET /api/v1/soil/table?start=2026-02-16T00:00:00.000Z&end=2026-02-17T00:00:00.000Z&type=macro&mode=percentage [32m200[0m 11.490 ms - 847[0m
2026-02-16 12:22:27 info: [0mGET /api/v1/soil/table?start=2026-02-16T00:00:00.000Z&end=2026-02-17T00:00:00.000Z&type=macro&mode=count [36m304[0m 4.035 ms - -[0m
2026-02-16 12:22:28 info: [0mGET /api/v1/soil/table?start=2026-02-16T00:00:00.000Z&end=2026-02-17T00:00:00.000Z&type=macro&mode=percentage [36m304[0m 4.906 ms - -[0m
2026-02-16 12:22:30 info: [0mGET /api/v1/soil/table?start=2026-02-16T00:00:00.000Z&end=2026-02-17T00:00:00.000Z&type=macro&mode=count [36m304[0m 4.428 ms - -[0m
2026-02-16 12:22:30 info: [0mGET /api/v1/soil/table?start=2026-02-16T00:00:00.000Z&end=2026-02-17T00:00:00.000Z&type=macro&mode=percentage [36m304[0m 5.327 ms - -[0m
2026-02-16 12:22:31 info: [0mGET /api/v1/soil/table?start=2026-02-16T00:00:00.000Z&end=2026-02-17T00:00:00.000Z&type=macro&mode=count [36m304[0m 4.395 ms - -[0m
2026-02-16 12:22:33 info: [0mGET /api/v1/soil/data [36m304[0m 3.376 ms - -[0m
2026-02-16 12:22:33 info: [0mGET /api/v1/soil/data [36m304[0m 2.858 ms - -[0m
2026-02-16 12:22:33 info: [0mGET /api/v1/soil/ideals [36m304[0m 0.422 ms - -[0m
2026-02-16 12:22:33 info: [0mGET /api/v1/soil/ideals [36m304[0m 0.602 ms - -[0m
