2026-02-21 08:58:24 info: [0mPOST /api/v1/auth/login [32m200[0m 388.918 ms - 794[0m
2026-02-21 08:58:25 info: [0mGET /api/v1/soil/data [36m304[0m 30.978 ms - -[0m
2026-02-21 08:58:25 info: [0mGET /api/v1/soil/data [36m304[0m 13.283 ms - -[0m
2026-02-21 08:58:25 info: [0mGET /api/v1/soil/ideals [36m304[0m 1.121 ms - -[0m
2026-02-21 08:58:25 info: [0mGET /api/v1/soil/ideals [36m304[0m 0.852 ms - -[0m
2026-02-21 08:58:27 info: [0mGET /api/v1/soil/table?start=2025-12-20T00:00:00.000Z&end=2025-12-29T00:00:00.000Z&type=macro&mode=count [32m200[0m 7.981 ms - 138[0m
2026-02-21 08:58:27 info: [0mGET /api/v1/soil/table?start=2025-12-20T00:00:00.000Z&end=2025-12-29T00:00:00.000Z&type=macro&mode=count [36m304[0m 6.462 ms - -[0m
2026-02-21 08:58:27 info: [0mGET /api/v1/soil/table?start=2025-12-20T00:00:00.000Z&end=2025-12-29T00:00:00.000Z&type=macro&mode=count [36m304[0m 6.193 ms - -[0m
2026-02-21 08:58:27 info: [0mGET /api/v1/soil/data?start=2025-12-20T00:00:00.000Z&end=2025-12-29T00:00:00.000Z&limit=100 [32m200[0m 8.721 ms - 86[0m
2026-02-21 08:58:27 info: [0mGET /api/v1/soil/data?start=2025-12-20T00:00:00.000Z&end=2025-12-29T00:00:00.000Z&limit=100 [36m304[0m 7.261 ms - -[0m
2026-02-21 08:58:27 info: [0mGET /api/v1/soil/ideals [36m304[0m 0.852 ms - -[0m
2026-02-21 08:58:27 info: [0mGET /api/v1/soil/data?start=2025-12-20T00:00:00.000Z&end=2025-12-29T00:00:00.000Z&limit=100 [36m304[0m 7.908 ms - -[0m
2026-02-21 08:58:27 info: [0mGET /api/v1/soil/ideals [36m304[0m 0.897 ms - -[0m
2026-02-21 08:58:27 info: [0mGET /api/v1/soil/ideals [36m304[0m 0.838 ms - -[0m
2026-02-21 08:58:28 info: [0mGET /api/v1/soil/data [36m304[0m 10.773 ms - -[0m
2026-02-21 08:58:28 info: [0mGET /api/v1/soil/data [36m304[0m 9.439 ms - -[0m
2026-02-21 08:58:28 info: [0mGET /api/v1/soil/ideals [36m304[0m 0.671 ms - -[0m
2026-02-21 08:58:28 info: [0mGET /api/v1/soil/ideals [36m304[0m 0.687 ms - -[0m
2026-02-21 08:59:46 info: [0mGET /api/v1/soil/data?start=2025-12-20T00%3A00%3A00.000Z&end=2025-12-29T00%3A00%3A00.000Z&limit=500 [32m200[0m 4.115 ms - 86[0m
2026-02-21 08:59:46 info: [0mGET /api/v1/soil/data?start=2025-12-20T00%3A00%3A00.000Z&end=2025-12-29T00%3A00%3A00.000Z&limit=500 [36m304[0m 4.033 ms - -[0m
2026-02-21 08:59:46 info: [0mGET /api/v1/soil/ideals [36m304[0m 0.318 ms - -[0m
2026-02-21 08:59:47 info: [0mGET /api/v1/soil/data?start=2025-12-20T00%3A00%3A00.000Z&end=2025-12-29T00%3A00%3A00.000Z&limit=500 [36m304[0m 5.021 ms - -[0m
2026-02-21 08:59:47 info: [0mGET /api/v1/soil/data?start=2025-12-20T00%3A00%3A00.000Z&end=2025-12-29T00%3A00%3A00.000Z&limit=500 [36m304[0m 6.689 ms - -[0m
2026-02-21 08:59:48 info: [0mGET /api/v1/soil/ideals [32m200[0m 0.580 ms - 277[0m
2026-02-21 08:59:48 info: [0mGET /api/v1/soil/ideals [36m304[0m 0.620 ms - -[0m
2026-02-21 09:01:01 info: [0mGET /api/v1/soil/data?start=2025-12-20T00%3A00%3A00.000Z&end=2025-12-29T00%3A00%3A00.000Z&limit=500 [36m304[0m 4.421 ms - -[0m
2026-02-21 09:01:01 info: [0mGET /api/v1/soil/data?start=2025-12-20T00%3A00%3A00.000Z&end=2025-12-29T00%3A00%3A00.000Z&limit=500 [36m304[0m 3.069 ms - -[0m
2026-02-21 09:01:01 info: [0mGET /api/v1/soil/ideals [36m304[0m 0.716 ms - -[0m
2026-02-21 09:01:01 info: [0mGET /api/v1/soil/ideals [36m304[0m 0.360 ms - -[0m
2026-02-21 09:01:18 info: [0mGET /api/v1/soil/data?start=2025-12-20T00%3A00%3A00.000Z&end=2025-12-29T00%3A00%3A00.000Z&limit=500 [36m304[0m 20.739 ms - -[0m
2026-02-21 09:01:18 info: [0mGET /api/v1/soil/data?start=2025-12-20T00%3A00%3A00.000Z&end=2025-12-29T00%3A00%3A00.000Z&limit=500 [36m304[0m 5.093 ms - -[0m
2026-02-21 09:01:18 info: [0mGET /api/v1/soil/ideals [32m200[0m 1.438 ms - 278[0m
2026-02-21 09:01:18 info: [0mGET /api/v1/soil/ideals [36m304[0m 0.464 ms - -[0m
2026-02-21 09:01:47 info: [0mPOST /api/v1/auth/login [32m200[0m 282.570 ms - 794[0m
2026-02-21 09:01:47 info: [0mGET /api/v1/soil/data?start=2025-12-20T00%3A00%3A00.000Z&end=2025-12-29T00%3A00%3A00.000Z&limit=500 [36m304[0m 4.762 ms - -[0m
2026-02-21 09:01:47 info: [0mGET /api/v1/soil/data?start=2025-12-20T00%3A00%3A00.000Z&end=2025-12-29T00%3A00%3A00.000Z&limit=500 [36m304[0m 3.654 ms - -[0m
2026-02-21 09:01:47 info: [0mGET /api/v1/soil/ideals [36m304[0m 0.608 ms - -[0m
2026-02-21 09:01:48 info: [0mGET /api/v1/soil/ideals [36m304[0m 0.523 ms - -[0m
2026-02-21 09:01:50 info: [0mGET /api/v1/soil/table?start=2025-12-20T00:00:00.000Z&end=2025-12-29T00:00:00.000Z&type=macro&mode=count&limit=500 [32m200[0m 3.561 ms - 138[0m
2026-02-21 09:01:50 info: [0mGET /api/v1/soil/table?start=2025-12-20T00:00:00.000Z&end=2025-12-29T00:00:00.000Z&type=macro&mode=count&limit=500 [36m304[0m 5.630 ms - -[0m
2026-02-21 09:01:50 info: [0mGET /api/v1/soil/data?start=2025-12-20T00:00:00.000Z&end=2025-12-29T00:00:00.000Z&limit=500 [32m200[0m 4.248 ms - 86[0m
2026-02-21 09:01:50 info: [0mGET /api/v1/soil/data?start=2025-12-20T00:00:00.000Z&end=2025-12-29T00:00:00.000Z&limit=500 [36m304[0m 4.203 ms - -[0m
2026-02-21 09:01:50 info: [0mGET /api/v1/soil/ideals [36m304[0m 0.676 ms - -[0m
2026-02-21 09:01:50 info: [0mGET /api/v1/soil/ideals [36m304[0m 0.626 ms - -[0m
2026-02-21 09:01:52 info: [0mGET /api/v1/soil/data?limit=500&start=2025-12-20T00%3A00%3A00.000Z&end=2025-12-29T00%3A00%3A00.000Z [32m200[0m 3.963 ms - 86[0m
2026-02-21 09:01:52 info: [0mGET /api/v1/soil/data?limit=500&start=2025-12-20T00%3A00%3A00.000Z&end=2025-12-29T00%3A00%3A00.000Z [36m304[0m 3.265 ms - -[0m
2026-02-21 09:01:52 info: [0mGET /api/v1/reports/plant?start=2025-12-20T00%3A00%3A00.000Z&stop=2025-12-29T00%3A00%3A00.000Z [32m200[0m 71.202 ms - 26191[0m
2026-02-21 09:01:52 info: [0mGET /api/v1/reports/plant?start=2025-12-20T00%3A00%3A00.000Z&stop=2025-12-29T00%3A00%3A00.000Z [36m304[0m 9.085 ms - -[0m
2026-02-21 09:01:52 info: [0mGET /api/v1/soil/ideals [36m304[0m 0.297 ms - -[0m
2026-02-21 09:01:52 info: [0mGET /api/v1/soil/ideals [36m304[0m 0.316 ms - -[0m
2026-02-21 09:01:52 info: [0mGET /api/v1/reports/plant?start=2025-12-20T00%3A00%3A00.000Z&stop=2025-12-29T00%3A00%3A00.000Z [36m304[0m 7.016 ms - -[0m
2026-02-21 09:01:52 info: [0mGET /api/v1/reports/plant?start=2025-12-20T00%3A00%3A00.000Z&stop=2025-12-29T00%3A00%3A00.000Z [36m304[0m 6.656 ms - -[0m
2026-02-21 09:01:54 info: [0mGET /api/v1/soil/data?start=2025-12-20T00%3A00%3A00.000Z&end=2025-12-29T00%3A00%3A00.000Z&limit=500 [36m304[0m 4.623 ms - -[0m
2026-02-21 09:01:54 info: [0mGET /api/v1/soil/ideals [36m304[0m 0.523 ms - -[0m
2026-02-21 09:01:54 info: [0mGET /api/v1/soil/data?start=2025-12-20T00%3A00%3A00.000Z&end=2025-12-29T00%3A00%3A00.000Z&limit=500 [36m304[0m 4.803 ms - -[0m
2026-02-21 09:01:54 info: [0mGET /api/v1/soil/ideals [36m304[0m 1.218 ms - -[0m
2026-02-21 09:01:57 info: [0mGET /api/v1/soil/data?start=2025-12-20T00%3A00%3A00.000Z&end=2025-12-29T00%3A00%3A00.000Z&limit=500 [36m304[0m 5.176 ms - -[0m
2026-02-21 09:01:57 info: [0mGET /api/v1/soil/data?start=2025-12-20T00%3A00%3A00.000Z&end=2025-12-29T00%3A00%3A00.000Z&limit=500 [36m304[0m 4.332 ms - -[0m
2026-02-21 09:01:57 info: [0mGET /api/v1/soil/ideals [36m304[0m 0.628 ms - -[0m
2026-02-21 09:01:57 info: [0mGET /api/v1/soil/ideals [36m304[0m 0.477 ms - -[0m
2026-02-21 09:06:01 info: [0mGET /api/v1/soil/data?start=2025-12-20T00%3A00%3A00.000Z&end=2025-12-29T00%3A00%3A00.000Z&limit=500 [36m304[0m 4.965 ms - -[0m
2026-02-21 09:06:02 info: [0mGET /api/v1/soil/data?start=2025-12-20T00%3A00%3A00.000Z&end=2025-12-29T00%3A00%3A00.000Z&limit=500 [36m304[0m 7.154 ms - -[0m
2026-02-21 09:06:02 info: [0mGET /api/v1/soil/ideals [36m304[0m 0.625 ms - -[0m
2026-02-21 09:06:02 info: [0mGET /api/v1/soil/ideals [36m304[0m 0.612 ms - -[0m
2026-02-21 09:06:04 info: [0mGET /api/v1/soil/data?start=2026-01-01T00%3A00%3A00.000Z&end=2026-02-20T00%3A00%3A00.000Z&limit=500 [32m200[0m 10.899 ms - 12620[0m
2026-02-21 09:06:05 info: [0mGET /api/v1/soil/ideals [36m304[0m 0.663 ms - -[0m
2026-02-21 09:06:10 info: [0mGET /api/v1/soil/table?start=2026-01-01T00:00:00.000Z&end=2026-02-20T00:00:00.000Z&type=macro&mode=count&limit=500 [32m200[0m 26.985 ms - 4289[0m
2026-02-21 09:06:11 info: [0mGET /api/v1/soil/table?start=2026-01-01T00:00:00.000Z&end=2026-02-20T00:00:00.000Z&type=macro&mode=count&limit=500 [36m304[0m 14.486 ms - -[0m
2026-02-21 09:06:11 info: [0mGET /api/v1/soil/data?start=2026-01-01T00:00:00.000Z&end=2026-02-20T00:00:00.000Z&limit=500 [32m200[0m 8.760 ms - 12620[0m
2026-02-21 09:06:11 info: [0mGET /api/v1/soil/data?start=2026-01-01T00:00:00.000Z&end=2026-02-20T00:00:00.000Z&limit=500 [36m304[0m 8.438 ms - -[0m
2026-02-21 09:06:11 info: [0mGET /api/v1/soil/ideals [36m304[0m 0.936 ms - -[0m
2026-02-21 09:06:11 info: [0mGET /api/v1/soil/ideals [36m304[0m 0.503 ms - -[0m
2026-02-21 09:06:12 info: [0mGET /api/v1/soil/table?start=2026-01-01T00:00:00.000Z&end=2026-02-20T00:00:00.000Z&type=micro&mode=count&limit=500 [32m200[0m 15.778 ms - 3971[0m
2026-02-21 09:06:12 info: [0mGET /api/v1/soil/data?start=2026-01-01T00:00:00.000Z&end=2026-02-20T00:00:00.000Z&limit=500 [36m304[0m 7.782 ms - -[0m
2026-02-21 09:06:12 info: [0mGET /api/v1/soil/ideals [36m304[0m 0.638 ms - -[0m
2026-02-21 09:06:14 info: [0mGET /api/v1/soil/table?start=2026-01-01T00:00:00.000Z&end=2026-02-20T00:00:00.000Z&type=micro&mode=percentage&limit=500 [32m200[0m 11.920 ms - 4031[0m
2026-02-21 09:06:14 info: [0mGET /api/v1/soil/data?start=2026-01-01T00:00:00.000Z&end=2026-02-20T00:00:00.000Z&limit=500 [36m304[0m 6.785 ms - -[0m
2026-02-21 09:06:14 info: [0mGET /api/v1/soil/ideals [36m304[0m 0.506 ms - -[0m
2026-02-21 09:06:16 info: [0mGET /api/v1/soil/table?start=2026-01-01T00:00:00.000Z&end=2026-02-20T00:00:00.000Z&type=micro&mode=count&limit=500 [36m304[0m 12.349 ms - -[0m
2026-02-21 09:06:16 info: [0mGET /api/v1/soil/data?start=2026-01-01T00:00:00.000Z&end=2026-02-20T00:00:00.000Z&limit=500 [36m304[0m 7.622 ms - -[0m
2026-02-21 09:06:16 info: [0mGET /api/v1/soil/ideals [36m304[0m 0.566 ms - -[0m
2026-02-21 09:06:16 info: [0mGET /api/v1/soil/table?start=2026-01-01T00:00:00.000Z&end=2026-02-20T00:00:00.000Z&type=micro&mode=percentage&limit=500 [36m304[0m 14.109 ms - -[0m
2026-02-21 09:06:16 info: [0mGET /api/v1/soil/data?start=2026-01-01T00:00:00.000Z&end=2026-02-20T00:00:00.000Z&limit=500 [36m304[0m 7.084 ms - -[0m
2026-02-21 09:06:16 info: [0mGET /api/v1/soil/ideals [36m304[0m 0.665 ms - -[0m
2026-02-21 09:06:17 info: [0mGET /api/v1/soil/data?limit=500&start=2026-01-01T00%3A00%3A00.000Z&end=2026-02-20T00%3A00%3A00.000Z [32m200[0m 8.664 ms - 12620[0m
2026-02-21 09:06:18 info: [0mGET /api/v1/reports/plant?start=2026-01-01T00%3A00%3A00.000Z&stop=2026-02-20T00%3A00%3A00.000Z [32m200[0m 16.069 ms - 41198[0m
2026-02-21 09:06:18 info: [0mGET /api/v1/soil/data?limit=500&start=2026-01-01T00%3A00%3A00.000Z&end=2026-02-20T00%3A00%3A00.000Z [36m304[0m 10.738 ms - -[0m
2026-02-21 09:06:18 info: [0mGET /api/v1/soil/ideals [36m304[0m 0.569 ms - -[0m
2026-02-21 09:06:18 info: [0mGET /api/v1/reports/plant?start=2026-01-01T00%3A00%3A00.000Z&stop=2026-02-20T00%3A00%3A00.000Z [36m304[0m 10.374 ms - -[0m
2026-02-21 09:06:18 info: [0mGET /api/v1/soil/ideals [36m304[0m 0.521 ms - -[0m
2026-02-21 09:06:18 info: [0mGET /api/v1/reports/plant?start=2026-01-01T00%3A00%3A00.000Z&stop=2026-02-20T00%3A00%3A00.000Z [36m304[0m 8.430 ms - -[0m
2026-02-21 09:06:18 info: [0mGET /api/v1/reports/plant?start=2026-01-01T00%3A00%3A00.000Z&stop=2026-02-20T00%3A00%3A00.000Z [36m304[0m 8.501 ms - -[0m
2026-02-21 09:06:20 info: [0mGET /api/v1/soil/table?start=2026-01-01T00:00:00.000Z&end=2026-02-20T00:00:00.000Z&type=macro&mode=count&limit=500 [36m304[0m 12.732 ms - -[0m
2026-02-21 09:06:20 info: [0mGET /api/v1/soil/table?start=2026-01-01T00:00:00.000Z&end=2026-02-20T00:00:00.000Z&type=macro&mode=count&limit=500 [36m304[0m 37.499 ms - -[0m
2026-02-21 09:06:20 info: [0mGET /api/v1/soil/data?start=2026-01-01T00:00:00.000Z&end=2026-02-20T00:00:00.000Z&limit=500 [36m304[0m 7.241 ms - -[0m
2026-02-21 09:06:20 info: [0mGET /api/v1/soil/data?start=2026-01-01T00:00:00.000Z&end=2026-02-20T00:00:00.000Z&limit=500 [36m304[0m 6.315 ms - -[0m
2026-02-21 09:06:20 info: [0mGET /api/v1/soil/ideals [36m304[0m 1.020 ms - -[0m
2026-02-21 09:06:20 info: [0mGET /api/v1/soil/ideals [36m304[0m 0.448 ms - -[0m
2026-02-21 09:06:21 info: [0mGET /api/v1/soil/table?start=2026-01-01T00:00:00.000Z&end=2026-02-20T00:00:00.000Z&type=macro&mode=percentage&limit=500 [32m200[0m 6.508 ms - 4338[0m
2026-02-21 09:06:21 info: [0mGET /api/v1/soil/data?start=2026-01-01T00:00:00.000Z&end=2026-02-20T00:00:00.000Z&limit=500 [36m304[0m 4.930 ms - -[0m
2026-02-21 09:06:21 info: [0mGET /api/v1/soil/ideals [36m304[0m 0.580 ms - -[0m
2026-02-21 09:06:22 info: [0mGET /api/v1/soil/table?start=2026-01-01T00:00:00.000Z&end=2026-02-20T00:00:00.000Z&type=micro&mode=percentage&limit=500 [36m304[0m 12.265 ms - -[0m
2026-02-21 09:06:22 info: [0mGET /api/v1/soil/data?start=2026-01-01T00:00:00.000Z&end=2026-02-20T00:00:00.000Z&limit=500 [36m304[0m 6.189 ms - -[0m
2026-02-21 09:06:22 info: [0mGET /api/v1/soil/ideals [36m304[0m 0.559 ms - -[0m
2026-02-21 09:23:50 info: [0mGET /api/v1/soil/table?start=2026-01-01T00:00:00.000Z&end=2026-02-20T00:00:00.000Z&type=macro&mode=count&limit=500 [36m304[0m 5.320 ms - -[0m
2026-02-21 09:23:50 info: [0mGET /api/v1/soil/table?start=2026-01-01T00:00:00.000Z&end=2026-02-20T00:00:00.000Z&type=macro&mode=count&limit=500 [36m304[0m 4.228 ms - -[0m
2026-02-21 09:23:50 info: [0mGET /api/v1/soil/data?start=2026-01-01T00:00:00.000Z&end=2026-02-20T00:00:00.000Z&limit=500 [36m304[0m 3.586 ms - -[0m
2026-02-21 09:23:50 info: [0mGET /api/v1/soil/data?start=2026-01-01T00:00:00.000Z&end=2026-02-20T00:00:00.000Z&limit=500 [36m304[0m 3.315 ms - -[0m
2026-02-21 09:23:50 info: [0mGET /api/v1/soil/ideals [36m304[0m 0.588 ms - -[0m
2026-02-21 09:23:50 info: [0mGET /api/v1/soil/ideals [36m304[0m 0.264 ms - -[0m
2026-02-21 09:25:00 info: [0mGET /api/v1/soil/table?start=2026-01-01T00:00:00.000Z&end=2026-02-20T00:00:00.000Z&type=micro&mode=count&limit=500 [36m304[0m 11.713 ms - -[0m
2026-02-21 09:25:00 info: [0mGET /api/v1/soil/data?start=2026-01-01T00:00:00.000Z&end=2026-02-20T00:00:00.000Z&limit=500 [36m304[0m 6.980 ms - -[0m
2026-02-21 09:25:00 info: [0mGET /api/v1/soil/ideals [36m304[0m 0.604 ms - -[0m
2026-02-21 09:27:37 info: [0mGET /api/v1/soil/table?start=2026-01-01T00:00:00.000Z&end=2026-02-20T00:00:00.000Z&type=micro&mode=percentage&limit=500 [36m304[0m 13.777 ms - -[0m
2026-02-21 09:27:37 info: [0mGET /api/v1/soil/data?start=2026-01-01T00:00:00.000Z&end=2026-02-20T00:00:00.000Z&limit=500 [36m304[0m 6.467 ms - -[0m
2026-02-21 09:27:37 info: [0mGET /api/v1/soil/ideals [36m304[0m 0.566 ms - -[0m
2026-02-21 09:27:40 info: [0mGET /api/v1/soil/table?start=2026-01-01T00:00:00.000Z&end=2026-02-20T00:00:00.000Z&type=macro&mode=count&limit=500 [36m304[0m 7.621 ms - -[0m
2026-02-21 09:27:40 info: [0mGET /api/v1/soil/table?start=2026-01-01T00:00:00.000Z&end=2026-02-20T00:00:00.000Z&type=macro&mode=count&limit=500 [36m304[0m 5.746 ms - -[0m
2026-02-21 09:27:40 info: [0mGET /api/v1/soil/data?start=2026-01-01T00:00:00.000Z&end=2026-02-20T00:00:00.000Z&limit=500 [36m304[0m 5.162 ms - -[0m
2026-02-21 09:27:40 info: [0mGET /api/v1/soil/data?start=2026-01-01T00:00:00.000Z&end=2026-02-20T00:00:00.000Z&limit=500 [36m304[0m 4.799 ms - -[0m
2026-02-21 09:27:40 info: [0mGET /api/v1/soil/ideals [36m304[0m 0.528 ms - -[0m
2026-02-21 09:27:40 info: [0mGET /api/v1/soil/ideals [36m304[0m 0.452 ms - -[0m
2026-02-21 09:27:41 info: [0mGET /api/v1/soil/table?start=2026-01-01T00:00:00.000Z&end=2026-02-20T00:00:00.000Z&type=macro&mode=percentage&limit=500 [36m304[0m 11.565 ms - -[0m
2026-02-21 09:27:41 info: [0mGET /api/v1/soil/data?start=2026-01-01T00:00:00.000Z&end=2026-02-20T00:00:00.000Z&limit=500 [36m304[0m 6.569 ms - -[0m
2026-02-21 09:27:41 info: [0mGET /api/v1/soil/ideals [36m304[0m 0.574 ms - -[0m
2026-02-21 09:27:42 info: [0mGET /api/v1/soil/table?start=2026-01-01T00:00:00.000Z&end=2026-02-20T00:00:00.000Z&type=micro&mode=percentage&limit=500 [36m304[0m 7.163 ms - -[0m
2026-02-21 09:27:42 info: [0mGET /api/v1/soil/data?start=2026-01-01T00:00:00.000Z&end=2026-02-20T00:00:00.000Z&limit=500 [36m304[0m 4.101 ms - -[0m
2026-02-21 09:27:42 info: [0mGET /api/v1/soil/ideals [36m304[0m 0.649 ms - -[0m
2026-02-21 09:27:44 info: [0mGET /api/v1/soil/table?start=2026-01-01T00:00:00.000Z&end=2026-02-20T00:00:00.000Z&type=macro&mode=percentage&limit=500 [36m304[0m 9.560 ms - -[0m
2026-02-21 09:27:44 info: [0mGET /api/v1/soil/data?start=2026-01-01T00:00:00.000Z&end=2026-02-20T00:00:00.000Z&limit=500 [36m304[0m 7.238 ms - -[0m
2026-02-21 09:27:44 info: [0mGET /api/v1/soil/ideals [36m304[0m 0.618 ms - -[0m
2026-02-21 09:30:56 info: [0mGET /api/v1/soil/table?start=2026-01-01T00:00:00.000Z&end=2026-02-20T00:00:00.000Z&type=macro&mode=count&limit=500 [36m304[0m 9.149 ms - -[0m
2026-02-21 09:30:56 info: [0mGET /api/v1/soil/table?start=2026-01-01T00:00:00.000Z&end=2026-02-20T00:00:00.000Z&type=macro&mode=count&limit=500 [36m304[0m 9.173 ms - -[0m
2026-02-21 09:30:56 info: [0mGET /api/v1/soil/data?start=2026-01-01T00:00:00.000Z&end=2026-02-20T00:00:00.000Z&limit=500 [36m304[0m 5.992 ms - -[0m
2026-02-21 09:30:56 info: [0mGET /api/v1/soil/data?start=2026-01-01T00:00:00.000Z&end=2026-02-20T00:00:00.000Z&limit=500 [36m304[0m 7.053 ms - -[0m
2026-02-21 09:30:56 info: [0mGET /api/v1/soil/ideals [36m304[0m 1.145 ms - -[0m
2026-02-21 09:30:56 info: [0mGET /api/v1/soil/ideals [36m304[0m 0.558 ms - -[0m
2026-02-21 09:30:57 info: [0mGET /api/v1/soil/table?start=2026-01-01T00:00:00.000Z&end=2026-02-20T00:00:00.000Z&type=macro&mode=percentage&limit=500 [36m304[0m 10.031 ms - -[0m
2026-02-21 09:30:58 info: [0mGET /api/v1/soil/data?start=2026-01-01T00:00:00.000Z&end=2026-02-20T00:00:00.000Z&limit=500 [36m304[0m 4.620 ms - -[0m
2026-02-21 09:30:58 info: [0mGET /api/v1/soil/ideals [36m304[0m 0.409 ms - -[0m
2026-02-21 09:30:59 info: [0mGET /api/v1/soil/table?start=2026-01-01T00:00:00.000Z&end=2026-02-20T00:00:00.000Z&type=micro&mode=percentage&limit=500 [36m304[0m 6.934 ms - -[0m
2026-02-21 09:30:59 info: [0mGET /api/v1/soil/data?start=2026-01-01T00:00:00.000Z&end=2026-02-20T00:00:00.000Z&limit=500 [36m304[0m 5.814 ms - -[0m
2026-02-21 09:30:59 info: [0mGET /api/v1/soil/ideals [36m304[0m 0.564 ms - -[0m
2026-02-21 09:31:00 info: [0mGET /api/v1/soil/table?start=2026-01-01T00:00:00.000Z&end=2026-02-20T00:00:00.000Z&type=micro&mode=count&limit=500 [36m304[0m 7.930 ms - -[0m
2026-02-21 09:31:00 info: [0mGET /api/v1/soil/data?start=2026-01-01T00:00:00.000Z&end=2026-02-20T00:00:00.000Z&limit=500 [36m304[0m 4.561 ms - -[0m
2026-02-21 09:31:00 info: [0mGET /api/v1/soil/ideals [36m304[0m 0.411 ms - -[0m
2026-02-21 09:31:01 info: [0mGET /api/v1/soil/table?start=2026-01-01T00:00:00.000Z&end=2026-02-20T00:00:00.000Z&type=micro&mode=percentage&limit=500 [36m304[0m 12.538 ms - -[0m
2026-02-21 09:31:01 info: [0mGET /api/v1/soil/data?start=2026-01-01T00:00:00.000Z&end=2026-02-20T00:00:00.000Z&limit=500 [36m304[0m 6.446 ms - -[0m
2026-02-21 09:31:01 info: [0mGET /api/v1/soil/ideals [36m304[0m 0.621 ms - -[0m
2026-02-21 09:33:42 info: [0mGET /api/v1/soil/table?start=2026-01-01T00:00:00.000Z&end=2026-02-20T00:00:00.000Z&type=macro&mode=count&limit=500 [36m304[0m 61.991 ms - -[0m
2026-02-21 09:33:42 info: [0mGET /api/v1/soil/table?start=2026-01-01T00:00:00.000Z&end=2026-02-20T00:00:00.000Z&type=macro&mode=count&limit=500 [36m304[0m 22.356 ms - -[0m
2026-02-21 09:33:42 info: [0mGET /api/v1/soil/data?start=2026-01-01T00:00:00.000Z&end=2026-02-20T00:00:00.000Z&limit=500 [36m304[0m 17.407 ms - -[0m
2026-02-21 09:33:42 info: [0mGET /api/v1/soil/data?start=2026-01-01T00:00:00.000Z&end=2026-02-20T00:00:00.000Z&limit=500 [36m304[0m 12.083 ms - -[0m
2026-02-21 09:33:42 info: [0mGET /api/v1/soil/ideals [36m304[0m 1.171 ms - -[0m
2026-02-21 09:33:42 info: [0mGET /api/v1/soil/ideals [36m304[0m 1.534 ms - -[0m
2026-02-21 09:33:43 info: [0mGET /api/v1/soil/table?start=2026-01-01T00:00:00.000Z&end=2026-02-20T00:00:00.000Z&type=micro&mode=count&limit=500 [36m304[0m 12.861 ms - -[0m
2026-02-21 09:33:43 info: [0mGET /api/v1/soil/data?start=2026-01-01T00:00:00.000Z&end=2026-02-20T00:00:00.000Z&limit=500 [36m304[0m 9.825 ms - -[0m
2026-02-21 09:33:43 info: [0mGET /api/v1/soil/ideals [36m304[0m 1.105 ms - -[0m
2026-02-21 09:33:45 info: [0mGET /api/v1/soil/table?start=2026-01-01T00:00:00.000Z&end=2026-02-20T00:00:00.000Z&type=micro&mode=percentage&limit=500 [32m200[0m 11.003 ms - 3994[0m
2026-02-21 09:33:45 info: [0mGET /api/v1/soil/data?start=2026-01-01T00:00:00.000Z&end=2026-02-20T00:00:00.000Z&limit=500 [36m304[0m 8.658 ms - -[0m
2026-02-21 09:33:45 info: [0mGET /api/v1/soil/ideals [36m304[0m 0.837 ms - -[0m
2026-02-21 09:33:50 info: [0mGET /api/v1/soil/table?start=2026-01-01T00:00:00.000Z&end=2026-02-20T00:00:00.000Z&type=micro&mode=count&limit=500 [36m304[0m 16.970 ms - -[0m
2026-02-21 09:33:50 info: [0mGET /api/v1/soil/data?start=2026-01-01T00:00:00.000Z&end=2026-02-20T00:00:00.000Z&limit=500 [36m304[0m 8.070 ms - -[0m
2026-02-21 09:33:50 info: [0mGET /api/v1/soil/ideals [36m304[0m 0.520 ms - -[0m
2026-02-21 09:35:48 info: [0mGET /api/v1/soil/table?start=2026-01-01T00:00:00.000Z&end=2026-02-20T00:00:00.000Z&type=macro&mode=count&limit=500 [36m304[0m 14.616 ms - -[0m
2026-02-21 09:35:48 info: [0mGET /api/v1/soil/table?start=2026-01-01T00:00:00.000Z&end=2026-02-20T00:00:00.000Z&type=macro&mode=count&limit=500 [36m304[0m 14.222 ms - -[0m
2026-02-21 09:35:48 info: [0mGET /api/v1/soil/data?start=2026-01-01T00:00:00.000Z&end=2026-02-20T00:00:00.000Z&limit=500 [36m304[0m 8.896 ms - -[0m
2026-02-21 09:35:48 info: [0mGET /api/v1/soil/data?start=2026-01-01T00:00:00.000Z&end=2026-02-20T00:00:00.000Z&limit=500 [36m304[0m 8.714 ms - -[0m
2026-02-21 09:35:48 info: [0mGET /api/v1/soil/ideals [36m304[0m 0.612 ms - -[0m
2026-02-21 09:35:48 info: [0mGET /api/v1/soil/ideals [36m304[0m 0.650 ms - -[0m
2026-02-21 09:35:50 info: [0mGET /api/v1/soil/table?start=2026-01-01T00:00:00.000Z&end=2026-02-20T00:00:00.000Z&type=macro&mode=percentage&limit=500 [36m304[0m 6.361 ms - -[0m
2026-02-21 09:35:50 info: [0mGET /api/v1/soil/data?start=2026-01-01T00:00:00.000Z&end=2026-02-20T00:00:00.000Z&limit=500 [36m304[0m 4.174 ms - -[0m
2026-02-21 09:35:50 info: [0mGET /api/v1/soil/ideals [36m304[0m 0.395 ms - -[0m
2026-02-21 09:35:51 info: [0mGET /api/v1/soil/table?start=2026-01-01T00:00:00.000Z&end=2026-02-20T00:00:00.000Z&type=micro&mode=percentage&limit=500 [36m304[0m 6.284 ms - -[0m
2026-02-21 09:35:51 info: [0mGET /api/v1/soil/data?start=2026-01-01T00:00:00.000Z&end=2026-02-20T00:00:00.000Z&limit=500 [36m304[0m 6.084 ms - -[0m
2026-02-21 09:35:51 info: [0mGET /api/v1/soil/ideals [36m304[0m 0.481 ms - -[0m
2026-02-21 09:36:12 info: [0mGET /api/v1/soil/table?start=2026-01-01T00:00:00.000Z&end=2026-02-20T00:00:00.000Z&type=macro&mode=count&limit=500 [36m304[0m 57.165 ms - -[0m
2026-02-21 09:36:12 info: [0mGET /api/v1/soil/table?start=2026-01-01T00:00:00.000Z&end=2026-02-20T00:00:00.000Z&type=macro&mode=count&limit=500 [36m304[0m 22.168 ms - -[0m
2026-02-21 09:36:12 info: [0mGET /api/v1/soil/data?start=2026-01-01T00:00:00.000Z&end=2026-02-20T00:00:00.000Z&limit=500 [36m304[0m 17.079 ms - -[0m
2026-02-21 09:36:12 info: [0mGET /api/v1/soil/data?start=2026-01-01T00:00:00.000Z&end=2026-02-20T00:00:00.000Z&limit=500 [36m304[0m 13.745 ms - -[0m
2026-02-21 09:36:12 info: [0mGET /api/v1/soil/ideals [36m304[0m 1.003 ms - -[0m
2026-02-21 09:36:12 info: [0mGET /api/v1/soil/ideals [36m304[0m 1.182 ms - -[0m
2026-02-21 09:36:14 info: [0mGET /api/v1/soil/table?start=2026-01-01T00:00:00.000Z&end=2026-02-20T00:00:00.000Z&type=macro&mode=percentage&limit=500 [32m200[0m 14.920 ms - 4368[0m
2026-02-21 09:36:14 info: [0mGET /api/v1/soil/data?start=2026-01-01T00:00:00.000Z&end=2026-02-20T00:00:00.000Z&limit=500 [36m304[0m 11.370 ms - -[0m
2026-02-21 09:36:14 info: [0mGET /api/v1/soil/ideals [36m304[0m 0.962 ms - -[0m
2026-02-21 09:36:15 info: [0mGET /api/v1/soil/table?start=2026-01-01T00:00:00.000Z&end=2026-02-20T00:00:00.000Z&type=micro&mode=percentage&limit=500 [32m200[0m 17.445 ms - 4009[0m
2026-02-21 09:36:15 info: [0mGET /api/v1/soil/data?start=2026-01-01T00:00:00.000Z&end=2026-02-20T00:00:00.000Z&limit=500 [36m304[0m 8.473 ms - -[0m
2026-02-21 09:36:15 info: [0mGET /api/v1/soil/ideals [36m304[0m 0.940 ms - -[0m
2026-02-21 09:36:18 info: [0mGET /api/v1/soil/data?start=2026-01-01T00%3A00%3A00.000Z&end=2026-02-20T00%3A00%3A00.000Z&limit=500 [36m304[0m 10.273 ms - -[0m
2026-02-21 09:36:18 info: [0mGET /api/v1/soil/data?start=2026-01-01T00%3A00%3A00.000Z&end=2026-02-20T00%3A00%3A00.000Z&limit=500 [36m304[0m 8.845 ms - -[0m
2026-02-21 09:36:18 info: [0mGET /api/v1/soil/ideals [36m304[0m 0.696 ms - -[0m
2026-02-21 09:36:18 info: [0mGET /api/v1/soil/ideals [36m304[0m 0.459 ms - -[0m
2026-02-21 09:36:21 info: [0mGET /api/v1/soil/table?start=2026-01-01T00:00:00.000Z&end=2026-02-20T00:00:00.000Z&type=macro&mode=count&limit=500 [36m304[0m 9.825 ms - -[0m
2026-02-21 09:36:21 info: [0mGET /api/v1/soil/table?start=2026-01-01T00:00:00.000Z&end=2026-02-20T00:00:00.000Z&type=macro&mode=count&limit=500 [36m304[0m 13.299 ms - -[0m
2026-02-21 09:36:21 info: [0mGET /api/v1/soil/data?start=2026-01-01T00:00:00.000Z&end=2026-02-20T00:00:00.000Z&limit=500 [36m304[0m 7.734 ms - -[0m
2026-02-21 09:36:21 info: [0mGET /api/v1/soil/data?start=2026-01-01T00:00:00.000Z&end=2026-02-20T00:00:00.000Z&limit=500 [36m304[0m 6.165 ms - -[0m
2026-02-21 09:36:21 info: [0mGET /api/v1/soil/ideals [36m304[0m 0.515 ms - -[0m
2026-02-21 09:36:21 info: [0mGET /api/v1/soil/ideals [36m304[0m 0.584 ms - -[0m
