2026-02-19 11:09:19 info: [0mPOST /api/v1/auth/login [32m200[0m 335.519 ms - 794[0m
2026-02-19 11:09:19 info: [0mGET /api/v1/soil/data [32m200[0m 20.783 ms - 12620[0m
2026-02-19 11:09:19 info: [0mGET /api/v1/soil/data [36m304[0m 7.706 ms - -[0m
2026-02-19 11:09:19 info: [0mGET /api/v1/soil/ideals [32m200[0m 0.927 ms - 277[0m
2026-02-19 11:09:19 info: [0mGET /api/v1/soil/ideals [36m304[0m 0.815 ms - -[0m
2026-02-19 11:10:14 info: [0mGET /api/v1/soil/table?start=2026-01-01T00:00:00.000Z&end=2026-01-15T00:00:00.000Z&type=macro&mode=count [32m200[0m 8.673 ms - 138[0m
2026-02-19 11:10:14 info: [0mGET /api/v1/soil/table?start=2026-01-01T00:00:00.000Z&end=2026-01-15T00:00:00.000Z&type=macro&mode=count [36m304[0m 3.935 ms - -[0m
2026-02-19 11:10:14 info: [0mGET /api/v1/soil/data?start=2026-01-01T00:00:00.000Z&end=2026-01-15T00:00:00.000Z&limit=100 [32m200[0m 3.200 ms - 86[0m
2026-02-19 11:10:14 info: [0mGET /api/v1/soil/data?start=2026-01-01T00:00:00.000Z&end=2026-01-15T00:00:00.000Z&limit=100 [36m304[0m 5.511 ms - -[0m
2026-02-19 11:10:14 info: [0mGET /api/v1/soil/ideals [36m304[0m 1.010 ms - -[0m
2026-02-19 11:10:14 info: [0mGET /api/v1/soil/ideals [36m304[0m 0.739 ms - -[0m
2026-02-19 11:10:16 info: [0mGET /api/v1/soil/data?limit=200&start=2026-01-01T00%3A00%3A00.000Z&end=2026-01-15T00%3A00%3A00.000Z [32m200[0m 6.493 ms - 86[0m
2026-02-19 11:10:16 info: [0mGET /api/v1/reports/plant?start=2026-01-01T00%3A00%3A00.000Z&stop=2026-01-15T00%3A00%3A00.000Z [36m304[0m 13.720 ms - -[0m
2026-02-19 11:10:16 info: [0mGET /api/v1/soil/ideals [36m304[0m 0.407 ms - -[0m
2026-02-19 11:10:16 info: [0mGET /api/v1/soil/data?limit=200&start=2026-01-01T00%3A00%3A00.000Z&end=2026-01-15T00%3A00%3A00.000Z [36m304[0m 4.876 ms - -[0m
2026-02-19 11:10:16 info: [0mGET /api/v1/reports/plant?start=2026-01-01T00%3A00%3A00.000Z&stop=2026-01-15T00%3A00%3A00.000Z [36m304[0m 13.129 ms - -[0m
2026-02-19 11:10:16 info: [0mGET /api/v1/soil/ideals [36m304[0m 0.652 ms - -[0m
2026-02-19 11:10:16 info: [0mGET /api/v1/reports/plant?start=2026-01-01T00%3A00%3A00.000Z&stop=2026-01-15T00%3A00%3A00.000Z [36m304[0m 12.333 ms - -[0m
2026-02-19 11:10:16 info: [0mGET /api/v1/reports/plant?start=2026-01-01T00%3A00%3A00.000Z&stop=2026-01-15T00%3A00%3A00.000Z [36m304[0m 13.028 ms - -[0m
2026-02-19 11:10:55 info: [0mGET /api/v1/soil/data [36m304[0m 5.526 ms - -[0m
2026-02-19 11:10:55 info: [0mGET /api/v1/soil/data [36m304[0m 8.997 ms - -[0m
2026-02-19 11:10:55 info: [0mGET /api/v1/soil/ideals [36m304[0m 0.756 ms - -[0m
2026-02-19 11:10:55 info: [0mGET /api/v1/soil/ideals [36m304[0m 0.351 ms - -[0m
2026-02-19 11:14:18 info: [0mGET /api/v1/soil/data [36m304[0m 3.889 ms - -[0m
2026-02-19 11:14:18 info: [0mGET /api/v1/soil/ideals [36m304[0m 0.340 ms - -[0m
2026-02-19 11:15:27 info: [0mGET /api/v1/soil/data [36m304[0m 2.839 ms - -[0m
2026-02-19 11:15:27 info: [0mGET /api/v1/soil/ideals [36m304[0m 0.323 ms - -[0m
2026-02-19 11:15:46 info: [0mGET /api/v1/soil/data [36m304[0m 4.332 ms - -[0m
2026-02-19 11:15:46 info: [0mGET /api/v1/soil/data [36m304[0m 4.207 ms - -[0m
2026-02-19 11:15:46 info: [0mGET /api/v1/soil/ideals [36m304[0m 0.408 ms - -[0m
2026-02-19 11:15:46 info: [0mGET /api/v1/soil/ideals [36m304[0m 0.351 ms - -[0m
2026-02-19 11:18:38 info: [0mGET /api/v1/soil/data [36m304[0m 8.814 ms - -[0m
2026-02-19 11:18:38 info: [0mGET /api/v1/soil/data [36m304[0m 6.306 ms - -[0m
2026-02-19 11:18:38 info: [0mGET /api/v1/soil/ideals [36m304[0m 0.881 ms - -[0m
2026-02-19 11:18:38 info: [0mGET /api/v1/soil/ideals [36m304[0m 0.673 ms - -[0m
2026-02-19 11:19:25 info: [0mGET /soil [33m404[0m 3.568 ms - 51[0m
2026-02-19 11:20:38 info: [0mGET /api/v1/soil/data [36m304[0m 2.517 ms - -[0m
2026-02-19 11:20:38 info: [0mGET /api/v1/soil/ideals [36m304[0m 0.182 ms - -[0m
2026-02-19 11:21:03 info: [0mGET /api/v1/soil/data [36m304[0m 3.077 ms - -[0m
2026-02-19 11:21:03 info: [0mGET /api/v1/soil/ideals [36m304[0m 0.253 ms - -[0m
2026-02-19 11:21:20 info: [0mGET /api/v1/soil/data [36m304[0m 3.308 ms - -[0m
2026-02-19 11:21:20 info: [0mGET /api/v1/soil/ideals [36m304[0m 0.175 ms - -[0m
2026-02-19 11:21:24 info: [0mGET /api/v1/soil/data [36m304[0m 7.730 ms - -[0m
2026-02-19 11:21:24 info: [0mGET /api/v1/soil/data [36m304[0m 8.155 ms - -[0m
2026-02-19 11:21:24 info: [0mGET /api/v1/soil/ideals [36m304[0m 0.609 ms - -[0m
2026-02-19 11:21:24 info: [0mGET /api/v1/soil/ideals [36m304[0m 0.926 ms - -[0m
2026-02-19 11:22:54 info: [0mGET /api/v1/soil/data [36m304[0m 7.438 ms - -[0m
2026-02-19 11:22:54 info: [0mGET /api/v1/soil/ideals [36m304[0m 0.586 ms - -[0m
2026-02-19 11:23:17 info: [0mGET /api/v1/soil/data [36m304[0m 3.182 ms - -[0m
2026-02-19 11:23:17 info: [0mGET /api/v1/soil/ideals [36m304[0m 0.239 ms - -[0m
2026-02-19 11:23:26 info: [0mGET /api/v1/soil/data [36m304[0m 4.318 ms - -[0m
2026-02-19 11:23:26 info: [0mGET /api/v1/soil/data [36m304[0m 5.475 ms - -[0m
2026-02-19 11:23:26 info: [0mGET /api/v1/soil/ideals [36m304[0m 0.288 ms - -[0m
2026-02-19 11:23:26 info: [0mGET /api/v1/soil/ideals [36m304[0m 0.439 ms - -[0m
2026-02-19 11:24:28 info: [0mGET /api/v1/soil/data [36m304[0m 7.546 ms - -[0m
2026-02-19 11:24:28 info: [0mGET /api/v1/soil/ideals [36m304[0m 0.620 ms - -[0m
2026-02-19 11:25:47 info: [0mGET /api/v1/soil/data [36m304[0m 3.911 ms - -[0m
2026-02-19 11:25:47 info: [0mGET /api/v1/soil/ideals [36m304[0m 0.345 ms - -[0m
2026-02-19 11:25:53 info: [0mGET /api/v1/soil/data [36m304[0m 6.745 ms - -[0m
2026-02-19 11:25:53 info: [0mGET /api/v1/soil/data [36m304[0m 7.817 ms - -[0m
2026-02-19 11:25:53 info: [0mGET /api/v1/soil/ideals [36m304[0m 0.608 ms - -[0m
2026-02-19 11:25:53 info: [0mGET /api/v1/soil/ideals [36m304[0m 0.521 ms - -[0m
2026-02-19 11:32:26 info: [0mGET /api/v1/soil/ideals [32m200[0m 0.368 ms - 277[0m
2026-02-19 11:33:38 info: [0mGET /api/v1/soil/data [36m304[0m 4.574 ms - -[0m
2026-02-19 11:33:38 info: [0mGET /api/v1/soil/ideals [36m304[0m 0.370 ms - -[0m
2026-02-19 11:34:20 info: [0mGET /api/v1/soil/data [36m304[0m 4.933 ms - -[0m
2026-02-19 11:34:20 info: [0mGET /api/v1/soil/ideals [36m304[0m 0.195 ms - -[0m
2026-02-19 11:34:30 info: [0mGET /api/v1/soil/data [36m304[0m 6.048 ms - -[0m
2026-02-19 11:34:30 info: [0mGET /api/v1/soil/data [36m304[0m 6.491 ms - -[0m
2026-02-19 11:34:30 info: [0mGET /api/v1/soil/ideals [36m304[0m 0.580 ms - -[0m
2026-02-19 11:34:30 info: [0mGET /api/v1/soil/ideals [36m304[0m 0.534 ms - -[0m
2026-02-19 11:36:20 info: [0mGET /api/v1/soil/data [36m304[0m 6.980 ms - -[0m
2026-02-19 11:36:20 info: [0mGET /api/v1/soil/ideals [36m304[0m 0.381 ms - -[0m
2026-02-19 11:36:25 info: [0mGET /api/v1/soil/ideals [36m304[0m 0.469 ms - -[0m
2026-02-19 11:36:25 info: [0mGET /api/v1/soil/data [36m304[0m 4.873 ms - -[0m
2026-02-19 11:36:25 info: [0mGET /api/v1/soil/ideals [36m304[0m 0.576 ms - -[0m
2026-02-19 11:36:25 info: [0mGET /api/v1/soil/data [36m304[0m 4.230 ms - -[0m
2026-02-19 11:36:30 info: [0mGET /api/v1/soil/data [36m304[0m 8.079 ms - -[0m
2026-02-19 11:36:30 info: [0mGET /api/v1/soil/data [36m304[0m 7.534 ms - -[0m
2026-02-19 11:36:30 info: [0mGET /api/v1/soil/ideals [36m304[0m 0.702 ms - -[0m
2026-02-19 11:36:30 info: [0mGET /api/v1/soil/ideals [36m304[0m 0.648 ms - -[0m
2026-02-19 11:36:33 info: [0mGET /api/v1/soil/ideals [36m304[0m 0.598 ms - -[0m
2026-02-19 11:36:33 info: [0mGET /api/v1/soil/data [36m304[0m 9.664 ms - -[0m
2026-02-19 11:36:33 info: [0mGET /api/v1/soil/ideals [36m304[0m 0.631 ms - -[0m
2026-02-19 11:36:33 info: [0mGET /api/v1/soil/data [36m304[0m 7.234 ms - -[0m
2026-02-19 11:36:35 info: [0mGET /api/v1/soil/data [36m304[0m 7.414 ms - -[0m
2026-02-19 11:36:35 info: [0mGET /api/v1/soil/data [36m304[0m 7.369 ms - -[0m
2026-02-19 11:36:35 info: [0mGET /api/v1/soil/ideals [36m304[0m 0.641 ms - -[0m
2026-02-19 11:36:35 info: [0mGET /api/v1/soil/ideals [36m304[0m 0.575 ms - -[0m
2026-02-19 11:36:38 info: [0mGET /api/v1/soil/ideals [36m304[0m 0.663 ms - -[0m
2026-02-19 11:36:38 info: [0mGET /api/v1/soil/data [36m304[0m 8.606 ms - -[0m
2026-02-19 11:36:38 info: [0mGET /api/v1/soil/ideals [36m304[0m 0.758 ms - -[0m
2026-02-19 11:36:38 info: [0mGET /api/v1/soil/data [36m304[0m 6.184 ms - -[0m
2026-02-19 11:37:00 info: [0mGET /api/v1/soil/data [36m304[0m 7.338 ms - -[0m
2026-02-19 11:37:00 info: [0mGET /api/v1/soil/data [36m304[0m 6.712 ms - -[0m
2026-02-19 11:37:00 info: [0mGET /api/v1/soil/ideals [36m304[0m 0.666 ms - -[0m
2026-02-19 11:37:00 info: [0mGET /api/v1/soil/ideals [36m304[0m 0.777 ms - -[0m
2026-02-19 11:37:14 info: [0mGET /api/v1/soil/data [36m304[0m 12.437 ms - -[0m
2026-02-19 11:37:14 info: [0mGET /api/v1/soil/ideals [36m304[0m 0.324 ms - -[0m
2026-02-19 11:37:15 info: [0mGET /api/v1/soil/data [36m304[0m 4.279 ms - -[0m
2026-02-19 11:37:15 info: [0mGET /api/v1/soil/data [36m304[0m 11.242 ms - -[0m
2026-02-19 11:37:15 info: [0mGET /api/v1/soil/ideals [36m304[0m 0.572 ms - -[0m
2026-02-19 11:37:15 info: [0mGET /api/v1/soil/ideals [36m304[0m 0.566 ms - -[0m
2026-02-19 11:37:26 info: [0mGET /api/v1/soil/data [36m304[0m 3.821 ms - -[0m
2026-02-19 11:37:26 info: [0mGET /api/v1/soil/ideals [36m304[0m 0.219 ms - -[0m
2026-02-19 11:37:26 info: [0mGET /api/v1/soil/data [36m304[0m 3.306 ms - -[0m
2026-02-19 11:37:26 info: [0mGET /api/v1/soil/ideals [36m304[0m 0.327 ms - -[0m
2026-02-19 11:39:46 info: [0mGET /api/v1/soil/data [36m304[0m 4.218 ms - -[0m
2026-02-19 11:39:46 info: [0mGET /api/v1/soil/data [36m304[0m 6.354 ms - -[0m
2026-02-19 11:39:46 info: [0mGET /api/v1/soil/ideals [36m304[0m 0.545 ms - -[0m
2026-02-19 11:39:46 info: [0mGET /api/v1/soil/ideals [36m304[0m 0.299 ms - -[0m
