2026-03-30 20:03:46 info: [0mPOST /api/v1/auth/login [32m200[0m 268.064 ms - 794[0m
2026-03-30 20:03:47 info: [0mGET /api/v1/soil/data?start=2026-01-01T00%3A00%3A00.000Z&end=2026-02-20T00%3A00%3A00.000Z&limit=500 [36m304[0m 31.260 ms - -[0m
2026-03-30 20:03:47 info: [0mGET /api/v1/soil/data?start=2026-01-01T00%3A00%3A00.000Z&end=2026-02-20T00%3A00%3A00.000Z&limit=500 [36m304[0m 6.517 ms - -[0m
2026-03-30 20:03:47 info: [0mGET /api/v1/soil/ideals [32m200[0m 6.839 ms - 335[0m
2026-03-30 20:03:47 info: [0mGET /api/v1/soil/ideals [36m304[0m 5.615 ms - -[0m
2026-03-30 20:03:52 info: [0mGET /api/v1/soil/crops [32m200[0m 3.058 ms - 88[0m
2026-03-30 20:03:52 info: [0mGET /api/v1/soil/crops [36m304[0m 2.610 ms - -[0m
2026-03-30 20:04:16 info: [0mPOST /api/v1/soil/crops [32m201[0m 73.153 ms - 399[0m
2026-03-30 20:04:16 info: [0mGET /api/v1/soil/crops [32m200[0m 3.673 ms - 408[0m
2026-03-30 20:04:31 info: [0mPUT /api/v1/soil/crops/69ca89e8898b5092fb55fb90 [32m200[0m 22.120 ms - 399[0m
2026-03-30 20:04:31 info: [0mGET /api/v1/soil/crops [32m200[0m 3.146 ms - 408[0m
2026-03-30 20:04:37 info: [0mGET /api/v1/soil/data?start=2026-01-01T00%3A00%3A00.000Z&end=2026-02-20T00%3A00%3A00.000Z&limit=500 [36m304[0m 6.766 ms - -[0m
2026-03-30 20:04:37 info: [0mGET /api/v1/soil/ideals [32m200[0m 6.444 ms - 340[0m
2026-03-30 20:04:37 info: [0mGET /api/v1/soil/data?start=2026-01-01T00%3A00%3A00.000Z&end=2026-02-20T00%3A00%3A00.000Z&limit=500 [36m304[0m 5.682 ms - -[0m
2026-03-30 20:04:37 info: [0mGET /api/v1/soil/ideals [36m304[0m 2.850 ms - -[0m
2026-03-30 20:04:40 info: [0mGET /api/v1/soil/data?start=2026-01-01T00%3A00%3A00.000Z&end=2026-02-20T00%3A00%3A00.000Z&limit=500 [36m304[0m 5.908 ms - -[0m
2026-03-30 20:04:40 info: [0mGET /api/v1/soil/data?start=2026-01-01T00%3A00%3A00.000Z&end=2026-02-20T00%3A00%3A00.000Z&limit=500 [36m304[0m 11.345 ms - -[0m
2026-03-30 20:04:40 info: [0mGET /api/v1/soil/ideals [36m304[0m 10.065 ms - -[0m
2026-03-30 20:04:40 info: [0mGET /api/v1/soil/ideals [36m304[0m 3.707 ms - -[0m
2026-03-30 20:04:59 info: [0mGET /api/v1/soil/crops [36m304[0m 2.841 ms - -[0m
2026-03-30 20:04:59 info: [0mGET /api/v1/soil/crops [36m304[0m 2.648 ms - -[0m
2026-03-30 20:05:03 info: [0mDELETE /api/v1/soil/crops/69ca89e8898b5092fb55fb90 [32m200[0m 13.850 ms - 113[0m
2026-03-30 20:05:03 info: [0mGET /api/v1/soil/crops [32m200[0m 2.362 ms - 88[0m
2026-03-30 20:05:06 info: [0mGET /api/v1/soil/data?start=2026-01-01T00%3A00%3A00.000Z&end=2026-02-20T00%3A00%3A00.000Z&limit=500 [36m304[0m 7.387 ms - -[0m
2026-03-30 20:05:06 info: [0mGET /api/v1/soil/ideals [32m200[0m 10.915 ms - 335[0m
2026-03-30 20:05:06 info: [0mGET /api/v1/soil/data?start=2026-01-01T00%3A00%3A00.000Z&end=2026-02-20T00%3A00%3A00.000Z&limit=500 [36m304[0m 7.010 ms - -[0m
2026-03-30 20:05:06 info: [0mGET /api/v1/soil/ideals [36m304[0m 5.624 ms - -[0m
2026-03-30 20:05:07 info: [0mGET /api/v1/soil/data?start=2026-01-01T00%3A00%3A00.000Z&end=2026-02-20T00%3A00%3A00.000Z&limit=500 [36m304[0m 5.703 ms - -[0m
2026-03-30 20:05:07 info: [0mGET /api/v1/soil/data?start=2026-01-01T00%3A00%3A00.000Z&end=2026-02-20T00%3A00%3A00.000Z&limit=500 [36m304[0m 5.011 ms - -[0m
2026-03-30 20:05:07 info: [0mGET /api/v1/soil/ideals [36m304[0m 4.970 ms - -[0m
2026-03-30 20:05:07 info: [0mGET /api/v1/soil/ideals [36m304[0m 5.209 ms - -[0m
2026-03-30 20:06:10 info: [0mGET /api/v1/soil/crops [36m304[0m 3.424 ms - -[0m
2026-03-30 20:06:10 info: [0mGET /api/v1/soil/crops [36m304[0m 2.921 ms - -[0m
2026-03-30 20:06:14 info: [0mGET /api/v1/soil/data?start=2026-01-01T00%3A00%3A00.000Z&end=2026-02-20T00%3A00%3A00.000Z&limit=500 [36m304[0m 5.715 ms - -[0m
2026-03-30 20:06:14 info: [0mGET /api/v1/soil/ideals [36m304[0m 8.923 ms - -[0m
2026-03-30 20:06:14 info: [0mGET /api/v1/soil/data?start=2026-01-01T00%3A00%3A00.000Z&end=2026-02-20T00%3A00%3A00.000Z&limit=500 [36m304[0m 9.550 ms - -[0m
2026-03-30 20:06:14 info: [0mGET /api/v1/soil/ideals [36m304[0m 5.896 ms - -[0m
