2026-02-20 19:17:53 info: [0mPOST /api/v1/auth/login [32m200[0m 379.730 ms - 734[0m
2026-02-20 19:17:54 info: [0mGET /api/v1/soil/data?start=2026-01-01T00%3A00%3A00.000Z&end=2026-02-20T23%3A59%3A59.000Z&limit=500 [32m200[0m 164.066 ms - 99336[0m
2026-02-20 19:17:54 info: [0mGET /api/v1/soil/ideals [32m200[0m 0.694 ms - 278[0m
2026-02-20 19:17:54 info: [0mGET /api/v1/soil/data?start=2026-01-01T00%3A00%3A00.000Z&end=2026-02-20T23%3A59%3A59.000Z&limit=500 [36m304[0m 45.469 ms - -[0m
2026-02-20 19:17:55 info: [0mGET /api/v1/soil/ideals [36m304[0m 0.987 ms - -[0m
2026-02-20 19:18:04 info: [0mGET /api/v1/soil/table?start=2026-01-01T00:00:00.000Z&end=2026-02-20T23:59:59.000Z&type=macro&mode=count&limit=500 [32m200[0m 123.383 ms - 28444[0m
2026-02-20 19:18:04 info: [0mGET /api/v1/soil/table?start=2026-01-01T00:00:00.000Z&end=2026-02-20T23:59:59.000Z&type=macro&mode=count&limit=500 [36m304[0m 44.459 ms - -[0m
2026-02-20 19:18:04 info: [0mGET /api/v1/soil/data?start=2026-01-01T00:00:00.000Z&end=2026-02-20T23:59:59.000Z&limit=500 [32m200[0m 33.807 ms - 99336[0m
2026-02-20 19:18:04 info: [0mGET /api/v1/soil/ideals [36m304[0m 0.672 ms - -[0m
2026-02-20 19:18:04 info: [0mGET /api/v1/soil/data?start=2026-01-01T00:00:00.000Z&end=2026-02-20T23:59:59.000Z&limit=500 [36m304[0m 23.353 ms - -[0m
2026-02-20 19:18:05 info: [0mGET /api/v1/soil/ideals [36m304[0m 0.805 ms - -[0m
2026-02-20 19:18:06 info: [0mGET /api/v1/soil/ideals [36m304[0m 0.888 ms - -[0m
2026-02-20 19:18:06 info: [0mGET /api/v1/soil/data?start=2026-01-01T00%3A00%3A00.000Z&end=2026-02-20T23%3A59%3A59.000Z&limit=500 [36m304[0m 40.189 ms - -[0m
2026-02-20 19:18:06 info: [0mGET /api/v1/soil/ideals [36m304[0m 1.546 ms - -[0m
2026-02-20 19:18:06 info: [0mGET /api/v1/soil/data?start=2026-01-01T00%3A00%3A00.000Z&end=2026-02-20T23%3A59%3A59.000Z&limit=500 [36m304[0m 29.014 ms - -[0m
2026-02-20 19:18:08 info: [0mGET /api/v1/soil/table?start=2026-01-01T00:00:00.000Z&end=2026-02-20T23:59:59.000Z&type=macro&mode=count&limit=500 [36m304[0m 60.545 ms - -[0m
2026-02-20 19:18:08 info: [0mGET /api/v1/soil/table?start=2026-01-01T00:00:00.000Z&end=2026-02-20T23:59:59.000Z&type=macro&mode=count&limit=500 [36m304[0m 49.430 ms - -[0m
2026-02-20 19:18:08 info: [0mGET /api/v1/soil/data?start=2026-01-01T00:00:00.000Z&end=2026-02-20T23:59:59.000Z&limit=500 [36m304[0m 24.622 ms - -[0m
2026-02-20 19:18:08 info: [0mGET /api/v1/soil/data?start=2026-01-01T00:00:00.000Z&end=2026-02-20T23:59:59.000Z&limit=500 [36m304[0m 24.546 ms - -[0m
2026-02-20 19:18:08 info: [0mGET /api/v1/soil/ideals [36m304[0m 0.847 ms - -[0m
2026-02-20 19:18:08 info: [0mGET /api/v1/soil/ideals [36m304[0m 0.326 ms - -[0m
2026-02-20 19:18:09 info: [0mGET /api/v1/reports/plant?start=2026-01-01T00%3A00%3A00.000Z&stop=2026-02-20T23%3A59%3A59.000Z [32m200[0m 32.300 ms - 71089[0m
2026-02-20 19:18:09 info: [0mGET /api/v1/soil/data?limit=500&start=2026-01-01T00%3A00%3A00.000Z&end=2026-02-20T23%3A59%3A59.000Z [32m200[0m 40.243 ms - 99336[0m
2026-02-20 19:18:09 info: [0mGET /api/v1/reports/plant?start=2026-01-01T00%3A00%3A00.000Z&stop=2026-02-20T23%3A59%3A59.000Z [36m304[0m 16.695 ms - -[0m
2026-02-20 19:18:09 info: [0mGET /api/v1/soil/data?limit=500&start=2026-01-01T00%3A00%3A00.000Z&end=2026-02-20T23%3A59%3A59.000Z [36m304[0m 25.496 ms - -[0m
2026-02-20 19:18:09 info: [0mGET /api/v1/soil/ideals [36m304[0m 0.740 ms - -[0m
2026-02-20 19:18:09 info: [0mGET /api/v1/soil/ideals [36m304[0m 0.583 ms - -[0m
2026-02-20 19:18:09 info: [0mGET /api/v1/reports/plant?start=2026-01-01T00%3A00%3A00.000Z&stop=2026-02-20T23%3A59%3A59.000Z [36m304[0m 14.399 ms - -[0m
2026-02-20 19:18:09 info: [0mGET /api/v1/reports/plant?start=2026-01-01T00%3A00%3A00.000Z&stop=2026-02-20T23%3A59%3A59.000Z [36m304[0m 11.666 ms - -[0m
2026-02-20 19:18:10 info: [0mGET /api/v1/soil/table?start=2026-01-01T00:00:00.000Z&end=2026-02-20T23:59:59.000Z&type=macro&mode=count&limit=500 [36m304[0m 56.016 ms - -[0m
2026-02-20 19:18:10 info: [0mGET /api/v1/soil/table?start=2026-01-01T00:00:00.000Z&end=2026-02-20T23:59:59.000Z&type=macro&mode=count&limit=500 [36m304[0m 47.417 ms - -[0m
2026-02-20 19:18:10 info: [0mGET /api/v1/soil/data?start=2026-01-01T00:00:00.000Z&end=2026-02-20T23:59:59.000Z&limit=500 [36m304[0m 22.914 ms - -[0m
2026-02-20 19:18:10 info: [0mGET /api/v1/soil/ideals [36m304[0m 0.392 ms - -[0m
2026-02-20 19:18:10 info: [0mGET /api/v1/soil/data?start=2026-01-01T00:00:00.000Z&end=2026-02-20T23:59:59.000Z&limit=500 [36m304[0m 24.535 ms - -[0m
2026-02-20 19:18:11 info: [0mGET /api/v1/soil/ideals [36m304[0m 0.634 ms - -[0m
2026-02-20 19:18:11 info: [0mGET /api/v1/soil/data?start=2026-01-01T00%3A00%3A00.000Z&end=2026-02-20T23%3A59%3A59.000Z&limit=500 [36m304[0m 25.319 ms - -[0m
2026-02-20 19:18:11 info: [0mGET /api/v1/soil/data?start=2026-01-01T00%3A00%3A00.000Z&end=2026-02-20T23%3A59%3A59.000Z&limit=500 [36m304[0m 35.947 ms - -[0m
2026-02-20 19:18:11 info: [0mGET /api/v1/soil/ideals [36m304[0m 0.725 ms - -[0m
2026-02-20 19:18:11 info: [0mGET /api/v1/soil/ideals [36m304[0m 0.446 ms - -[0m
2026-02-20 19:18:36 info: [0mGET /api/v1/soil/data?start=2026-01-01T00%3A00%3A00.000Z&end=2026-02-21T23%3A59%3A59.999Z&limit=500 [32m200[0m 25.235 ms - 99336[0m
2026-02-20 19:18:36 info: [0mGET /api/v1/soil/ideals [36m304[0m 0.662 ms - -[0m
2026-02-20 19:18:47 info: [0mGET /api/v1/soil/data?start=2026-01-01T00%3A00%3A00.000Z&end=2026-01-18T23%3A59%3A59.999Z&limit=500 [32m200[0m 10.879 ms - 35106[0m
2026-02-20 19:18:47 info: [0mGET /api/v1/soil/ideals [36m304[0m 0.891 ms - -[0m
2026-02-20 19:18:51 info: [0mGET /api/v1/soil/table?start=2026-01-01T00:00:00.000Z&end=2026-01-18T23:59:59.999Z&type=macro&mode=count&limit=500 [32m200[0m 27.119 ms - 10128[0m
2026-02-20 19:18:51 info: [0mGET /api/v1/soil/table?start=2026-01-01T00:00:00.000Z&end=2026-01-18T23:59:59.999Z&type=macro&mode=count&limit=500 [36m304[0m 23.590 ms - -[0m
2026-02-20 19:18:51 info: [0mGET /api/v1/soil/data?start=2026-01-01T00:00:00.000Z&end=2026-01-18T23:59:59.999Z&limit=500 [32m200[0m 11.889 ms - 35106[0m
2026-02-20 19:18:51 info: [0mGET /api/v1/soil/data?start=2026-01-01T00:00:00.000Z&end=2026-01-18T23:59:59.999Z&limit=500 [36m304[0m 11.692 ms - -[0m
2026-02-20 19:18:51 info: [0mGET /api/v1/soil/ideals [36m304[0m 0.455 ms - -[0m
2026-02-20 19:18:51 info: [0mGET /api/v1/soil/ideals [36m304[0m 0.369 ms - -[0m
2026-02-20 19:18:52 info: [0mGET /api/v1/reports/plant?start=2026-01-01T00%3A00%3A00.000Z&stop=2026-01-18T23%3A59%3A59.999Z [32m200[0m 11.407 ms - 25181[0m
2026-02-20 19:18:52 info: [0mGET /api/v1/soil/data?limit=500&start=2026-01-01T00%3A00%3A00.000Z&end=2026-01-18T23%3A59%3A59.999Z [32m200[0m 23.477 ms - 35106[0m
2026-02-20 19:18:52 info: [0mGET /api/v1/reports/plant?start=2026-01-01T00%3A00%3A00.000Z&stop=2026-01-18T23%3A59%3A59.999Z [36m304[0m 10.321 ms - -[0m
2026-02-20 19:18:52 info: [0mGET /api/v1/soil/ideals [36m304[0m 0.590 ms - -[0m
2026-02-20 19:18:52 info: [0mGET /api/v1/soil/data?limit=500&start=2026-01-01T00%3A00%3A00.000Z&end=2026-01-18T23%3A59%3A59.999Z [36m304[0m 17.141 ms - -[0m
2026-02-20 19:18:52 info: [0mGET /api/v1/reports/plant?start=2026-01-01T00%3A00%3A00.000Z&stop=2026-01-18T23%3A59%3A59.999Z [36m304[0m 5.945 ms - -[0m
2026-02-20 19:18:52 info: [0mGET /api/v1/soil/ideals [36m304[0m 1.349 ms - -[0m
2026-02-20 19:18:52 info: [0mGET /api/v1/reports/plant?start=2026-01-01T00%3A00%3A00.000Z&stop=2026-01-18T23%3A59%3A59.999Z [36m304[0m 5.628 ms - -[0m
2026-02-20 19:18:53 info: [0mGET /api/v1/soil/data?start=2026-01-01T00%3A00%3A00.000Z&end=2026-01-18T23%3A59%3A59.999Z&limit=500 [36m304[0m 12.953 ms - -[0m
2026-02-20 19:18:53 info: [0mGET /api/v1/soil/data?start=2026-01-01T00%3A00%3A00.000Z&end=2026-01-18T23%3A59%3A59.999Z&limit=500 [36m304[0m 11.109 ms - -[0m
2026-02-20 19:18:53 info: [0mGET /api/v1/soil/ideals [36m304[0m 0.987 ms - -[0m
2026-02-20 19:18:53 info: [0mGET /api/v1/soil/ideals [36m304[0m 0.482 ms - -[0m
2026-02-20 19:19:09 info: [0mGET /api/v1/soil/data?start=2026-01-01T00%3A00%3A00.000Z&end=2026-01-24T23%3A59%3A59.999Z&limit=500 [32m200[0m 16.722 ms - 46781[0m
2026-02-20 19:19:09 info: [0mGET /api/v1/soil/ideals [36m304[0m 0.469 ms - -[0m
2026-02-20 19:19:14 info: [0mGET /api/v1/soil/ideals [36m304[0m 0.863 ms - -[0m
2026-02-20 19:19:14 info: [0mGET /api/v1/soil/data?start=2026-01-01T00%3A00%3A00.000Z&end=2026-01-24T23%3A59%3A59.999Z&limit=500 [36m304[0m 23.627 ms - -[0m
2026-02-20 19:19:14 info: [0mGET /api/v1/soil/ideals [36m304[0m 0.854 ms - -[0m
2026-02-20 19:19:14 info: [0mGET /api/v1/soil/data?start=2026-01-01T00%3A00%3A00.000Z&end=2026-01-24T23%3A59%3A59.999Z&limit=500 [36m304[0m 16.933 ms - -[0m
2026-02-20 19:19:16 info: [0mGET /api/v1/soil/data?start=2026-01-01T00%3A00%3A00.000Z&end=2026-01-24T23%3A59%3A59.999Z&limit=500 [36m304[0m 18.146 ms - -[0m
2026-02-20 19:19:16 info: [0mGET /api/v1/soil/ideals [36m304[0m 0.625 ms - -[0m
2026-02-20 19:19:16 info: [0mGET /api/v1/soil/data?start=2026-01-01T00%3A00%3A00.000Z&end=2026-01-24T23%3A59%3A59.999Z&limit=500 [36m304[0m 22.861 ms - -[0m
2026-02-20 19:19:17 info: [0mGET /api/v1/soil/table?start=2026-01-01T00:00:00.000Z&end=2026-01-24T23:59:59.999Z&type=macro&mode=count&limit=500 [32m200[0m 22.868 ms - 13458[0m
2026-02-20 19:19:17 info: [0mGET /api/v1/soil/ideals [36m304[0m 0.406 ms - -[0m
2026-02-20 19:19:17 info: [0mGET /api/v1/soil/table?start=2026-01-01T00:00:00.000Z&end=2026-01-24T23:59:59.999Z&type=macro&mode=count&limit=500 [36m304[0m 20.588 ms - -[0m
2026-02-20 19:19:17 info: [0mGET /api/v1/soil/data?start=2026-01-01T00:00:00.000Z&end=2026-01-24T23:59:59.999Z&limit=500 [32m200[0m 13.074 ms - 46781[0m
2026-02-20 19:19:17 info: [0mGET /api/v1/soil/data?start=2026-01-01T00:00:00.000Z&end=2026-01-24T23:59:59.999Z&limit=500 [36m304[0m 14.056 ms - -[0m
2026-02-20 19:19:17 info: [0mGET /api/v1/soil/ideals [36m304[0m 0.423 ms - -[0m
2026-02-20 19:19:17 info: [0mGET /api/v1/soil/ideals [36m304[0m 0.427 ms - -[0m
2026-02-20 19:19:18 info: [0mGET /api/v1/reports/plant?start=2026-01-01T00%3A00%3A00.000Z&stop=2026-01-24T23%3A59%3A59.999Z [32m200[0m 9.555 ms - 33529[0m
2026-02-20 19:19:18 info: [0mGET /api/v1/soil/data?limit=500&start=2026-01-01T00%3A00%3A00.000Z&end=2026-01-24T23%3A59%3A59.999Z [32m200[0m 13.595 ms - 46781[0m
2026-02-20 19:19:18 info: [0mGET /api/v1/reports/plant?start=2026-01-01T00%3A00%3A00.000Z&stop=2026-01-24T23%3A59%3A59.999Z [36m304[0m 9.135 ms - -[0m
2026-02-20 19:19:18 info: [0mGET /api/v1/soil/data?limit=500&start=2026-01-01T00%3A00%3A00.000Z&end=2026-01-24T23%3A59%3A59.999Z [36m304[0m 16.879 ms - -[0m
2026-02-20 19:19:18 info: [0mGET /api/v1/soil/ideals [36m304[0m 0.508 ms - -[0m
2026-02-20 19:19:18 info: [0mGET /api/v1/soil/ideals [36m304[0m 1.424 ms - -[0m
2026-02-20 19:19:18 info: [0mGET /api/v1/reports/plant?start=2026-01-01T00%3A00%3A00.000Z&stop=2026-01-24T23%3A59%3A59.999Z [36m304[0m 7.121 ms - -[0m
2026-02-20 19:19:18 info: [0mGET /api/v1/reports/plant?start=2026-01-01T00%3A00%3A00.000Z&stop=2026-01-24T23%3A59%3A59.999Z [36m304[0m 5.486 ms - -[0m
2026-02-20 19:19:19 info: [0mGET /api/v1/soil/ideals [36m304[0m 0.670 ms - -[0m
2026-02-20 19:19:19 info: [0mGET /api/v1/soil/data?start=2026-01-01T00%3A00%3A00.000Z&end=2026-01-24T23%3A59%3A59.999Z&limit=500 [36m304[0m 22.291 ms - -[0m
2026-02-20 19:19:19 info: [0mGET /api/v1/soil/ideals [36m304[0m 0.552 ms - -[0m
2026-02-20 19:19:19 info: [0mGET /api/v1/soil/data?start=2026-01-01T00%3A00%3A00.000Z&end=2026-01-24T23%3A59%3A59.999Z&limit=500 [36m304[0m 15.041 ms - -[0m
2026-02-20 19:19:20 info: [0mGET /api/v1/soil/data?start=2026-01-01T00%3A00%3A00.000Z&end=2026-01-24T23%3A59%3A59.999Z&limit=500 [36m304[0m 19.280 ms - -[0m
2026-02-20 19:19:20 info: [0mGET /api/v1/soil/ideals [36m304[0m 0.823 ms - -[0m
2026-02-20 19:19:20 info: [0mGET /api/v1/soil/data?start=2026-01-01T00%3A00%3A00.000Z&end=2026-01-24T23%3A59%3A59.999Z&limit=500 [36m304[0m 19.348 ms - -[0m
2026-02-20 19:19:20 info: [0mGET /api/v1/soil/ideals [36m304[0m 0.423 ms - -[0m
2026-02-20 19:20:41 info: [0mGET /api/v1/soil/table?start=2026-01-01T00:00:00.000Z&end=2026-01-24T23:59:59.999Z&type=macro&mode=count&limit=500 [36m304[0m 110.933 ms - -[0m
2026-02-20 19:20:41 info: [0mGET /api/v1/soil/table?start=2026-01-01T00:00:00.000Z&end=2026-01-24T23:59:59.999Z&type=macro&mode=count&limit=500 [36m304[0m 37.555 ms - -[0m
2026-02-20 19:20:41 info: [0mGET /api/v1/soil/data?start=2026-01-01T00:00:00.000Z&end=2026-01-24T23:59:59.999Z&limit=500 [36m304[0m 15.468 ms - -[0m
2026-02-20 19:20:41 info: [0mGET /api/v1/soil/ideals [36m304[0m 0.435 ms - -[0m
2026-02-20 19:20:41 info: [0mGET /api/v1/soil/data?start=2026-01-01T00:00:00.000Z&end=2026-01-24T23:59:59.999Z&limit=500 [36m304[0m 17.796 ms - -[0m
2026-02-20 19:20:41 info: [0mGET /api/v1/soil/ideals [36m304[0m 0.316 ms - -[0m
2026-02-20 19:20:43 info: [0mGET /api/v1/soil/data?start=2026-01-01T00%3A00%3A00.000Z&end=2026-01-24T23%3A59%3A59.999Z&limit=500 [36m304[0m 22.649 ms - -[0m
2026-02-20 19:20:43 info: [0mGET /api/v1/soil/data?start=2026-01-01T00%3A00%3A00.000Z&end=2026-01-24T23%3A59%3A59.999Z&limit=500 [36m304[0m 24.446 ms - -[0m
2026-02-20 19:20:43 info: [0mGET /api/v1/soil/ideals [36m304[0m 0.494 ms - -[0m
2026-02-20 19:20:43 info: [0mGET /api/v1/soil/ideals [36m304[0m 0.440 ms - -[0m
2026-02-20 19:20:52 info: [0mGET /api/v1/soil/ideals [36m304[0m 0.635 ms - -[0m
2026-02-20 19:20:52 info: [0mGET /api/v1/soil/data?start=2026-01-01T00%3A00%3A00.000Z&end=2026-01-24T23%3A59%3A59.999Z&limit=500 [36m304[0m 26.736 ms - -[0m
2026-02-20 19:20:52 info: [0mGET /api/v1/soil/ideals [36m304[0m 0.806 ms - -[0m
2026-02-20 19:20:52 info: [0mGET /api/v1/soil/data?start=2026-01-01T00%3A00%3A00.000Z&end=2026-01-24T23%3A59%3A59.999Z&limit=500 [36m304[0m 15.351 ms - -[0m
2026-02-20 19:20:58 info: [0mGET /api/v1/reports/plant?start=2026-01-01T00%3A00%3A00.000Z&stop=2026-01-24T23%3A59%3A59.999Z [36m304[0m 12.871 ms - -[0m
2026-02-20 19:20:58 info: [0mGET /api/v1/soil/data?limit=500&start=2026-01-01T00%3A00%3A00.000Z&end=2026-01-24T23%3A59%3A59.999Z [36m304[0m 29.882 ms - -[0m
2026-02-20 19:20:58 info: [0mGET /api/v1/reports/plant?start=2026-01-01T00%3A00%3A00.000Z&stop=2026-01-24T23%3A59%3A59.999Z [36m304[0m 12.335 ms - -[0m
2026-02-20 19:20:58 info: [0mGET /api/v1/soil/ideals [36m304[0m 1.225 ms - -[0m
2026-02-20 19:20:58 info: [0mGET /api/v1/soil/data?limit=500&start=2026-01-01T00%3A00%3A00.000Z&end=2026-01-24T23%3A59%3A59.999Z [36m304[0m 16.916 ms - -[0m
2026-02-20 19:20:58 info: [0mGET /api/v1/reports/plant?start=2026-01-01T00%3A00%3A00.000Z&stop=2026-01-24T23%3A59%3A59.999Z [36m304[0m 8.350 ms - -[0m
2026-02-20 19:20:58 info: [0mGET /api/v1/soil/ideals [36m304[0m 1.259 ms - -[0m
2026-02-20 19:20:58 info: [0mGET /api/v1/reports/plant?start=2026-01-01T00%3A00%3A00.000Z&stop=2026-01-24T23%3A59%3A59.999Z [36m304[0m 13.925 ms - -[0m
2026-02-20 19:21:01 info: [0mGET /api/v1/soil/table?start=2026-01-01T00:00:00.000Z&end=2026-01-24T23:59:59.999Z&type=macro&mode=count&limit=500 [36m304[0m 37.802 ms - -[0m
2026-02-20 19:21:02 info: [0mGET /api/v1/soil/table?start=2026-01-01T00:00:00.000Z&end=2026-01-24T23:59:59.999Z&type=macro&mode=count&limit=500 [36m304[0m 31.215 ms - -[0m
2026-02-20 19:21:02 info: [0mGET /api/v1/soil/data?start=2026-01-01T00:00:00.000Z&end=2026-01-24T23:59:59.999Z&limit=500 [36m304[0m 17.971 ms - -[0m
2026-02-20 19:21:02 info: [0mGET /api/v1/soil/data?start=2026-01-01T00:00:00.000Z&end=2026-01-24T23:59:59.999Z&limit=500 [36m304[0m 20.804 ms - -[0m
2026-02-20 19:21:02 info: [0mGET /api/v1/soil/ideals [36m304[0m 0.535 ms - -[0m
2026-02-20 19:21:02 info: [0mGET /api/v1/soil/ideals [36m304[0m 0.378 ms - -[0m
2026-02-20 19:21:02 info: [0mGET /api/v1/soil/data?start=2026-01-01T00%3A00%3A00.000Z&end=2026-01-24T23%3A59%3A59.999Z&limit=500 [36m304[0m 19.981 ms - -[0m
2026-02-20 19:21:02 info: [0mGET /api/v1/soil/data?start=2026-01-01T00%3A00%3A00.000Z&end=2026-01-24T23%3A59%3A59.999Z&limit=500 [36m304[0m 15.886 ms - -[0m
2026-02-20 19:21:02 info: [0mGET /api/v1/soil/ideals [36m304[0m 0.909 ms - -[0m
2026-02-20 19:21:02 info: [0mGET /api/v1/soil/ideals [36m304[0m 0.430 ms - -[0m
2026-02-20 19:21:05 info: [0mGET /api/v1/soil/ideals [36m304[0m 0.553 ms - -[0m
2026-02-20 19:21:05 info: [0mGET /api/v1/soil/data?start=2026-01-01T00%3A00%3A00.000Z&end=2026-01-24T23%3A59%3A59.999Z&limit=500 [36m304[0m 17.838 ms - -[0m
2026-02-20 19:21:05 info: [0mGET /api/v1/soil/ideals [36m304[0m 0.529 ms - -[0m
2026-02-20 19:21:05 info: [0mGET /api/v1/soil/data?start=2026-01-01T00%3A00%3A00.000Z&end=2026-01-24T23%3A59%3A59.999Z&limit=500 [36m304[0m 13.766 ms - -[0m
2026-02-20 19:21:11 info: [0mGET /api/v1/soil/data?start=2026-01-01T00%3A00%3A00.000Z&end=2026-01-24T23%3A59%3A59.999Z&limit=500 [36m304[0m 28.711 ms - -[0m
2026-02-20 19:21:11 info: [0mGET /api/v1/soil/data?start=2026-01-01T00%3A00%3A00.000Z&end=2026-01-24T23%3A59%3A59.999Z&limit=500 [36m304[0m 19.375 ms - -[0m
2026-02-20 19:21:11 info: [0mGET /api/v1/soil/ideals [36m304[0m 0.671 ms - -[0m
2026-02-20 19:21:11 info: [0mGET /api/v1/soil/ideals [36m304[0m 0.677 ms - -[0m
2026-02-20 19:25:26 info: [0mPOST /api/v1/auth/login [32m200[0m 427.111 ms - 734[0m
2026-02-20 19:25:26 info: [0mGET /api/v1/soil/data?start=2026-01-01T00%3A00%3A00.000Z&end=2026-01-24T23%3A59%3A59.999Z&limit=500 [36m304[0m 71.048 ms - -[0m
2026-02-20 19:25:26 info: [0mGET /api/v1/soil/data?start=2026-01-01T00%3A00%3A00.000Z&end=2026-01-24T23%3A59%3A59.999Z&limit=500 [36m304[0m 22.864 ms - -[0m
2026-02-20 19:25:26 info: [0mGET /api/v1/soil/ideals [36m304[0m 0.731 ms - -[0m
2026-02-20 19:25:26 info: [0mGET /api/v1/soil/ideals [36m304[0m 0.476 ms - -[0m
2026-02-20 19:41:23 info: [0mGET /api/v1/soil/data?start=2026-01-10T00%3A00%3A00.000Z&end=2026-01-10T23%3A59%3A59.999Z&limit=500 [32m200[0m 98.491 ms - 2025[0m
2026-02-20 19:41:23 info: [0mGET /api/v1/soil/ideals [36m304[0m 1.645 ms - -[0m
2026-02-20 19:41:37 info: [0mGET /api/v1/soil/data?start=2026-01-01T00%3A00%3A00.000Z&end=2026-01-11T23%3A59%3A59.999Z&limit=500 [32m200[0m 11.939 ms - 21486[0m
2026-02-20 19:41:37 info: [0mGET /api/v1/soil/ideals [36m304[0m 0.574 ms - -[0m
2026-02-20 19:41:42 info: [0mGET /api/v1/soil/ideals [36m304[0m 0.731 ms - -[0m
2026-02-20 19:41:42 info: [0mGET /api/v1/soil/data?start=2026-01-01T00%3A00%3A00.000Z&end=2026-01-11T23%3A59%3A59.999Z&limit=500 [36m304[0m 12.743 ms - -[0m
2026-02-20 19:41:42 info: [0mGET /api/v1/soil/ideals [36m304[0m 1.361 ms - -[0m
2026-02-20 19:41:42 info: [0mGET /api/v1/soil/data?start=2026-01-01T00%3A00%3A00.000Z&end=2026-01-11T23%3A59%3A59.999Z&limit=500 [36m304[0m 8.717 ms - -[0m
2026-02-20 19:41:43 info: [0mGET /api/v1/soil/data?start=2026-01-01T00%3A00%3A00.000Z&end=2026-01-11T23%3A59%3A59.999Z&limit=500 [36m304[0m 10.904 ms - -[0m
2026-02-20 19:41:43 info: [0mGET /api/v1/soil/data?start=2026-01-01T00%3A00%3A00.000Z&end=2026-01-11T23%3A59%3A59.999Z&limit=500 [36m304[0m 9.806 ms - -[0m
2026-02-20 19:41:43 info: [0mGET /api/v1/soil/ideals [36m304[0m 0.586 ms - -[0m
2026-02-20 19:41:43 info: [0mGET /api/v1/soil/ideals [36m304[0m 0.415 ms - -[0m
2026-02-20 19:41:45 info: [0mGET /api/v1/soil/table?start=2026-01-01T00:00:00.000Z&end=2026-01-11T23:59:59.999Z&type=macro&mode=count&limit=500 [32m200[0m 40.417 ms - 6242[0m
2026-02-20 19:41:45 info: [0mGET /api/v1/soil/table?start=2026-01-01T00:00:00.000Z&end=2026-01-11T23:59:59.999Z&type=macro&mode=count&limit=500 [36m304[0m 28.220 ms - -[0m
2026-02-20 19:41:45 info: [0mGET /api/v1/soil/data?start=2026-01-01T00:00:00.000Z&end=2026-01-11T23:59:59.999Z&limit=500 [32m200[0m 9.125 ms - 21486[0m
2026-02-20 19:41:45 info: [0mGET /api/v1/soil/data?start=2026-01-01T00:00:00.000Z&end=2026-01-11T23:59:59.999Z&limit=500 [36m304[0m 8.284 ms - -[0m
2026-02-20 19:41:45 info: [0mGET /api/v1/soil/ideals [36m304[0m 0.600 ms - -[0m
2026-02-20 19:41:45 info: [0mGET /api/v1/soil/ideals [36m304[0m 0.379 ms - -[0m
2026-02-20 19:41:46 info: [0mGET /api/v1/reports/plant?start=2026-01-01T00%3A00%3A00.000Z&stop=2026-01-11T23%3A59%3A59.999Z [32m200[0m 15.968 ms - 15424[0m
2026-02-20 19:41:46 info: [0mGET /api/v1/soil/data?limit=500&start=2026-01-01T00%3A00%3A00.000Z&end=2026-01-11T23%3A59%3A59.999Z [32m200[0m 18.595 ms - 21486[0m
2026-02-20 19:41:46 info: [0mGET /api/v1/reports/plant?start=2026-01-01T00%3A00%3A00.000Z&stop=2026-01-11T23%3A59%3A59.999Z [36m304[0m 6.991 ms - -[0m
2026-02-20 19:41:46 info: [0mGET /api/v1/soil/data?limit=500&start=2026-01-01T00%3A00%3A00.000Z&end=2026-01-11T23%3A59%3A59.999Z [36m304[0m 10.216 ms - -[0m
2026-02-20 19:41:46 info: [0mGET /api/v1/soil/ideals [36m304[0m 0.609 ms - -[0m
2026-02-20 19:41:46 info: [0mGET /api/v1/soil/ideals [36m304[0m 0.790 ms - -[0m
2026-02-20 19:41:46 info: [0mGET /api/v1/reports/plant?start=2026-01-01T00%3A00%3A00.000Z&stop=2026-01-11T23%3A59%3A59.999Z [36m304[0m 5.094 ms - -[0m
2026-02-20 19:41:46 info: [0mGET /api/v1/reports/plant?start=2026-01-01T00%3A00%3A00.000Z&stop=2026-01-11T23%3A59%3A59.999Z [36m304[0m 6.097 ms - -[0m
2026-02-20 19:41:47 info: [0mGET /api/v1/soil/data?start=2026-01-01T00%3A00%3A00.000Z&end=2026-01-11T23%3A59%3A59.999Z&limit=500 [36m304[0m 9.224 ms - -[0m
2026-02-20 19:41:47 info: [0mGET /api/v1/soil/data?start=2026-01-01T00%3A00%3A00.000Z&end=2026-01-11T23%3A59%3A59.999Z&limit=500 [36m304[0m 43.232 ms - -[0m
2026-02-20 19:41:47 info: [0mGET /api/v1/soil/ideals [36m304[0m 0.545 ms - -[0m
2026-02-20 19:41:47 info: [0mGET /api/v1/soil/ideals [36m304[0m 0.462 ms - -[0m
2026-02-20 19:41:51 info: [0mGET /api/v1/soil/ideals [36m304[0m 8.678 ms - -[0m
2026-02-20 19:41:51 info: [0mGET /api/v1/soil/data?start=2026-01-01T00%3A00%3A00.000Z&end=2026-01-11T23%3A59%3A59.999Z&limit=500 [36m304[0m 22.092 ms - -[0m
2026-02-20 19:41:51 info: [0mGET /api/v1/soil/ideals [36m304[0m 0.700 ms - -[0m
2026-02-20 19:41:51 info: [0mGET /api/v1/soil/data?start=2026-01-01T00%3A00%3A00.000Z&end=2026-01-11T23%3A59%3A59.999Z&limit=500 [36m304[0m 52.482 ms - -[0m
2026-02-20 19:41:58 info: [0mGET /api/v1/soil/data?start=2026-01-01T00%3A00%3A00.000Z&end=2026-01-11T23%3A59%3A59.999Z&limit=500 [36m304[0m 57.153 ms - -[0m
2026-02-20 19:41:58 info: [0mGET /api/v1/soil/data?start=2026-01-01T00%3A00%3A00.000Z&end=2026-01-11T23%3A59%3A59.999Z&limit=500 [36m304[0m 12.918 ms - -[0m
2026-02-20 19:41:58 info: [0mGET /api/v1/soil/ideals [36m304[0m 0.707 ms - -[0m
2026-02-20 19:41:59 info: [0mGET /api/v1/soil/ideals [36m304[0m 0.426 ms - -[0m
2026-02-20 19:42:05 info: [0mGET /api/v1/soil/ideals [36m304[0m 0.515 ms - -[0m
2026-02-20 19:42:06 info: [0mGET /api/v1/soil/data?start=2026-01-01T00%3A00%3A00.000Z&end=2026-01-11T23%3A59%3A59.999Z&limit=500 [36m304[0m 25.445 ms - -[0m
2026-02-20 19:42:06 info: [0mGET /api/v1/soil/ideals [36m304[0m 0.689 ms - -[0m
2026-02-20 19:42:06 info: [0mGET /api/v1/soil/data?start=2026-01-01T00%3A00%3A00.000Z&end=2026-01-11T23%3A59%3A59.999Z&limit=500 [36m304[0m 11.187 ms - -[0m
2026-02-20 19:42:06 info: [0mGET /api/v1/soil/table?start=2026-01-01T00:00:00.000Z&end=2026-01-11T23:59:59.999Z&type=macro&mode=count&limit=500 [36m304[0m 34.535 ms - -[0m
2026-02-20 19:42:06 info: [0mGET /api/v1/soil/table?start=2026-01-01T00:00:00.000Z&end=2026-01-11T23:59:59.999Z&type=macro&mode=count&limit=500 [36m304[0m 18.846 ms - -[0m
2026-02-20 19:42:06 info: [0mGET /api/v1/soil/data?start=2026-01-01T00:00:00.000Z&end=2026-01-11T23:59:59.999Z&limit=500 [36m304[0m 9.699 ms - -[0m
2026-02-20 19:42:06 info: [0mGET /api/v1/soil/data?start=2026-01-01T00:00:00.000Z&end=2026-01-11T23:59:59.999Z&limit=500 [36m304[0m 8.263 ms - -[0m
2026-02-20 19:42:06 info: [0mGET /api/v1/soil/ideals [36m304[0m 0.304 ms - -[0m
2026-02-20 19:42:06 info: [0mGET /api/v1/soil/ideals [36m304[0m 0.421 ms - -[0m
2026-02-20 19:42:07 info: [0mGET /api/v1/soil/ideals [36m304[0m 0.500 ms - -[0m
2026-02-20 19:42:07 info: [0mGET /api/v1/soil/data?start=2026-01-01T00%3A00%3A00.000Z&end=2026-01-11T23%3A59%3A59.999Z&limit=500 [36m304[0m 18.264 ms - -[0m
2026-02-20 19:42:07 info: [0mGET /api/v1/soil/ideals [36m304[0m 0.773 ms - -[0m
2026-02-20 19:42:07 info: [0mGET /api/v1/soil/data?start=2026-01-01T00%3A00%3A00.000Z&end=2026-01-11T23%3A59%3A59.999Z&limit=500 [36m304[0m 8.818 ms - -[0m
2026-02-20 19:42:12 info: [0mPOST /api/v1/auth/logout [32m200[0m 197.655 ms - 71[0m
2026-02-20 21:05:11 info: [0mPOST /api/v1/auth/login [32m200[0m 302.608 ms - 734[0m
2026-02-20 21:05:11 info: [0mGET /api/v1/soil/data?start=2026-01-01T00%3A00%3A00.000Z&end=2026-01-11T23%3A59%3A59.999Z&limit=500 [36m304[0m 63.107 ms - -[0m
2026-02-20 21:05:12 info: [0mGET /api/v1/soil/data?start=2026-01-01T00%3A00%3A00.000Z&end=2026-01-11T23%3A59%3A59.999Z&limit=500 [36m304[0m 15.377 ms - -[0m
2026-02-20 21:05:12 info: [0mGET /api/v1/soil/ideals [36m304[0m 0.937 ms - -[0m
2026-02-20 21:05:12 info: [0mGET /api/v1/soil/ideals [36m304[0m 0.886 ms - -[0m
2026-02-20 21:05:16 info: [0mGET /api/v1/soil/ideals [36m304[0m 2.290 ms - -[0m
2026-02-20 21:05:16 info: [0mGET /api/v1/soil/data?start=2026-01-01T00%3A00%3A00.000Z&end=2026-01-11T23%3A59%3A59.999Z&limit=500 [36m304[0m 22.643 ms - -[0m
2026-02-20 21:05:16 info: [0mGET /api/v1/soil/ideals [36m304[0m 0.565 ms - -[0m
2026-02-20 21:05:16 info: [0mGET /api/v1/soil/data?start=2026-01-01T00%3A00%3A00.000Z&end=2026-01-11T23%3A59%3A59.999Z&limit=500 [36m304[0m 17.052 ms - -[0m
2026-02-20 21:05:19 info: [0mGET /api/v1/soil/data?start=2026-01-01T00%3A00%3A00.000Z&end=2026-01-11T23%3A59%3A59.999Z&limit=500 [36m304[0m 16.296 ms - -[0m
2026-02-20 21:05:19 info: [0mGET /api/v1/soil/data?start=2026-01-01T00%3A00%3A00.000Z&end=2026-01-11T23%3A59%3A59.999Z&limit=500 [36m304[0m 18.603 ms - -[0m
2026-02-20 21:05:19 info: [0mGET /api/v1/soil/ideals [36m304[0m 2.169 ms - -[0m
2026-02-20 21:05:19 info: [0mGET /api/v1/soil/ideals [36m304[0m 0.550 ms - -[0m
2026-02-20 21:05:21 info: [0mGET /api/v1/soil/table?start=2026-01-01T00:00:00.000Z&end=2026-01-11T23:59:59.999Z&type=macro&mode=count&limit=500 [36m304[0m 26.510 ms - -[0m
2026-02-20 21:05:21 info: [0mGET /api/v1/soil/table?start=2026-01-01T00:00:00.000Z&end=2026-01-11T23:59:59.999Z&type=macro&mode=count&limit=500 [36m304[0m 23.809 ms - -[0m
2026-02-20 21:05:21 info: [0mGET /api/v1/soil/data?start=2026-01-01T00:00:00.000Z&end=2026-01-11T23:59:59.999Z&limit=500 [36m304[0m 12.454 ms - -[0m
2026-02-20 21:05:21 info: [0mGET /api/v1/soil/data?start=2026-01-01T00:00:00.000Z&end=2026-01-11T23:59:59.999Z&limit=500 [36m304[0m 13.544 ms - -[0m
2026-02-20 21:05:21 info: [0mGET /api/v1/soil/ideals [36m304[0m 1.330 ms - -[0m
2026-02-20 21:05:21 info: [0mGET /api/v1/soil/ideals [36m304[0m 0.695 ms - -[0m
2026-02-20 21:05:22 info: [0mGET /api/v1/soil/data?limit=500&start=2026-01-01T00%3A00%3A00.000Z&end=2026-01-11T23%3A59%3A59.999Z [36m304[0m 10.746 ms - -[0m
2026-02-20 21:05:22 info: [0mGET /api/v1/reports/plant?start=2026-01-01T00%3A00%3A00.000Z&stop=2026-01-11T23%3A59%3A59.999Z [36m304[0m 20.594 ms - -[0m
2026-02-20 21:05:22 info: [0mGET /api/v1/soil/data?limit=500&start=2026-01-01T00%3A00%3A00.000Z&end=2026-01-11T23%3A59%3A59.999Z [36m304[0m 13.131 ms - -[0m
2026-02-20 21:05:22 info: [0mGET /api/v1/reports/plant?start=2026-01-01T00%3A00%3A00.000Z&stop=2026-01-11T23%3A59%3A59.999Z [36m304[0m 6.846 ms - -[0m
2026-02-20 21:05:22 info: [0mGET /api/v1/soil/ideals [36m304[0m 0.533 ms - -[0m
2026-02-20 21:05:22 info: [0mGET /api/v1/soil/ideals [36m304[0m 0.675 ms - -[0m
2026-02-20 21:05:22 info: [0mGET /api/v1/reports/plant?start=2026-01-01T00%3A00%3A00.000Z&stop=2026-01-11T23%3A59%3A59.999Z [36m304[0m 5.348 ms - -[0m
2026-02-20 21:05:22 info: [0mGET /api/v1/reports/plant?start=2026-01-01T00%3A00%3A00.000Z&stop=2026-01-11T23%3A59%3A59.999Z [36m304[0m 13.530 ms - -[0m
2026-02-20 21:05:24 info: [0mGET /api/v1/soil/data?start=2026-01-01T00%3A00%3A00.000Z&end=2026-01-11T23%3A59%3A59.999Z&limit=500 [36m304[0m 15.642 ms - -[0m
2026-02-20 21:05:24 info: [0mGET /api/v1/soil/data?start=2026-01-01T00%3A00%3A00.000Z&end=2026-01-11T23%3A59%3A59.999Z&limit=500 [36m304[0m 13.914 ms - -[0m
2026-02-20 21:05:24 info: [0mGET /api/v1/soil/ideals [36m304[0m 0.428 ms - -[0m
2026-02-20 21:05:24 info: [0mGET /api/v1/soil/ideals [36m304[0m 0.580 ms - -[0m
2026-02-20 21:20:30 info: [0mGET /api/v1/soil/ideals [36m304[0m 31.956 ms - -[0m
2026-02-20 21:20:30 info: [0mGET /api/v1/soil/ideals [36m304[0m 2.387 ms - -[0m
2026-02-20 21:20:30 info: [0mGET /api/v1/soil/data?start=2026-01-01T00%3A00%3A00.000Z&end=2026-01-11T23%3A59%3A59.999Z&limit=500 [36m304[0m 120.533 ms - -[0m
2026-02-20 21:20:30 info: [0mGET /api/v1/soil/data?start=2026-01-01T00%3A00%3A00.000Z&end=2026-01-11T23%3A59%3A59.999Z&limit=500 [36m304[0m 7.703 ms - -[0m
2026-02-20 21:20:39 info: [0mGET /api/v1/soil/ideals [36m304[0m 0.589 ms - -[0m
2026-02-20 21:20:39 info: [0mGET /api/v1/soil/data?start=2026-01-01T00%3A00%3A00.000Z&end=2026-01-18T23%3A59%3A59.999Z&limit=500 [36m304[0m 22.414 ms - -[0m
2026-02-20 21:20:49 info: [0mGET /api/v1/soil/data?start=2026-01-01T00%3A00%3A00.000Z&end=2026-01-18T23%3A59%3A59.999Z&limit=500 [36m304[0m 14.949 ms - -[0m
2026-02-20 21:20:49 info: [0mGET /api/v1/soil/data?start=2026-01-01T00%3A00%3A00.000Z&end=2026-01-18T23%3A59%3A59.999Z&limit=500 [36m304[0m 14.664 ms - -[0m
2026-02-20 21:20:49 info: [0mGET /api/v1/soil/ideals [36m304[0m 0.564 ms - -[0m
2026-02-20 21:20:49 info: [0mGET /api/v1/soil/ideals [36m304[0m 0.445 ms - -[0m
2026-02-20 21:21:06 info: [0mGET /api/v1/soil/table?start=2026-01-01T00:00:00.000Z&end=2026-01-18T23:59:59.999Z&type=macro&mode=count&limit=500 [36m304[0m 57.201 ms - -[0m
2026-02-20 21:21:06 info: [0mGET /api/v1/soil/table?start=2026-01-01T00:00:00.000Z&end=2026-01-18T23:59:59.999Z&type=macro&mode=count&limit=500 [36m304[0m 36.446 ms - -[0m
2026-02-20 21:21:06 info: [0mGET /api/v1/soil/data?start=2026-01-01T00:00:00.000Z&end=2026-01-18T23:59:59.999Z&limit=500 [36m304[0m 14.763 ms - -[0m
2026-02-20 21:21:06 info: [0mGET /api/v1/soil/data?start=2026-01-01T00:00:00.000Z&end=2026-01-18T23:59:59.999Z&limit=500 [36m304[0m 16.211 ms - -[0m
2026-02-20 21:21:06 info: [0mGET /api/v1/soil/ideals [36m304[0m 0.370 ms - -[0m
2026-02-20 21:21:06 info: [0mGET /api/v1/soil/ideals [36m304[0m 0.486 ms - -[0m
2026-02-20 21:21:08 info: [0mGET /api/v1/reports/plant?start=2026-01-01T00%3A00%3A00.000Z&stop=2026-01-18T23%3A59%3A59.999Z [36m304[0m 11.510 ms - -[0m
2026-02-20 21:21:08 info: [0mGET /api/v1/soil/data?limit=500&start=2026-01-01T00%3A00%3A00.000Z&end=2026-01-18T23%3A59%3A59.999Z [36m304[0m 20.056 ms - -[0m
2026-02-20 21:21:08 info: [0mGET /api/v1/reports/plant?start=2026-01-01T00%3A00%3A00.000Z&stop=2026-01-18T23%3A59%3A59.999Z [36m304[0m 7.032 ms - -[0m
2026-02-20 21:21:08 info: [0mGET /api/v1/soil/data?limit=500&start=2026-01-01T00%3A00%3A00.000Z&end=2026-01-18T23%3A59%3A59.999Z [36m304[0m 13.996 ms - -[0m
2026-02-20 21:21:08 info: [0mGET /api/v1/soil/ideals [36m304[0m 0.513 ms - -[0m
2026-02-20 21:21:08 info: [0mGET /api/v1/soil/ideals [36m304[0m 0.659 ms - -[0m
2026-02-20 21:21:08 info: [0mGET /api/v1/reports/plant?start=2026-01-01T00%3A00%3A00.000Z&stop=2026-01-18T23%3A59%3A59.999Z [36m304[0m 6.444 ms - -[0m
2026-02-20 21:21:08 info: [0mGET /api/v1/reports/plant?start=2026-01-01T00%3A00%3A00.000Z&stop=2026-01-18T23%3A59%3A59.999Z [36m304[0m 9.432 ms - -[0m
2026-02-20 21:21:12 info: [0mGET /api/v1/soil/data?start=2026-01-01T00%3A00%3A00.000Z&end=2026-01-18T23%3A59%3A59.999Z&limit=500 [36m304[0m 20.945 ms - -[0m
2026-02-20 21:21:12 info: [0mGET /api/v1/soil/data?start=2026-01-01T00%3A00%3A00.000Z&end=2026-01-18T23%3A59%3A59.999Z&limit=500 [36m304[0m 18.148 ms - -[0m
2026-02-20 21:21:12 info: [0mGET /api/v1/soil/ideals [36m304[0m 3.495 ms - -[0m
2026-02-20 21:21:12 info: [0mGET /api/v1/soil/ideals [36m304[0m 1.097 ms - -[0m
2026-02-20 21:21:24 info: [0mGET /api/v1/soil/table?start=2026-01-01T00:00:00.000Z&end=2026-01-18T23:59:59.999Z&type=macro&mode=count&limit=500 [36m304[0m 35.703 ms - -[0m
2026-02-20 21:21:24 info: [0mGET /api/v1/soil/table?start=2026-01-01T00:00:00.000Z&end=2026-01-18T23:59:59.999Z&type=macro&mode=count&limit=500 [36m304[0m 17.970 ms - -[0m
2026-02-20 21:21:24 info: [0mGET /api/v1/soil/data?start=2026-01-01T00:00:00.000Z&end=2026-01-18T23:59:59.999Z&limit=500 [36m304[0m 15.388 ms - -[0m
2026-02-20 21:21:24 info: [0mGET /api/v1/soil/data?start=2026-01-01T00:00:00.000Z&end=2026-01-18T23:59:59.999Z&limit=500 [36m304[0m 12.849 ms - -[0m
2026-02-20 21:21:24 info: [0mGET /api/v1/soil/ideals [36m304[0m 1.138 ms - -[0m
2026-02-20 21:21:24 info: [0mGET /api/v1/soil/ideals [36m304[0m 1.763 ms - -[0m
2026-02-20 21:21:27 info: [0mGET /api/v1/reports/plant?start=2026-01-01T00%3A00%3A00.000Z&stop=2026-01-18T23%3A59%3A59.999Z [36m304[0m 20.203 ms - -[0m
2026-02-20 21:21:27 info: [0mGET /api/v1/soil/data?limit=500&start=2026-01-01T00%3A00%3A00.000Z&end=2026-01-18T23%3A59%3A59.999Z [36m304[0m 34.010 ms - -[0m
2026-02-20 21:21:27 info: [0mGET /api/v1/reports/plant?start=2026-01-01T00%3A00%3A00.000Z&stop=2026-01-18T23%3A59%3A59.999Z [36m304[0m 13.824 ms - -[0m
2026-02-20 21:21:27 info: [0mGET /api/v1/soil/ideals [36m304[0m 0.415 ms - -[0m
2026-02-20 21:21:27 info: [0mGET /api/v1/soil/data?limit=500&start=2026-01-01T00%3A00%3A00.000Z&end=2026-01-18T23%3A59%3A59.999Z [36m304[0m 23.517 ms - -[0m
2026-02-20 21:21:27 info: [0mGET /api/v1/reports/plant?start=2026-01-01T00%3A00%3A00.000Z&stop=2026-01-18T23%3A59%3A59.999Z [36m304[0m 9.177 ms - -[0m
2026-02-20 21:21:27 info: [0mGET /api/v1/soil/ideals [36m304[0m 0.662 ms - -[0m
2026-02-20 21:21:27 info: [0mGET /api/v1/reports/plant?start=2026-01-01T00%3A00%3A00.000Z&stop=2026-01-18T23%3A59%3A59.999Z [36m304[0m 7.408 ms - -[0m
2026-02-20 21:21:29 info: [0mGET /api/v1/soil/data?start=2026-01-01T00%3A00%3A00.000Z&end=2026-01-18T23%3A59%3A59.999Z&limit=500 [36m304[0m 15.565 ms - -[0m
2026-02-20 21:21:29 info: [0mGET /api/v1/soil/data?start=2026-01-01T00%3A00%3A00.000Z&end=2026-01-18T23%3A59%3A59.999Z&limit=500 [36m304[0m 37.031 ms - -[0m
2026-02-20 21:21:29 info: [0mGET /api/v1/soil/ideals [36m304[0m 0.485 ms - -[0m
2026-02-20 21:21:29 info: [0mGET /api/v1/soil/ideals [36m304[0m 0.734 ms - -[0m
2026-02-20 21:21:32 info: [0mGET /api/v1/reports/plant?start=2026-01-01T00%3A00%3A00.000Z&stop=2026-01-18T23%3A59%3A59.999Z [36m304[0m 9.809 ms - -[0m
2026-02-20 21:21:32 info: [0mGET /api/v1/soil/data?limit=500&start=2026-01-01T00%3A00%3A00.000Z&end=2026-01-18T23%3A59%3A59.999Z [36m304[0m 30.396 ms - -[0m
2026-02-20 21:21:32 info: [0mGET /api/v1/reports/plant?start=2026-01-01T00%3A00%3A00.000Z&stop=2026-01-18T23%3A59%3A59.999Z [36m304[0m 11.902 ms - -[0m
2026-02-20 21:21:32 info: [0mGET /api/v1/soil/data?limit=500&start=2026-01-01T00%3A00%3A00.000Z&end=2026-01-18T23%3A59%3A59.999Z [36m304[0m 15.969 ms - -[0m
2026-02-20 21:21:32 info: [0mGET /api/v1/soil/ideals [36m304[0m 0.595 ms - -[0m
2026-02-20 21:21:32 info: [0mGET /api/v1/soil/ideals [36m304[0m 0.650 ms - -[0m
2026-02-20 21:21:32 info: [0mGET /api/v1/reports/plant?start=2026-01-01T00%3A00%3A00.000Z&stop=2026-01-18T23%3A59%3A59.999Z [36m304[0m 7.522 ms - -[0m
2026-02-20 21:21:32 info: [0mGET /api/v1/reports/plant?start=2026-01-01T00%3A00%3A00.000Z&stop=2026-01-18T23%3A59%3A59.999Z [36m304[0m 9.968 ms - -[0m
2026-02-20 21:21:34 info: [0mGET /api/v1/soil/data?start=2026-01-01T00%3A00%3A00.000Z&end=2026-01-18T23%3A59%3A59.999Z&limit=500 [36m304[0m 9.308 ms - -[0m
2026-02-20 21:21:34 info: [0mGET /api/v1/soil/data?start=2026-01-01T00%3A00%3A00.000Z&end=2026-01-18T23%3A59%3A59.999Z&limit=500 [36m304[0m 20.187 ms - -[0m
2026-02-20 21:21:34 info: [0mGET /api/v1/soil/ideals [36m304[0m 0.437 ms - -[0m
2026-02-20 21:21:34 info: [0mGET /api/v1/soil/ideals [36m304[0m 0.423 ms - -[0m
2026-02-20 21:21:52 info: [0mGET /api/v1/soil/data?start=2026-01-07T00%3A00%3A00.000Z&end=2026-01-31T23%3A59%3A59.999Z&limit=500 [32m200[0m 64.420 ms - 48738[0m
2026-02-20 21:21:52 info: [0mGET /api/v1/soil/ideals [36m304[0m 0.491 ms - -[0m
2026-02-20 21:21:58 info: [0mGET /api/v1/soil/ideals [36m304[0m 0.529 ms - -[0m
2026-02-20 21:21:59 info: [0mGET /api/v1/soil/data?start=2026-01-07T00%3A00%3A00.000Z&end=2026-01-31T23%3A59%3A59.999Z&limit=500 [36m304[0m 30.692 ms - -[0m
2026-02-20 21:21:59 info: [0mGET /api/v1/soil/ideals [36m304[0m 0.754 ms - -[0m
2026-02-20 21:21:59 info: [0mGET /api/v1/soil/data?start=2026-01-07T00%3A00%3A00.000Z&end=2026-01-31T23%3A59%3A59.999Z&limit=500 [36m304[0m 18.660 ms - -[0m
2026-02-20 21:22:04 info: [0mGET /api/v1/soil/data?start=2026-01-07T00%3A00%3A00.000Z&end=2026-01-31T23%3A59%3A59.999Z&limit=500 [36m304[0m 32.638 ms - -[0m
2026-02-20 21:22:04 info: [0mGET /api/v1/soil/data?start=2026-01-07T00%3A00%3A00.000Z&end=2026-01-31T23%3A59%3A59.999Z&limit=500 [36m304[0m 29.018 ms - -[0m
2026-02-20 21:22:04 info: [0mGET /api/v1/soil/ideals [36m304[0m 0.570 ms - -[0m
2026-02-20 21:22:04 info: [0mGET /api/v1/soil/ideals [36m304[0m 0.408 ms - -[0m
2026-02-20 21:22:10 info: [0mGET /api/v1/soil/table?start=2026-01-07T00:00:00.000Z&end=2026-01-31T23:59:59.999Z&type=macro&mode=count&limit=500 [32m200[0m 70.084 ms - 14014[0m
2026-02-20 21:22:10 info: [0mGET /api/v1/soil/table?start=2026-01-07T00:00:00.000Z&end=2026-01-31T23:59:59.999Z&type=macro&mode=count&limit=500 [36m304[0m 38.968 ms - -[0m
2026-02-20 21:22:10 info: [0mGET /api/v1/soil/data?start=2026-01-07T00:00:00.000Z&end=2026-01-31T23:59:59.999Z&limit=500 [32m200[0m 22.350 ms - 48738[0m
2026-02-20 21:22:10 info: [0mGET /api/v1/soil/data?start=2026-01-07T00:00:00.000Z&end=2026-01-31T23:59:59.999Z&limit=500 [36m304[0m 13.791 ms - -[0m
2026-02-20 21:22:10 info: [0mGET /api/v1/soil/ideals [36m304[0m 0.605 ms - -[0m
2026-02-20 21:22:10 info: [0mGET /api/v1/soil/ideals [36m304[0m 0.615 ms - -[0m
2026-02-20 21:22:12 info: [0mGET /api/v1/reports/plant?start=2026-01-07T00%3A00%3A00.000Z&stop=2026-01-31T23%3A59%3A59.999Z [32m200[0m 14.055 ms - 34913[0m
2026-02-20 21:22:12 info: [0mGET /api/v1/soil/data?limit=500&start=2026-01-07T00%3A00%3A00.000Z&end=2026-01-31T23%3A59%3A59.999Z [32m200[0m 36.527 ms - 48738[0m
2026-02-20 21:22:12 info: [0mGET /api/v1/reports/plant?start=2026-01-07T00%3A00%3A00.000Z&stop=2026-01-31T23%3A59%3A59.999Z [36m304[0m 19.503 ms - -[0m
2026-02-20 21:22:12 info: [0mGET /api/v1/soil/data?limit=500&start=2026-01-07T00%3A00%3A00.000Z&end=2026-01-31T23%3A59%3A59.999Z [36m304[0m 37.543 ms - -[0m
2026-02-20 21:22:12 info: [0mGET /api/v1/soil/ideals [36m304[0m 0.808 ms - -[0m
2026-02-20 21:22:12 info: [0mGET /api/v1/soil/ideals [36m304[0m 1.176 ms - -[0m
2026-02-20 21:22:12 info: [0mGET /api/v1/reports/plant?start=2026-01-07T00%3A00%3A00.000Z&stop=2026-01-31T23%3A59%3A59.999Z [36m304[0m 6.241 ms - -[0m
2026-02-20 21:22:12 info: [0mGET /api/v1/reports/plant?start=2026-01-07T00%3A00%3A00.000Z&stop=2026-01-31T23%3A59%3A59.999Z [36m304[0m 5.339 ms - -[0m
2026-02-20 21:22:13 info: [0mGET /api/v1/soil/table?start=2026-01-07T00:00:00.000Z&end=2026-01-31T23:59:59.999Z&type=macro&mode=count&limit=500 [36m304[0m 27.746 ms - -[0m
2026-02-20 21:22:13 info: [0mGET /api/v1/soil/table?start=2026-01-07T00:00:00.000Z&end=2026-01-31T23:59:59.999Z&type=macro&mode=count&limit=500 [36m304[0m 24.284 ms - -[0m
2026-02-20 21:22:13 info: [0mGET /api/v1/soil/data?start=2026-01-07T00:00:00.000Z&end=2026-01-31T23:59:59.999Z&limit=500 [36m304[0m 12.069 ms - -[0m
2026-02-20 21:22:14 info: [0mGET /api/v1/soil/data?start=2026-01-07T00:00:00.000Z&end=2026-01-31T23:59:59.999Z&limit=500 [36m304[0m 16.655 ms - -[0m
2026-02-20 21:22:14 info: [0mGET /api/v1/soil/ideals [36m304[0m 0.620 ms - -[0m
2026-02-20 21:22:14 info: [0mGET /api/v1/soil/ideals [36m304[0m 1.801 ms - -[0m
2026-02-20 21:22:14 info: [0mGET /api/v1/soil/data?start=2026-01-07T00%3A00%3A00.000Z&end=2026-01-31T23%3A59%3A59.999Z&limit=500 [36m304[0m 19.333 ms - -[0m
2026-02-20 21:22:14 info: [0mGET /api/v1/soil/ideals [36m304[0m 0.520 ms - -[0m
2026-02-20 21:22:14 info: [0mGET /api/v1/soil/data?start=2026-01-07T00%3A00%3A00.000Z&end=2026-01-31T23%3A59%3A59.999Z&limit=500 [36m304[0m 23.905 ms - -[0m
2026-02-20 21:22:15 info: [0mGET /api/v1/soil/ideals [36m304[0m 0.377 ms - -[0m
2026-02-20 21:22:24 info: [0mGET /api/v1/soil/table?start=2026-01-07T00:00:00.000Z&end=2026-01-31T23:59:59.999Z&type=macro&mode=count&limit=500 [36m304[0m 44.429 ms - -[0m
2026-02-20 21:22:24 info: [0mGET /api/v1/soil/table?start=2026-01-07T00:00:00.000Z&end=2026-01-31T23:59:59.999Z&type=macro&mode=count&limit=500 [36m304[0m 35.477 ms - -[0m
2026-02-20 21:22:24 info: [0mGET /api/v1/soil/data?start=2026-01-07T00:00:00.000Z&end=2026-01-31T23:59:59.999Z&limit=500 [36m304[0m 14.845 ms - -[0m
2026-02-20 21:22:24 info: [0mGET /api/v1/soil/ideals [36m304[0m 0.379 ms - -[0m
2026-02-20 21:22:24 info: [0mGET /api/v1/soil/data?start=2026-01-07T00:00:00.000Z&end=2026-01-31T23:59:59.999Z&limit=500 [36m304[0m 25.420 ms - -[0m
2026-02-20 21:22:24 info: [0mGET /api/v1/soil/ideals [36m304[0m 0.303 ms - -[0m
2026-02-20 21:22:25 info: [0mGET /api/v1/soil/data?start=2026-01-07T00%3A00%3A00.000Z&end=2026-01-31T23%3A59%3A59.999Z&limit=500 [36m304[0m 23.751 ms - -[0m
2026-02-20 21:22:25 info: [0mGET /api/v1/soil/data?start=2026-01-07T00%3A00%3A00.000Z&end=2026-01-31T23%3A59%3A59.999Z&limit=500 [36m304[0m 14.262 ms - -[0m
2026-02-20 21:22:25 info: [0mGET /api/v1/soil/ideals [36m304[0m 0.333 ms - -[0m
2026-02-20 21:22:25 info: [0mGET /api/v1/soil/ideals [36m304[0m 0.570 ms - -[0m
2026-02-20 21:24:28 info: [0mGET /api/v1/soil/table?start=2026-01-07T00:00:00.000Z&end=2026-01-31T23:59:59.999Z&type=macro&mode=count&limit=500 [36m304[0m 43.449 ms - -[0m
2026-02-20 21:24:28 info: [0mGET /api/v1/soil/table?start=2026-01-07T00:00:00.000Z&end=2026-01-31T23:59:59.999Z&type=macro&mode=count&limit=500 [36m304[0m 25.936 ms - -[0m
2026-02-20 21:24:28 info: [0mGET /api/v1/soil/data?start=2026-01-07T00:00:00.000Z&end=2026-01-31T23:59:59.999Z&limit=500 [36m304[0m 36.528 ms - -[0m
2026-02-20 21:24:28 info: [0mGET /api/v1/soil/data?start=2026-01-07T00:00:00.000Z&end=2026-01-31T23:59:59.999Z&limit=500 [36m304[0m 16.159 ms - -[0m
2026-02-20 21:24:28 info: [0mGET /api/v1/soil/ideals [36m304[0m 0.598 ms - -[0m
2026-02-20 21:24:28 info: [0mGET /api/v1/soil/ideals [36m304[0m 0.349 ms - -[0m
2026-02-20 21:24:28 info: [0mGET /api/v1/soil/ideals [36m304[0m 0.664 ms - -[0m
2026-02-20 21:24:28 info: [0mGET /api/v1/soil/data?start=2026-01-07T00%3A00%3A00.000Z&end=2026-01-31T23%3A59%3A59.999Z&limit=500 [36m304[0m 20.846 ms - -[0m
2026-02-20 21:24:28 info: [0mGET /api/v1/soil/ideals [36m304[0m 0.470 ms - -[0m
2026-02-20 21:24:28 info: [0mGET /api/v1/soil/data?start=2026-01-07T00%3A00%3A00.000Z&end=2026-01-31T23%3A59%3A59.999Z&limit=500 [36m304[0m 15.031 ms - -[0m
2026-02-20 21:24:30 info: [0mGET /api/v1/soil/data?start=2026-01-07T00%3A00%3A00.000Z&end=2026-01-31T23%3A59%3A59.999Z&limit=500 [36m304[0m 19.409 ms - -[0m
2026-02-20 21:24:30 info: [0mGET /api/v1/soil/data?start=2026-01-07T00%3A00%3A00.000Z&end=2026-01-31T23%3A59%3A59.999Z&limit=500 [36m304[0m 15.962 ms - -[0m
2026-02-20 21:24:30 info: [0mGET /api/v1/soil/ideals [36m304[0m 0.389 ms - -[0m
2026-02-20 21:24:30 info: [0mGET /api/v1/soil/ideals [36m304[0m 0.426 ms - -[0m
2026-02-20 21:26:22 info: [0mGET /api/v1/soil/table?start=2026-01-07T00:00:00.000Z&end=2026-01-31T23:59:59.999Z&type=macro&mode=count&limit=500 [36m304[0m 32.490 ms - -[0m
2026-02-20 21:26:22 info: [0mGET /api/v1/soil/table?start=2026-01-07T00:00:00.000Z&end=2026-01-31T23:59:59.999Z&type=macro&mode=count&limit=500 [36m304[0m 54.122 ms - -[0m
2026-02-20 21:26:22 info: [0mGET /api/v1/soil/data?start=2026-01-07T00:00:00.000Z&end=2026-01-31T23:59:59.999Z&limit=500 [36m304[0m 15.506 ms - -[0m
2026-02-20 21:26:22 info: [0mGET /api/v1/soil/ideals [36m304[0m 1.655 ms - -[0m
2026-02-20 21:26:22 info: [0mGET /api/v1/soil/data?start=2026-01-07T00:00:00.000Z&end=2026-01-31T23:59:59.999Z&limit=500 [36m304[0m 24.921 ms - -[0m
2026-02-20 21:26:22 info: [0mGET /api/v1/soil/ideals [36m304[0m 0.442 ms - -[0m
2026-02-20 21:29:40 info: [0mGET /api/v1/soil/data?start=2026-01-07T00%3A00%3A00.000Z&end=2026-01-31T23%3A59%3A59.999Z&limit=500 [36m304[0m 32.770 ms - -[0m
2026-02-20 21:29:40 info: [0mGET /api/v1/soil/data?start=2026-01-07T00%3A00%3A00.000Z&end=2026-01-31T23%3A59%3A59.999Z&limit=500 [36m304[0m 55.491 ms - -[0m
2026-02-20 21:29:40 info: [0mGET /api/v1/soil/ideals [36m304[0m 1.517 ms - -[0m
2026-02-20 21:29:40 info: [0mGET /api/v1/soil/ideals [36m304[0m 0.434 ms - -[0m
2026-02-20 21:30:28 info: [0mGET /api/v1/soil/table?start=2026-01-07T00:00:00.000Z&end=2026-01-31T23:59:59.999Z&type=macro&mode=count&limit=500 [36m304[0m 38.619 ms - -[0m
2026-02-20 21:30:28 info: [0mGET /api/v1/soil/table?start=2026-01-07T00:00:00.000Z&end=2026-01-31T23:59:59.999Z&type=macro&mode=count&limit=500 [36m304[0m 170.171 ms - -[0m
2026-02-20 21:30:28 info: [0mGET /api/v1/soil/data?start=2026-01-07T00:00:00.000Z&end=2026-01-31T23:59:59.999Z&limit=500 [36m304[0m 35.565 ms - -[0m
2026-02-20 21:30:28 info: [0mGET /api/v1/soil/ideals [36m304[0m 0.394 ms - -[0m
2026-02-20 21:30:28 info: [0mGET /api/v1/soil/data?start=2026-01-07T00:00:00.000Z&end=2026-01-31T23:59:59.999Z&limit=500 [36m304[0m 13.981 ms - -[0m
2026-02-20 21:30:28 info: [0mGET /api/v1/soil/ideals [36m304[0m 0.354 ms - -[0m
2026-02-20 21:33:15 info: [0mGET /api/v1/soil/data?start=2026-01-07T00%3A00%3A00.000Z&end=2026-01-31T23%3A59%3A59.999Z&limit=500 [36m304[0m 210.726 ms - -[0m
2026-02-20 21:33:15 info: [0mGET /api/v1/soil/data?start=2026-01-07T00%3A00%3A00.000Z&end=2026-01-31T23%3A59%3A59.999Z&limit=500 [36m304[0m 38.192 ms - -[0m
2026-02-20 21:33:15 info: [0mGET /api/v1/soil/ideals [36m304[0m 0.373 ms - -[0m
2026-02-20 21:33:15 info: [0mGET /api/v1/soil/ideals [36m304[0m 0.682 ms - -[0m
2026-02-20 21:33:19 info: [0mGET /api/v1/soil/data?start=2026-01-07T00%3A00%3A00.000Z&end=2026-01-31T23%3A59%3A59.999Z&limit=500 [36m304[0m 18.032 ms - -[0m
2026-02-20 21:33:19 info: [0mGET /api/v1/soil/data?start=2026-01-07T00%3A00%3A00.000Z&end=2026-01-31T23%3A59%3A59.999Z&limit=500 [36m304[0m 20.961 ms - -[0m
2026-02-20 21:33:19 info: [0mGET /api/v1/soil/ideals [36m304[0m 0.346 ms - -[0m
2026-02-20 21:33:19 info: [0mGET /api/v1/soil/ideals [36m304[0m 0.427 ms - -[0m
2026-02-20 21:33:28 info: [0mGET /api/v1/soil/data?start=2026-01-07T00%3A00%3A00.000Z&end=2026-01-31T23%3A59%3A59.999Z&limit=500 [36m304[0m 34.107 ms - -[0m
2026-02-20 21:33:28 info: [0mGET /api/v1/soil/data?start=2026-01-07T00%3A00%3A00.000Z&end=2026-01-31T23%3A59%3A59.999Z&limit=500 [36m304[0m 29.946 ms - -[0m
2026-02-20 21:33:28 info: [0mGET /api/v1/soil/ideals [36m304[0m 0.505 ms - -[0m
2026-02-20 21:33:28 info: [0mGET /api/v1/soil/ideals [36m304[0m 0.545 ms - -[0m
2026-02-20 21:33:30 info: [0mGET /api/v1/soil/table?start=2026-01-07T00:00:00.000Z&end=2026-01-31T23:59:59.999Z&type=macro&mode=count&limit=500 [36m304[0m 43.009 ms - -[0m
2026-02-20 21:33:31 info: [0mGET /api/v1/soil/table?start=2026-01-07T00:00:00.000Z&end=2026-01-31T23:59:59.999Z&type=macro&mode=count&limit=500 [36m304[0m 26.242 ms - -[0m
2026-02-20 21:33:31 info: [0mGET /api/v1/soil/data?start=2026-01-07T00:00:00.000Z&end=2026-01-31T23:59:59.999Z&limit=500 [36m304[0m 19.342 ms - -[0m
2026-02-20 21:33:31 info: [0mGET /api/v1/soil/data?start=2026-01-07T00:00:00.000Z&end=2026-01-31T23:59:59.999Z&limit=500 [36m304[0m 15.870 ms - -[0m
2026-02-20 21:33:31 info: [0mGET /api/v1/soil/ideals [36m304[0m 0.441 ms - -[0m
2026-02-20 21:33:31 info: [0mGET /api/v1/soil/ideals [36m304[0m 0.974 ms - -[0m
2026-02-20 21:33:32 info: [0mGET /api/v1/reports/plant?start=2026-01-07T00%3A00%3A00.000Z&stop=2026-01-31T23%3A59%3A59.999Z [36m304[0m 9.658 ms - -[0m
2026-02-20 21:33:32 info: [0mGET /api/v1/soil/data?limit=500&start=2026-01-07T00%3A00%3A00.000Z&end=2026-01-31T23%3A59%3A59.999Z [36m304[0m 22.202 ms - -[0m
2026-02-20 21:33:32 info: [0mGET /api/v1/reports/plant?start=2026-01-07T00%3A00%3A00.000Z&stop=2026-01-31T23%3A59%3A59.999Z [36m304[0m 21.725 ms - -[0m
2026-02-20 21:33:32 info: [0mGET /api/v1/soil/data?limit=500&start=2026-01-07T00%3A00%3A00.000Z&end=2026-01-31T23%3A59%3A59.999Z [36m304[0m 29.761 ms - -[0m
2026-02-20 21:33:32 info: [0mGET /api/v1/soil/ideals [36m304[0m 1.409 ms - -[0m
2026-02-20 21:33:32 info: [0mGET /api/v1/soil/ideals [36m304[0m 0.848 ms - -[0m
2026-02-20 21:33:32 info: [0mGET /api/v1/reports/plant?start=2026-01-07T00%3A00%3A00.000Z&stop=2026-01-31T23%3A59%3A59.999Z [36m304[0m 7.765 ms - -[0m
2026-02-20 21:33:32 info: [0mGET /api/v1/reports/plant?start=2026-01-07T00%3A00%3A00.000Z&stop=2026-01-31T23%3A59%3A59.999Z [36m304[0m 8.005 ms - -[0m
2026-02-20 21:33:32 info: [0mGET /api/v1/soil/data?start=2026-01-07T00%3A00%3A00.000Z&end=2026-01-31T23%3A59%3A59.999Z&limit=500 [36m304[0m 19.053 ms - -[0m
2026-02-20 21:33:32 info: [0mGET /api/v1/soil/data?start=2026-01-07T00%3A00%3A00.000Z&end=2026-01-31T23%3A59%3A59.999Z&limit=500 [36m304[0m 16.053 ms - -[0m
2026-02-20 21:33:32 info: [0mGET /api/v1/soil/ideals [36m304[0m 0.414 ms - -[0m
2026-02-20 21:33:32 info: [0mGET /api/v1/soil/ideals [36m304[0m 0.420 ms - -[0m
2026-02-20 21:33:34 info: [0mGET /api/v1/soil/ideals [36m304[0m 0.697 ms - -[0m
2026-02-20 21:33:34 info: [0mGET /api/v1/soil/data?start=2026-01-07T00%3A00%3A00.000Z&end=2026-01-31T23%3A59%3A59.999Z&limit=500 [36m304[0m 21.902 ms - -[0m
2026-02-20 21:33:34 info: [0mGET /api/v1/soil/ideals [36m304[0m 1.139 ms - -[0m
2026-02-20 21:33:34 info: [0mGET /api/v1/soil/data?start=2026-01-07T00%3A00%3A00.000Z&end=2026-01-31T23%3A59%3A59.999Z&limit=500 [36m304[0m 13.635 ms - -[0m
2026-02-20 21:33:35 info: [0mGET /api/v1/soil/data?start=2026-01-07T00%3A00%3A00.000Z&end=2026-01-31T23%3A59%3A59.999Z&limit=500 [36m304[0m 18.033 ms - -[0m
2026-02-20 21:33:35 info: [0mGET /api/v1/soil/ideals [36m304[0m 0.404 ms - -[0m
2026-02-20 21:33:35 info: [0mGET /api/v1/soil/data?start=2026-01-07T00%3A00%3A00.000Z&end=2026-01-31T23%3A59%3A59.999Z&limit=500 [36m304[0m 25.404 ms - -[0m
2026-02-20 21:33:36 info: [0mGET /api/v1/soil/ideals [36m304[0m 0.460 ms - -[0m
2026-02-20 21:33:37 info: [0mGET /api/v1/soil/table?start=2026-01-07T00:00:00.000Z&end=2026-01-31T23:59:59.999Z&type=macro&mode=count&limit=500 [36m304[0m 20.455 ms - -[0m
2026-02-20 21:33:37 info: [0mGET /api/v1/soil/table?start=2026-01-07T00:00:00.000Z&end=2026-01-31T23:59:59.999Z&type=macro&mode=count&limit=500 [36m304[0m 21.968 ms - -[0m
2026-02-20 21:33:37 info: [0mGET /api/v1/soil/data?start=2026-01-07T00:00:00.000Z&end=2026-01-31T23:59:59.999Z&limit=500 [36m304[0m 10.128 ms - -[0m
2026-02-20 21:33:37 info: [0mGET /api/v1/soil/data?start=2026-01-07T00:00:00.000Z&end=2026-01-31T23:59:59.999Z&limit=500 [36m304[0m 10.945 ms - -[0m
2026-02-20 21:33:37 info: [0mGET /api/v1/soil/ideals [36m304[0m 0.712 ms - -[0m
2026-02-20 21:33:37 info: [0mGET /api/v1/soil/ideals [36m304[0m 0.423 ms - -[0m
2026-02-20 23:09:11 info: [0mGET /api/v1/soil/table?start=2026-01-07T00:00:00.000Z&end=2026-01-31T23:59:59.999Z&type=macro&mode=count&limit=500 [36m304[0m 283.549 ms - -[0m
2026-02-20 23:09:11 info: [0mGET /api/v1/soil/table?start=2026-01-07T00:00:00.000Z&end=2026-01-31T23:59:59.999Z&type=macro&mode=count&limit=500 [36m304[0m 40.140 ms - -[0m
2026-02-20 23:09:12 info: [0mGET /api/v1/soil/data?start=2026-01-07T00:00:00.000Z&end=2026-01-31T23:59:59.999Z&limit=500 [36m304[0m 119.233 ms - -[0m
2026-02-20 23:09:12 info: [0mGET /api/v1/soil/data?start=2026-01-07T00:00:00.000Z&end=2026-01-31T23:59:59.999Z&limit=500 [36m304[0m 36.132 ms - -[0m
2026-02-20 23:09:13 info: [0mGET /api/v1/soil/ideals [36m304[0m 0.830 ms - -[0m
2026-02-20 23:09:13 info: [0mGET /api/v1/soil/ideals [36m304[0m 0.569 ms - -[0m
2026-02-20 23:09:16 info: [0mGET /api/v1/soil/data?start=2026-01-07T00%3A00%3A00.000Z&end=2026-01-31T23%3A59%3A59.999Z&limit=500 [36m304[0m 56.604 ms - -[0m
2026-02-20 23:09:16 info: [0mGET /api/v1/soil/ideals [36m304[0m 0.913 ms - -[0m
2026-02-20 23:09:16 info: [0mGET /api/v1/soil/data?start=2026-01-07T00%3A00%3A00.000Z&end=2026-01-31T23%3A59%3A59.999Z&limit=500 [36m304[0m 50.572 ms - -[0m
2026-02-20 23:09:17 info: [0mGET /api/v1/soil/ideals [36m304[0m 0.603 ms - -[0m
2026-02-20 23:09:32 info: [0mGET /api/v1/soil/data?start=2026-01-15T00%3A00%3A00.000Z&end=2026-01-24T23%3A59%3A59.999Z&limit=500 [32m200[0m 10.990 ms - 19544[0m
2026-02-20 23:09:32 info: [0mGET /api/v1/soil/ideals [36m304[0m 0.642 ms - -[0m
2026-02-20 23:12:46 info: [0mGET /api/v1/soil/table?start=2026-01-15T00:00:00.000Z&end=2026-01-24T23:59:59.999Z&type=macro&mode=count&limit=500 [32m200[0m 133.062 ms - 5688[0m
2026-02-20 23:12:46 info: [0mGET /api/v1/soil/table?start=2026-01-15T00:00:00.000Z&end=2026-01-24T23:59:59.999Z&type=macro&mode=count&limit=500 [36m304[0m 17.413 ms - -[0m
2026-02-20 23:12:46 info: [0mGET /api/v1/soil/data?start=2026-01-15T00:00:00.000Z&end=2026-01-24T23:59:59.999Z&limit=500 [32m200[0m 23.365 ms - 19544[0m
2026-02-20 23:12:46 info: [0mGET /api/v1/soil/data?start=2026-01-15T00:00:00.000Z&end=2026-01-24T23:59:59.999Z&limit=500 [36m304[0m 10.442 ms - -[0m
2026-02-20 23:12:46 info: [0mGET /api/v1/soil/ideals [36m304[0m 0.540 ms - -[0m
2026-02-20 23:12:46 info: [0mGET /api/v1/soil/ideals [36m304[0m 0.464 ms - -[0m
2026-02-20 23:12:59 info: [0mGET /api/v1/soil/data?start=2026-01-15T00%3A00%3A00.000Z&end=2026-01-24T23%3A59%3A59.999Z&limit=500 [36m304[0m 83.488 ms - -[0m
2026-02-20 23:12:59 info: [0mGET /api/v1/soil/data?start=2026-01-15T00%3A00%3A00.000Z&end=2026-01-24T23%3A59%3A59.999Z&limit=500 [36m304[0m 27.018 ms - -[0m
2026-02-20 23:12:59 info: [0mGET /api/v1/soil/ideals [36m304[0m 0.538 ms - -[0m
2026-02-20 23:12:59 info: [0mGET /api/v1/soil/ideals [36m304[0m 0.667 ms - -[0m
2026-02-20 23:13:03 info: [0mGET /api/v1/soil/table?start=2026-01-15T00:00:00.000Z&end=2026-01-24T23:59:59.999Z&type=macro&mode=count&limit=500 [36m304[0m 53.322 ms - -[0m
2026-02-20 23:13:04 info: [0mGET /api/v1/soil/table?start=2026-01-15T00:00:00.000Z&end=2026-01-24T23:59:59.999Z&type=macro&mode=count&limit=500 [36m304[0m 699.195 ms - -[0m
2026-02-20 23:13:04 info: [0mGET /api/v1/soil/data?start=2026-01-15T00:00:00.000Z&end=2026-01-24T23:59:59.999Z&limit=500 [36m304[0m 724.289 ms - -[0m
2026-02-20 23:13:04 info: [0mGET /api/v1/soil/ideals [36m304[0m 0.519 ms - -[0m
2026-02-20 23:13:04 info: [0mGET /api/v1/soil/data?start=2026-01-15T00:00:00.000Z&end=2026-01-24T23:59:59.999Z&limit=500 [36m304[0m 54.252 ms - -[0m
2026-02-20 23:13:04 info: [0mGET /api/v1/soil/ideals [36m304[0m 0.962 ms - -[0m
2026-02-20 23:13:05 info: [0mGET /api/v1/soil/data?start=2026-01-15T00%3A00%3A00.000Z&end=2026-01-24T23%3A59%3A59.999Z&limit=500 [36m304[0m 11.240 ms - -[0m
2026-02-20 23:13:05 info: [0mGET /api/v1/soil/data?start=2026-01-15T00%3A00%3A00.000Z&end=2026-01-24T23%3A59%3A59.999Z&limit=500 [36m304[0m 10.459 ms - -[0m
2026-02-20 23:13:05 info: [0mGET /api/v1/soil/ideals [36m304[0m 0.578 ms - -[0m
2026-02-20 23:13:05 info: [0mGET /api/v1/soil/ideals [36m304[0m 0.407 ms - -[0m
2026-02-20 23:29:58 info: [0mGET /api/v1/soil/data?start=2026-01-15T00%3A00%3A00.000Z&end=2026-01-24T23%3A59%3A59.999Z&limit=500 [36m304[0m 120.043 ms - -[0m
2026-02-20 23:29:58 info: [0mGET /api/v1/soil/ideals [36m304[0m 0.864 ms - -[0m
2026-02-20 23:31:20 info: [0mGET /api/v1/soil/data?start=2026-01-15T00%3A00%3A00.000Z&end=2026-01-24T23%3A59%3A59.999Z&limit=500 [36m304[0m 100.058 ms - -[0m
2026-02-20 23:31:20 info: [0mGET /api/v1/soil/ideals [36m304[0m 0.940 ms - -[0m
2026-02-20 23:31:32 info: [0mGET /api/v1/soil/data?start=2026-01-15T00%3A00%3A00.000Z&end=2026-01-24T23%3A59%3A59.999Z&limit=500 [36m304[0m 16.190 ms - -[0m
2026-02-20 23:31:32 info: [0mGET /api/v1/soil/ideals [36m304[0m 1.646 ms - -[0m
2026-02-20 23:31:36 info: [0mGET /api/v1/soil/data?start=2026-01-15T00%3A00%3A00.000Z&end=2026-01-24T23%3A59%3A59.999Z&limit=500 [36m304[0m 9.403 ms - -[0m
2026-02-20 23:31:36 info: [0mGET /api/v1/soil/data?start=2026-01-15T00%3A00%3A00.000Z&end=2026-01-24T23%3A59%3A59.999Z&limit=500 [36m304[0m 6.989 ms - -[0m
2026-02-20 23:31:37 info: [0mGET /api/v1/soil/ideals [36m304[0m 0.426 ms - -[0m
2026-02-20 23:31:37 info: [0mGET /api/v1/soil/ideals [36m304[0m 0.869 ms - -[0m
2026-02-20 23:38:43 info: [0mGET /api/v1/soil/data?start=2026-01-15T00%3A00%3A00.000Z&end=2026-01-24T23%3A59%3A59.999Z&limit=500 [36m304[0m 177.454 ms - -[0m
2026-02-20 23:38:43 info: [0mGET /api/v1/soil/ideals [36m304[0m 1.068 ms - -[0m
2026-02-20 23:39:38 info: [0mGET /api/v1/soil/data?start=2026-01-15T00%3A00%3A00.000Z&end=2026-01-24T23%3A59%3A59.999Z&limit=500 [36m304[0m 6.128 ms - -[0m
2026-02-20 23:39:38 info: [0mGET /api/v1/soil/ideals [36m304[0m 0.370 ms - -[0m
2026-02-20 23:47:34 info: [0mGET /api/v1/soil/data?start=2026-01-15T00%3A00%3A00.000Z&end=2026-01-24T23%3A59%3A59.999Z&limit=500 [36m304[0m 132.981 ms - -[0m
2026-02-20 23:47:34 info: [0mGET /api/v1/soil/ideals [36m304[0m 0.873 ms - -[0m
2026-02-20 23:47:44 info: [0mGET /api/v1/soil/data?start=2026-01-15T00%3A00%3A00.000Z&end=2026-01-24T23%3A59%3A59.999Z&limit=500 [36m304[0m 8.926 ms - -[0m
2026-02-20 23:47:44 info: [0mGET /api/v1/soil/ideals [36m304[0m 0.893 ms - -[0m
2026-02-20 23:48:15 info: [0mGET /api/v1/soil/data?start=2026-01-15T00%3A00%3A00.000Z&end=2026-01-24T23%3A59%3A59.999Z&limit=500 [36m304[0m 11.520 ms - -[0m
2026-02-20 23:48:15 info: [0mGET /api/v1/soil/ideals [36m304[0m 0.415 ms - -[0m
2026-02-20 23:48:29 info: [0mGET /api/v1/soil/data?start=2026-01-15T00%3A00%3A00.000Z&end=2026-01-24T23%3A59%3A59.999Z&limit=500 [36m304[0m 9.726 ms - -[0m
2026-02-20 23:48:29 info: [0mGET /api/v1/soil/ideals [36m304[0m 0.314 ms - -[0m
2026-02-20 23:48:52 info: [0mGET /api/v1/soil/data?start=2026-01-15T00%3A00%3A00.000Z&end=2026-01-24T23%3A59%3A59.999Z&limit=500 [36m304[0m 6.771 ms - -[0m
2026-02-20 23:48:52 info: [0mGET /api/v1/soil/ideals [36m304[0m 0.727 ms - -[0m
2026-02-20 23:48:59 info: [0mGET /api/v1/soil/data?start=2026-01-15T00%3A00%3A00.000Z&end=2026-01-24T23%3A59%3A59.999Z&limit=500 [36m304[0m 29.159 ms - -[0m
2026-02-20 23:48:59 info: [0mGET /api/v1/soil/ideals [36m304[0m 0.580 ms - -[0m
2026-02-20 23:49:46 info: [0mGET /api/v1/soil/data?start=2026-01-15T00%3A00%3A00.000Z&end=2026-01-24T23%3A59%3A59.999Z&limit=500 [36m304[0m 22.484 ms - -[0m
2026-02-20 23:49:46 info: [0mGET /api/v1/soil/ideals [36m304[0m 1.087 ms - -[0m
2026-02-20 23:50:50 info: [0mGET /api/v1/soil/data?start=2026-01-15T00%3A00%3A00.000Z&end=2026-01-24T23%3A59%3A59.999Z&limit=500 [36m304[0m 11.594 ms - -[0m
2026-02-20 23:50:50 info: [0mGET /api/v1/soil/data?start=2026-01-15T00%3A00%3A00.000Z&end=2026-01-24T23%3A59%3A59.999Z&limit=500 [36m304[0m 31.011 ms - -[0m
2026-02-20 23:50:50 info: [0mGET /api/v1/soil/ideals [36m304[0m 0.832 ms - -[0m
2026-02-20 23:50:50 info: [0mGET /api/v1/soil/ideals [36m304[0m 0.330 ms - -[0m
2026-02-20 23:57:11 info: [0mGET /api/v1/soil/data?start=2026-01-15T00%3A00%3A00.000Z&end=2026-01-24T23%3A59%3A59.999Z&limit=500 [36m304[0m 148.171 ms - -[0m
2026-02-20 23:57:11 info: [0mGET /api/v1/soil/ideals [36m304[0m 1.486 ms - -[0m
2026-02-20 23:57:15 info: [0mGET /api/v1/soil/data?start=2026-01-15T00%3A00%3A00.000Z&end=2026-01-24T23%3A59%3A59.999Z&limit=500 [36m304[0m 8.473 ms - -[0m
2026-02-20 23:57:15 info: [0mGET /api/v1/soil/ideals [36m304[0m 0.561 ms - -[0m
