2026-02-24 18:15:41 info: [0mPOST /api/v1/auth/login [32m200[0m 427.603 ms - 794[0m
2026-02-24 18:15:41 info: [0mGET /api/v1/soil/data?start=2025-12-20T00%3A00%3A00.000Z&end=2025-12-29T00%3A00%3A00.000Z&limit=500 [32m200[0m 26.147 ms - 86[0m
2026-02-24 18:15:41 info: [0mGET /api/v1/soil/data?start=2025-12-20T00%3A00%3A00.000Z&end=2025-12-29T00%3A00%3A00.000Z&limit=500 [36m304[0m 3.976 ms - -[0m
2026-02-24 18:15:41 info: [0mGET /api/v1/soil/ideals [32m200[0m 0.749 ms - 278[0m
2026-02-24 18:15:41 info: [0mGET /api/v1/soil/ideals [36m304[0m 0.494 ms - -[0m
2026-02-24 18:15:46 info: [0mGET /api/v1/soil/data?start=2025-12-20T00%3A00%3A00.000Z&end=2025-12-29T00%3A00%3A00.000Z&limit=500 [36m304[0m 6.215 ms - -[0m
2026-02-24 18:15:46 info: [0mGET /api/v1/soil/data?start=2025-12-20T00%3A00%3A00.000Z&end=2025-12-29T00%3A00%3A00.000Z&limit=500 [36m304[0m 6.235 ms - -[0m
2026-02-24 18:15:47 info: [0mGET /api/v1/soil/ideals [36m304[0m 0.617 ms - -[0m
2026-02-24 18:15:47 info: [0mGET /api/v1/soil/ideals [36m304[0m 0.909 ms - -[0m
2026-02-24 18:16:00 info: [0mGET /api/v1/soil/data?start=2025-12-20T00%3A00%3A00.000Z&end=2025-12-29T00%3A00%3A00.000Z&limit=500 [36m304[0m 4.941 ms - -[0m
2026-02-24 18:16:00 info: [0mGET /api/v1/soil/data?start=2025-12-20T00%3A00%3A00.000Z&end=2025-12-29T00%3A00%3A00.000Z&limit=500 [36m304[0m 5.104 ms - -[0m
2026-02-24 18:16:00 info: [0mGET /api/v1/soil/ideals [36m304[0m 0.406 ms - -[0m
2026-02-24 18:16:00 info: [0mGET /api/v1/soil/ideals [36m304[0m 0.419 ms - -[0m
2026-02-24 18:16:03 info: [0mGET /api/v1/soil/table?start=2025-12-20T00:00:00.000Z&end=2025-12-29T00:00:00.000Z&type=macro&mode=count&limit=500 [32m200[0m 4.334 ms - 138[0m
2026-02-24 18:16:03 info: [0mGET /api/v1/soil/table?start=2025-12-20T00:00:00.000Z&end=2025-12-29T00:00:00.000Z&type=macro&mode=count&limit=500 [36m304[0m 3.205 ms - -[0m
2026-02-24 18:16:03 info: [0mGET /api/v1/soil/data?start=2025-12-20T00:00:00.000Z&end=2025-12-29T00:00:00.000Z&limit=500 [32m200[0m 3.295 ms - 86[0m
2026-02-24 18:16:03 info: [0mGET /api/v1/soil/data?start=2025-12-20T00:00:00.000Z&end=2025-12-29T00:00:00.000Z&limit=500 [36m304[0m 2.747 ms - -[0m
2026-02-24 18:16:03 info: [0mGET /api/v1/soil/ideals [36m304[0m 0.291 ms - -[0m
2026-02-24 18:16:03 info: [0mGET /api/v1/soil/ideals [36m304[0m 0.420 ms - -[0m
2026-02-24 18:16:03 info: [0mGET /api/v1/soil/data?limit=500&start=2025-12-20T00%3A00%3A00.000Z&end=2025-12-29T00%3A00%3A00.000Z [32m200[0m 3.732 ms - 86[0m
2026-02-24 18:16:03 info: [0mGET /api/v1/soil/data?limit=500&start=2025-12-20T00%3A00%3A00.000Z&end=2025-12-29T00%3A00%3A00.000Z [36m304[0m 2.594 ms - -[0m
2026-02-24 18:16:03 info: [0mGET /api/v1/reports/plant?start=2025-12-20T00%3A00%3A00.000Z&stop=2025-12-29T00%3A00%3A00.000Z [36m304[0m 21.307 ms - -[0m
2026-02-24 18:16:03 info: [0mGET /api/v1/soil/ideals [36m304[0m 0.327 ms - -[0m
2026-02-24 18:16:03 info: [0mGET /api/v1/soil/ideals [36m304[0m 0.309 ms - -[0m
2026-02-24 18:16:03 info: [0mGET /api/v1/reports/plant?start=2025-12-20T00%3A00%3A00.000Z&stop=2025-12-29T00%3A00%3A00.000Z [36m304[0m 8.442 ms - -[0m
2026-02-24 18:16:03 info: [0mGET /api/v1/reports/plant?start=2025-12-20T00%3A00%3A00.000Z&stop=2025-12-29T00%3A00%3A00.000Z [36m304[0m 8.428 ms - -[0m
2026-02-24 18:16:03 info: [0mGET /api/v1/reports/plant?start=2025-12-20T00%3A00%3A00.000Z&stop=2025-12-29T00%3A00%3A00.000Z [36m304[0m 5.164 ms - -[0m
2026-02-24 18:16:05 info: [0mGET /api/v1/soil/data?start=2025-12-20T00%3A00%3A00.000Z&end=2025-12-29T00%3A00%3A00.000Z&limit=500 [36m304[0m 4.571 ms - -[0m
2026-02-24 18:16:05 info: [0mGET /api/v1/soil/ideals [36m304[0m 0.521 ms - -[0m
2026-02-24 18:16:05 info: [0mGET /api/v1/soil/data?start=2025-12-20T00%3A00%3A00.000Z&end=2025-12-29T00%3A00%3A00.000Z&limit=500 [36m304[0m 4.145 ms - -[0m
2026-02-24 18:16:05 info: [0mGET /api/v1/soil/ideals [36m304[0m 0.621 ms - -[0m
2026-02-24 18:16:07 info: [0mGET /api/v1/soil/data?start=2025-12-20T00%3A00%3A00.000Z&end=2025-12-29T00%3A00%3A00.000Z&limit=500 [36m304[0m 4.590 ms - -[0m
2026-02-24 18:16:07 info: [0mGET /api/v1/soil/data?start=2025-12-20T00%3A00%3A00.000Z&end=2025-12-29T00%3A00%3A00.000Z&limit=500 [36m304[0m 4.583 ms - -[0m
2026-02-24 18:16:07 info: [0mGET /api/v1/soil/ideals [36m304[0m 0.549 ms - -[0m
2026-02-24 18:16:07 info: [0mGET /api/v1/soil/ideals [36m304[0m 0.657 ms - -[0m
2026-02-24 18:17:32 info: [0mGET /api/v1/soil/data?limit=1 [32m200[0m 2.468 ms - 461[0m
2026-02-24 18:18:00 info: [0mGET /api/v1/soil/data?start=2025-12-20T00%3A00%3A00.000Z&end=2025-12-29T00%3A00%3A00.000Z&limit=500 [36m304[0m 2.959 ms - -[0m
2026-02-24 18:18:00 info: [0mGET /api/v1/soil/data?start=2025-12-20T00%3A00%3A00.000Z&end=2025-12-29T00%3A00%3A00.000Z&limit=500 [36m304[0m 3.937 ms - -[0m
2026-02-24 18:18:00 info: [0mGET /api/v1/soil/ideals [36m304[0m 0.323 ms - -[0m
2026-02-24 18:18:00 info: [0mGET /api/v1/soil/ideals [36m304[0m 0.302 ms - -[0m
2026-02-24 18:18:03 info: [0mGET /api/v1/soil/data?start=2026-01-01T00%3A00%3A00.000Z&end=2026-02-20T00%3A00%3A00.000Z&limit=500 [32m200[0m 7.737 ms - 12620[0m
2026-02-24 18:18:03 info: [0mGET /api/v1/soil/ideals [36m304[0m 0.561 ms - -[0m
