2026-03-24 14:06:25 info: [0mPOST /api/v1/auth/login [32m200[0m 410.779 ms - 794[0m
2026-03-24 14:06:25 info: [0mGET /api/v1/soil/data?start=2026-01-01T00%3A00%3A00.000Z&end=2026-02-20T00%3A00%3A00.000Z&limit=500 [32m200[0m 36.514 ms - 12620[0m
2026-03-24 14:06:25 info: [0mGET /api/v1/soil/ideals [32m200[0m 0.751 ms - 278[0m
2026-03-24 14:06:25 info: [0mGET /api/v1/soil/data?start=2026-01-01T00%3A00%3A00.000Z&end=2026-02-20T00%3A00%3A00.000Z&limit=500 [36m304[0m 12.862 ms - -[0m
2026-03-24 14:06:25 info: [0mGET /api/v1/soil/ideals [36m304[0m 1.087 ms - -[0m
2026-03-24 14:14:31 info: [0mGET /api/v1/soil/table?start=2026-01-01T00:00:00.000Z&end=2026-02-20T00:00:00.000Z&type=macro&mode=count&limit=500 [32m200[0m 55.272 ms - 4289[0m
2026-03-24 14:14:31 info: [0mGET /api/v1/soil/table?start=2026-01-01T00:00:00.000Z&end=2026-02-20T00:00:00.000Z&type=macro&mode=count&limit=500 [36m304[0m 43.063 ms - -[0m
2026-03-24 14:14:31 info: [0mGET /api/v1/soil/data?start=2026-01-01T00:00:00.000Z&end=2026-02-20T00:00:00.000Z&limit=500 [32m200[0m 29.411 ms - 12620[0m
2026-03-24 14:14:31 info: [0mGET /api/v1/soil/data?start=2026-01-01T00:00:00.000Z&end=2026-02-20T00:00:00.000Z&limit=500 [36m304[0m 22.769 ms - -[0m
2026-03-24 14:14:31 info: [0mGET /api/v1/soil/ideals [36m304[0m 3.696 ms - -[0m
2026-03-24 14:14:32 info: [0mGET /api/v1/soil/ideals [36m304[0m 5.322 ms - -[0m
2026-03-24 14:14:33 info: [0mGET /api/v1/reports/plant?start=2026-01-01T00%3A00%3A00.000Z&stop=2026-02-20T00%3A00%3A00.000Z [32m200[0m 44.369 ms - 41198[0m
2026-03-24 14:14:34 info: [0mGET /api/v1/soil/data?limit=500&start=2026-01-01T00%3A00%3A00.000Z&end=2026-02-20T00%3A00%3A00.000Z [32m200[0m 44.870 ms - 12620[0m
2026-03-24 14:14:34 info: [0mGET /api/v1/reports/plant?start=2026-01-01T00%3A00%3A00.000Z&stop=2026-02-20T00%3A00%3A00.000Z [36m304[0m 24.700 ms - -[0m
2026-03-24 14:14:34 info: [0mGET /api/v1/soil/data?limit=500&start=2026-01-01T00%3A00%3A00.000Z&end=2026-02-20T00%3A00%3A00.000Z [36m304[0m 14.826 ms - -[0m
2026-03-24 14:14:34 info: [0mGET /api/v1/soil/ideals [36m304[0m 2.643 ms - -[0m
2026-03-24 14:14:34 info: [0mGET /api/v1/soil/ideals [36m304[0m 1.173 ms - -[0m
2026-03-24 14:14:34 info: [0mGET /api/v1/reports/plant?start=2026-01-01T00%3A00%3A00.000Z&stop=2026-02-20T00%3A00%3A00.000Z [36m304[0m 25.736 ms - -[0m
2026-03-24 14:14:34 info: [0mGET /api/v1/reports/plant?start=2026-01-01T00%3A00%3A00.000Z&stop=2026-02-20T00%3A00%3A00.000Z [36m304[0m 34.917 ms - -[0m
2026-03-24 14:14:35 info: [0mGET /api/v1/soil/ideals [36m304[0m 5.104 ms - -[0m
2026-03-24 14:14:35 info: [0mGET /api/v1/soil/data?start=2026-01-01T00%3A00%3A00.000Z&end=2026-02-20T00%3A00%3A00.000Z&limit=500 [36m304[0m 32.429 ms - -[0m
2026-03-24 14:14:35 info: [0mGET /api/v1/soil/ideals [36m304[0m 1.059 ms - -[0m
2026-03-24 14:14:35 info: [0mGET /api/v1/soil/data?start=2026-01-01T00%3A00%3A00.000Z&end=2026-02-20T00%3A00%3A00.000Z&limit=500 [36m304[0m 13.728 ms - -[0m
2026-03-24 14:24:55 info: [0mGET /api/v1/soil/data?start=2026-01-01T00%3A00%3A00.000Z&end=2026-02-20T00%3A00%3A00.000Z&limit=500 [36m304[0m 8.741 ms - -[0m
2026-03-24 14:24:55 info: [0mGET /api/v1/soil/data?start=2026-01-01T00%3A00%3A00.000Z&end=2026-02-20T00%3A00%3A00.000Z&limit=500 [36m304[0m 5.272 ms - -[0m
2026-03-24 14:24:55 info: [0mGET /api/v1/soil/ideals [36m304[0m 1.059 ms - -[0m
2026-03-24 14:24:55 info: [0mGET /api/v1/soil/ideals [36m304[0m 1.180 ms - -[0m
2026-03-24 14:24:56 info: [0mGET /api/v1/soil/table?start=2026-01-01T00:00:00.000Z&end=2026-02-20T00:00:00.000Z&type=macro&mode=count&limit=500 [36m304[0m 72.175 ms - -[0m
2026-03-24 14:24:56 info: [0mGET /api/v1/soil/table?start=2026-01-01T00:00:00.000Z&end=2026-02-20T00:00:00.000Z&type=macro&mode=count&limit=500 [36m304[0m 15.126 ms - -[0m
2026-03-24 14:24:56 info: [0mGET /api/v1/soil/data?start=2026-01-01T00:00:00.000Z&end=2026-02-20T00:00:00.000Z&limit=500 [36m304[0m 5.361 ms - -[0m
2026-03-24 14:24:56 info: [0mGET /api/v1/soil/ideals [36m304[0m 0.527 ms - -[0m
2026-03-24 14:24:56 info: [0mGET /api/v1/soil/data?start=2026-01-01T00:00:00.000Z&end=2026-02-20T00:00:00.000Z&limit=500 [36m304[0m 11.295 ms - -[0m
2026-03-24 14:24:56 info: [0mGET /api/v1/soil/ideals [36m304[0m 0.445 ms - -[0m
2026-03-24 14:24:59 info: [0mGET /api/v1/soil/table?start=2026-01-01T00:00:00.000Z&end=2026-02-20T00:00:00.000Z&type=micro&mode=count&limit=500 [32m200[0m 12.986 ms - 3971[0m
2026-03-24 14:24:59 info: [0mGET /api/v1/soil/data?start=2026-01-01T00:00:00.000Z&end=2026-02-20T00:00:00.000Z&limit=500 [36m304[0m 5.647 ms - -[0m
2026-03-24 14:24:59 info: [0mGET /api/v1/soil/ideals [36m304[0m 0.606 ms - -[0m
2026-03-24 14:25:00 info: [0mGET /api/v1/soil/table?start=2026-01-01T00:00:00.000Z&end=2026-02-20T00:00:00.000Z&type=macro&mode=count&limit=500 [36m304[0m 15.301 ms - -[0m
2026-03-24 14:25:00 info: [0mGET /api/v1/soil/data?start=2026-01-01T00:00:00.000Z&end=2026-02-20T00:00:00.000Z&limit=500 [36m304[0m 7.038 ms - -[0m
2026-03-24 14:25:00 info: [0mGET /api/v1/soil/ideals [36m304[0m 0.679 ms - -[0m
2026-03-24 14:40:02 info: [0mPOST /api/v1/soil/data [32m201[0m 58.800 ms - 454[0m
2026-03-24 14:54:24 info: [0mGET /api/v1/reports/plant?start=2026-01-01T00%3A00%3A00.000Z&stop=2026-02-20T00%3A00%3A00.000Z [36m304[0m 21.892 ms - -[0m
2026-03-24 14:54:24 info: [0mGET /api/v1/soil/data?limit=500&start=2026-01-01T00%3A00%3A00.000Z&end=2026-02-20T00%3A00%3A00.000Z [36m304[0m 21.968 ms - -[0m
2026-03-24 14:54:24 info: [0mGET /api/v1/reports/plant?start=2026-01-01T00%3A00%3A00.000Z&stop=2026-02-20T00%3A00%3A00.000Z [36m304[0m 10.927 ms - -[0m
2026-03-24 14:54:24 info: [0mGET /api/v1/soil/data?limit=500&start=2026-01-01T00%3A00%3A00.000Z&end=2026-02-20T00%3A00%3A00.000Z [36m304[0m 8.990 ms - -[0m
2026-03-24 14:54:24 info: [0mGET /api/v1/soil/ideals [36m304[0m 0.824 ms - -[0m
2026-03-24 14:54:24 info: [0mGET /api/v1/soil/ideals [36m304[0m 0.729 ms - -[0m
2026-03-24 14:54:24 info: [0mGET /api/v1/reports/plant?start=2026-01-01T00%3A00%3A00.000Z&stop=2026-02-20T00%3A00%3A00.000Z [36m304[0m 8.608 ms - -[0m
2026-03-24 14:54:24 info: [0mGET /api/v1/reports/plant?start=2026-01-01T00%3A00%3A00.000Z&stop=2026-02-20T00%3A00%3A00.000Z [36m304[0m 8.167 ms - -[0m
2026-03-24 14:57:34 info: [0mPOST /api/v1/auth/logout [32m200[0m 102.885 ms - 71[0m
