2026-03-31 00:27:54 info: [0mPOST /api/v1/auth/login [32m200[0m 286.994 ms - 734[0m
2026-03-31 00:27:54 info: [0mGET /api/v1/soil/data?start=2026-01-18T00%3A00%3A00.000Z&end=2026-01-25T23%3A59%3A59.999Z&limit=500 [36m304[0m 60.247 ms - -[0m
2026-03-31 00:27:54 info: [0mGET /api/v1/soil/data?start=2026-01-18T00%3A00%3A00.000Z&end=2026-01-25T23%3A59%3A59.999Z&limit=500 [36m304[0m 16.072 ms - -[0m
2026-03-31 00:27:54 info: [0mGET /api/v1/soil/ideals [32m200[0m 8.902 ms - 335[0m
2026-03-31 00:27:54 info: [0mGET /api/v1/soil/ideals [36m304[0m 7.272 ms - -[0m
2026-03-31 00:27:56 info: [0mGET /api/v1/soil/data?start=2026-01-18T00%3A00%3A00.000Z&end=2026-01-25T23%3A59%3A59.999Z&limit=500 [36m304[0m 12.439 ms - -[0m
2026-03-31 00:27:56 info: [0mGET /api/v1/soil/ideals [36m304[0m 18.805 ms - -[0m
2026-03-31 00:27:56 info: [0mGET /api/v1/soil/data?start=2026-01-18T00%3A00%3A00.000Z&end=2026-01-25T23%3A59%3A59.999Z&limit=500 [36m304[0m 8.388 ms - -[0m
2026-03-31 00:27:56 info: [0mGET /api/v1/soil/ideals [36m304[0m 9.510 ms - -[0m
2026-03-31 00:27:57 info: [0mGET /api/v1/soil/table?start=2026-01-18T00:00:00.000Z&end=2026-01-25T23:59:59.999Z&type=macro&mode=count&limit=500 [36m304[0m 22.428 ms - -[0m
2026-03-31 00:27:57 info: [0mGET /api/v1/soil/table?start=2026-01-18T00:00:00.000Z&end=2026-01-25T23:59:59.999Z&type=macro&mode=count&limit=500 [36m304[0m 17.810 ms - -[0m
2026-03-31 00:27:57 info: [0mGET /api/v1/soil/data?start=2026-01-18T00:00:00.000Z&end=2026-01-25T23:59:59.999Z&limit=500 [36m304[0m 11.080 ms - -[0m
2026-03-31 00:27:57 info: [0mGET /api/v1/soil/data?start=2026-01-18T00:00:00.000Z&end=2026-01-25T23:59:59.999Z&limit=500 [36m304[0m 7.528 ms - -[0m
2026-03-31 00:27:57 info: [0mGET /api/v1/soil/ideals [36m304[0m 6.245 ms - -[0m
2026-03-31 00:27:57 info: [0mGET /api/v1/soil/ideals [36m304[0m 7.006 ms - -[0m
2026-03-31 00:27:58 info: [0mPOST /api/v1/auth/logout [32m200[0m 22.405 ms - 71[0m
2026-03-31 00:28:17 info: [0mPOST /api/v1/auth/login [32m200[0m 90.627 ms - 734[0m
2026-03-31 00:28:17 info: [0mGET /api/v1/soil/data?start=2026-01-18T00%3A00%3A00.000Z&end=2026-01-25T23%3A59%3A59.999Z&limit=500 [36m304[0m 10.802 ms - -[0m
2026-03-31 00:28:17 info: [0mGET /api/v1/soil/data?start=2026-01-18T00%3A00%3A00.000Z&end=2026-01-25T23%3A59%3A59.999Z&limit=500 [36m304[0m 9.648 ms - -[0m
2026-03-31 00:28:17 info: [0mGET /api/v1/soil/ideals [36m304[0m 7.454 ms - -[0m
2026-03-31 00:28:17 info: [0mGET /api/v1/soil/ideals [36m304[0m 7.769 ms - -[0m
2026-03-31 00:30:53 info: [0mGET /api/v1/soil/crops [32m200[0m 73.812 ms - 88[0m
2026-03-31 00:30:53 info: [0mGET /api/v1/soil/crops [36m304[0m 5.353 ms - -[0m
2026-03-31 00:31:46 info: [0mGET /api/v1/soil/crops [36m304[0m 4.511 ms - -[0m
2026-03-31 00:31:46 info: [0mGET /api/v1/soil/crops [36m304[0m 5.574 ms - -[0m
2026-03-31 00:54:28 info: [0mGET /api/v1/soil/crops [36m304[0m 138.414 ms - -[0m
2026-03-31 00:54:28 info: [0mGET /api/v1/soil/crops [36m304[0m 6.067 ms - -[0m
2026-03-31 00:58:52 info: [0mGET /api/v1/soil/crops [36m304[0m 135.300 ms - -[0m
2026-03-31 00:58:52 info: [0mGET /api/v1/soil/crops [36m304[0m 6.365 ms - -[0m
2026-03-31 00:58:53 info: [0mGET /api/v1/settings/profile [33m404[0m 65.041 ms - 1235[0m
2026-03-31 00:58:53 info: [0mGET /api/v1/settings/profile [33m404[0m 7.477 ms - 1235[0m
2026-03-31 00:59:01 info: [0mGET /api/v1/settings/profile [33m404[0m 3.294 ms - 1235[0m
2026-03-31 00:59:01 info: [0mGET /api/v1/settings/profile [33m404[0m 5.467 ms - 1235[0m
2026-03-31 00:59:21 info: [0mPATCH /api/v1/settings/profile [33m404[0m 2.095 ms - 1235[0m
2026-03-31 01:00:17 info: [0mPOST /api/v1/auth/login [32m200[0m 185.068 ms - 759[0m
2026-03-31 01:00:17 info: [0mGET /api/v1/soil/data?start=2026-01-18T00%3A00%3A00.000Z&end=2026-01-25T23%3A59%3A59.999Z&limit=500 [36m304[0m 23.012 ms - -[0m
2026-03-31 01:00:17 info: [0mGET /api/v1/soil/data?start=2026-01-18T00%3A00%3A00.000Z&end=2026-01-25T23%3A59%3A59.999Z&limit=500 [36m304[0m 15.220 ms - -[0m
2026-03-31 01:00:17 info: [0mGET /api/v1/soil/ideals [36m304[0m 11.073 ms - -[0m
2026-03-31 01:00:17 info: [0mGET /api/v1/soil/ideals [36m304[0m 11.267 ms - -[0m
2026-03-31 01:00:23 info: [0mGET /api/v1/soil/crops [36m304[0m 6.167 ms - -[0m
2026-03-31 01:00:23 info: [0mGET /api/v1/soil/crops [36m304[0m 4.938 ms - -[0m
2026-03-31 01:00:24 info: [0mGET /api/v1/settings/profile [32m200[0m 15.472 ms - 289[0m
2026-03-31 01:00:24 info: [0mGET /api/v1/settings/profile [36m304[0m 16.103 ms - -[0m
2026-03-31 01:00:58 info: [0mPATCH /api/v1/settings/profile [32m200[0m 43.450 ms - 312[0m
2026-03-31 01:01:03 info: [0mGET /api/v1/settings/farms [32m200[0m 24.592 ms - 82[0m
2026-03-31 01:01:03 info: [0mGET /api/v1/settings/farms [36m304[0m 12.733 ms - -[0m
2026-03-31 01:01:33 info: [0mPOST /api/v1/settings/farms [32m201[0m 27.420 ms - 296[0m
2026-03-31 01:01:33 info: [0mGET /api/v1/settings/farms [32m200[0m 14.569 ms - 299[0m
2026-03-31 01:01:40 info: [0mGET /api/v1/settings/profile [32m200[0m 10.695 ms - 312[0m
2026-03-31 01:01:40 info: [0mGET /api/v1/settings/profile [36m304[0m 14.050 ms - -[0m
2026-03-31 01:01:45 info: [0mGET /api/v1/soil/crops [36m304[0m 5.258 ms - -[0m
2026-03-31 01:01:45 info: [0mGET /api/v1/soil/crops [36m304[0m 4.668 ms - -[0m
2026-03-31 01:01:49 info: [0mGET /api/v1/soil/crops [36m304[0m 5.023 ms - -[0m
2026-03-31 01:01:49 info: [0mGET /api/v1/soil/crops [36m304[0m 5.217 ms - -[0m
2026-03-31 01:01:49 info: [0mGET /api/v1/settings/profile [36m304[0m 11.355 ms - -[0m
2026-03-31 01:01:49 info: [0mGET /api/v1/settings/profile [36m304[0m 11.015 ms - -[0m
2026-03-31 01:01:50 info: [0mGET /api/v1/soil/crops [36m304[0m 4.615 ms - -[0m
2026-03-31 01:01:50 info: [0mGET /api/v1/soil/crops [36m304[0m 6.493 ms - -[0m
2026-03-31 01:01:50 info: [0mGET /api/v1/settings/farms [36m304[0m 12.387 ms - -[0m
2026-03-31 01:01:51 info: [0mGET /api/v1/settings/farms [36m304[0m 13.470 ms - -[0m
2026-03-31 01:01:51 info: [0mGET /api/v1/soil/crops [36m304[0m 4.890 ms - -[0m
2026-03-31 01:01:51 info: [0mGET /api/v1/soil/crops [36m304[0m 4.869 ms - -[0m
2026-03-31 01:01:52 info: [0mGET /api/v1/settings/profile [36m304[0m 9.847 ms - -[0m
2026-03-31 01:01:52 info: [0mGET /api/v1/settings/profile [36m304[0m 11.802 ms - -[0m
2026-03-31 01:12:35 info: [0mPOST /api/v1/auth/login [32m200[0m 243.500 ms - 782[0m
2026-03-31 01:12:35 info: [0mGET /api/v1/soil/data?start=2026-01-01T00%3A00%3A00.000Z&end=2026-02-20T00%3A00%3A00.000Z&limit=500 [32m200[0m 85.973 ms - 99336[0m
2026-03-31 01:12:36 info: [0mGET /api/v1/soil/data?limit=500 [32m200[0m 131.817 ms - 100450[0m
2026-03-31 01:12:36 info: [0mGET /api/v1/soil/ideals [32m200[0m 11.000 ms - 335[0m
2026-03-31 01:12:36 info: [0mGET /api/v1/soil/data?limit=500 [36m304[0m 29.214 ms - -[0m
2026-03-31 01:12:36 info: [0mGET /api/v1/soil/ideals [36m304[0m 10.047 ms - -[0m
2026-03-31 01:12:36 info: [0mGET /api/v1/soil/ideals [36m304[0m 5.876 ms - -[0m
2026-03-31 01:12:40 info: [0mGET /api/v1/soil/data?start=2026-01-01T00%3A00%3A00.000Z&end=2026-02-20T00%3A00%3A00.000Z&limit=500 [36m304[0m 40.788 ms - -[0m
2026-03-31 01:12:40 info: [0mGET /api/v1/soil/ideals [36m304[0m 38.090 ms - -[0m
2026-03-31 01:12:40 info: [0mGET /api/v1/soil/data?start=2026-01-01T00%3A00%3A00.000Z&end=2026-02-20T00%3A00%3A00.000Z&limit=500 [36m304[0m 29.303 ms - -[0m
2026-03-31 01:12:40 info: [0mGET /api/v1/soil/ideals [36m304[0m 33.785 ms - -[0m
2026-03-31 01:12:42 info: [0mGET /api/v1/soil/data?start=2026-01-01T00%3A00%3A00.000Z&end=2026-02-20T00%3A00%3A00.000Z&limit=500 [36m304[0m 16.306 ms - -[0m
2026-03-31 01:12:42 info: [0mGET /api/v1/soil/data?start=2026-01-01T00%3A00%3A00.000Z&end=2026-02-20T00%3A00%3A00.000Z&limit=500 [36m304[0m 18.033 ms - -[0m
2026-03-31 01:12:42 info: [0mGET /api/v1/soil/ideals [36m304[0m 5.355 ms - -[0m
2026-03-31 01:12:42 info: [0mGET /api/v1/soil/ideals [36m304[0m 4.713 ms - -[0m
2026-03-31 01:13:03 info: [0mGET /api/v1/soil/data?start=2026-01-01T00%3A00%3A00.000Z&end=2026-01-07T23%3A59%3A59.999Z&limit=500 [32m200[0m 6.953 ms - 13703[0m
2026-03-31 01:13:03 info: [0mGET /api/v1/soil/ideals [36m304[0m 4.808 ms - -[0m
2026-03-31 01:13:06 info: [0mGET /api/v1/soil/table?start=2026-01-01T00:00:00.000Z&end=2026-01-07T23:59:59.999Z&type=macro&mode=count&limit=500 [32m200[0m 15.360 ms - 4022[0m
2026-03-31 01:13:06 info: [0mGET /api/v1/soil/table?start=2026-01-01T00:00:00.000Z&end=2026-01-07T23:59:59.999Z&type=macro&mode=count&limit=500 [36m304[0m 13.122 ms - -[0m
2026-03-31 01:13:06 info: [0mGET /api/v1/soil/data?start=2026-01-01T00:00:00.000Z&end=2026-01-07T23:59:59.999Z&limit=500 [32m200[0m 7.548 ms - 13703[0m
2026-03-31 01:13:06 info: [0mGET /api/v1/soil/data?start=2026-01-01T00:00:00.000Z&end=2026-01-07T23:59:59.999Z&limit=500 [36m304[0m 6.550 ms - -[0m
2026-03-31 01:13:06 info: [0mGET /api/v1/soil/ideals [36m304[0m 6.177 ms - -[0m
2026-03-31 01:13:06 info: [0mGET /api/v1/soil/ideals [36m304[0m 4.624 ms - -[0m
2026-03-31 01:13:08 info: [0mGET /api/v1/reports/plant?start=2026-01-01T00%3A00%3A00.000Z&stop=2026-01-07T23%3A59%3A59.999Z [32m200[0m 8.995 ms - 9847[0m
2026-03-31 01:13:08 info: [0mGET /api/v1/soil/data?limit=500&start=2026-01-01T00%3A00%3A00.000Z&end=2026-01-07T23%3A59%3A59.999Z [32m200[0m 10.501 ms - 13703[0m
2026-03-31 01:13:08 info: [0mGET /api/v1/reports/plant?start=2026-01-01T00%3A00%3A00.000Z&stop=2026-01-07T23%3A59%3A59.999Z [36m304[0m 5.111 ms - -[0m
2026-03-31 01:13:08 info: [0mGET /api/v1/soil/data?limit=500&start=2026-01-01T00%3A00%3A00.000Z&end=2026-01-07T23%3A59%3A59.999Z [36m304[0m 6.123 ms - -[0m
2026-03-31 01:13:08 info: [0mGET /api/v1/soil/ideals [36m304[0m 5.457 ms - -[0m
2026-03-31 01:13:08 info: [0mGET /api/v1/soil/ideals [36m304[0m 5.546 ms - -[0m
2026-03-31 01:13:08 info: [0mGET /api/v1/reports/plant?start=2026-01-01T00%3A00%3A00.000Z&stop=2026-01-07T23%3A59%3A59.999Z [36m304[0m 4.539 ms - -[0m
2026-03-31 01:13:08 info: [0mGET /api/v1/reports/plant?start=2026-01-01T00%3A00%3A00.000Z&stop=2026-01-07T23%3A59%3A59.999Z [36m304[0m 4.242 ms - -[0m
2026-03-31 01:13:09 info: [0mGET /api/v1/soil/data?start=2026-01-01T00%3A00%3A00.000Z&end=2026-01-07T23%3A59%3A59.999Z&limit=500 [36m304[0m 6.440 ms - -[0m
2026-03-31 01:13:09 info: [0mGET /api/v1/soil/data?start=2026-01-01T00%3A00%3A00.000Z&end=2026-01-07T23%3A59%3A59.999Z&limit=500 [36m304[0m 5.519 ms - -[0m
2026-03-31 01:13:09 info: [0mGET /api/v1/soil/ideals [36m304[0m 4.707 ms - -[0m
2026-03-31 01:13:09 info: [0mGET /api/v1/soil/ideals [36m304[0m 4.320 ms - -[0m
2026-03-31 01:13:10 info: [0mGET /api/v1/soil/data?start=2026-01-01T00%3A00%3A00.000Z&end=2026-01-07T23%3A59%3A59.999Z&limit=500 [36m304[0m 8.132 ms - -[0m
2026-03-31 01:13:10 info: [0mGET /api/v1/soil/ideals [36m304[0m 26.733 ms - -[0m
2026-03-31 01:13:11 info: [0mGET /api/v1/soil/data?start=2026-01-01T00%3A00%3A00.000Z&end=2026-01-07T23%3A59%3A59.999Z&limit=500 [36m304[0m 9.410 ms - -[0m
2026-03-31 01:13:11 info: [0mGET /api/v1/soil/ideals [36m304[0m 8.038 ms - -[0m
2026-03-31 01:13:12 info: [0mGET /api/v1/soil/data?start=2026-01-01T00%3A00%3A00.000Z&end=2026-01-07T23%3A59%3A59.999Z&limit=500 [36m304[0m 6.196 ms - -[0m
2026-03-31 01:13:12 info: [0mGET /api/v1/soil/data?start=2026-01-01T00%3A00%3A00.000Z&end=2026-01-07T23%3A59%3A59.999Z&limit=500 [36m304[0m 5.284 ms - -[0m
2026-03-31 01:13:12 info: [0mGET /api/v1/soil/ideals [36m304[0m 5.245 ms - -[0m
2026-03-31 01:13:12 info: [0mGET /api/v1/soil/ideals [36m304[0m 5.240 ms - -[0m
2026-03-31 01:13:13 info: [0mGET /api/v1/soil/table?start=2026-01-01T00:00:00.000Z&end=2026-01-07T23:59:59.999Z&type=macro&mode=count&limit=500 [36m304[0m 13.421 ms - -[0m
2026-03-31 01:13:13 info: [0mGET /api/v1/soil/table?start=2026-01-01T00:00:00.000Z&end=2026-01-07T23:59:59.999Z&type=macro&mode=count&limit=500 [36m304[0m 16.792 ms - -[0m
2026-03-31 01:13:13 info: [0mGET /api/v1/soil/data?start=2026-01-01T00:00:00.000Z&end=2026-01-07T23:59:59.999Z&limit=500 [36m304[0m 4.311 ms - -[0m
2026-03-31 01:13:13 info: [0mGET /api/v1/soil/data?start=2026-01-01T00:00:00.000Z&end=2026-01-07T23:59:59.999Z&limit=500 [36m304[0m 4.660 ms - -[0m
2026-03-31 01:13:13 info: [0mGET /api/v1/soil/ideals [36m304[0m 4.593 ms - -[0m
2026-03-31 01:13:13 info: [0mGET /api/v1/soil/ideals [36m304[0m 4.163 ms - -[0m
2026-03-31 01:13:14 info: [0mGET /api/v1/reports/plant?start=2026-01-01T00%3A00%3A00.000Z&stop=2026-01-07T23%3A59%3A59.999Z [36m304[0m 4.130 ms - -[0m
2026-03-31 01:13:14 info: [0mGET /api/v1/soil/data?limit=500&start=2026-01-01T00%3A00%3A00.000Z&end=2026-01-07T23%3A59%3A59.999Z [36m304[0m 7.081 ms - -[0m
2026-03-31 01:13:14 info: [0mGET /api/v1/reports/plant?start=2026-01-01T00%3A00%3A00.000Z&stop=2026-01-07T23%3A59%3A59.999Z [36m304[0m 7.762 ms - -[0m
2026-03-31 01:13:14 info: [0mGET /api/v1/soil/data?limit=500&start=2026-01-01T00%3A00%3A00.000Z&end=2026-01-07T23%3A59%3A59.999Z [36m304[0m 7.255 ms - -[0m
2026-03-31 01:13:14 info: [0mGET /api/v1/soil/ideals [36m304[0m 6.283 ms - -[0m
2026-03-31 01:13:14 info: [0mGET /api/v1/soil/ideals [36m304[0m 6.101 ms - -[0m
2026-03-31 01:13:14 info: [0mGET /api/v1/reports/plant?start=2026-01-01T00%3A00%3A00.000Z&stop=2026-01-07T23%3A59%3A59.999Z [36m304[0m 4.684 ms - -[0m
2026-03-31 01:13:14 info: [0mGET /api/v1/reports/plant?start=2026-01-01T00%3A00%3A00.000Z&stop=2026-01-07T23%3A59%3A59.999Z [36m304[0m 4.137 ms - -[0m
2026-03-31 01:13:18 info: [0mGET /api/v1/soil/crops [32m200[0m 3.110 ms - 88[0m
2026-03-31 01:13:18 info: [0mGET /api/v1/soil/crops [36m304[0m 3.056 ms - -[0m
2026-03-31 01:13:19 info: [0mGET /api/v1/settings/profile [32m200[0m 10.746 ms - 312[0m
2026-03-31 01:13:19 info: [0mGET /api/v1/settings/profile [36m304[0m 6.491 ms - -[0m
2026-03-31 01:13:22 info: [0mGET /api/v1/settings/farms [32m200[0m 25.566 ms - 313[0m
2026-03-31 01:13:22 info: [0mGET /api/v1/settings/farms [36m304[0m 6.840 ms - -[0m
2026-03-31 01:13:25 info: [0mGET /api/v1/settings/farms/69cacf9584d1b2c34b4fd776/boundary [32m200[0m 30.791 ms - 121[0m
2026-03-31 01:13:25 info: [0mGET /api/v1/settings/farms/69cacf9584d1b2c34b4fd776/boundary [36m304[0m 10.766 ms - -[0m
2026-03-31 01:13:49 info: [0mGET /api/v1/soil/table?start=2026-01-01T00:00:00.000Z&end=2026-01-07T23:59:59.999Z&type=macro&mode=count&limit=500 [36m304[0m 17.276 ms - -[0m
2026-03-31 01:13:49 info: [0mGET /api/v1/soil/table?start=2026-01-01T00:00:00.000Z&end=2026-01-07T23:59:59.999Z&type=macro&mode=count&limit=500 [36m304[0m 16.900 ms - -[0m
2026-03-31 01:13:49 info: [0mGET /api/v1/soil/data?start=2026-01-01T00:00:00.000Z&end=2026-01-07T23:59:59.999Z&limit=500 [36m304[0m 4.825 ms - -[0m
2026-03-31 01:13:49 info: [0mGET /api/v1/soil/data?start=2026-01-01T00:00:00.000Z&end=2026-01-07T23:59:59.999Z&limit=500 [36m304[0m 6.372 ms - -[0m
2026-03-31 01:13:49 info: [0mGET /api/v1/soil/ideals [36m304[0m 4.930 ms - -[0m
2026-03-31 01:13:49 info: [0mGET /api/v1/soil/ideals [36m304[0m 4.381 ms - -[0m
2026-03-31 01:13:52 info: [0mGET /api/v1/settings/profile [36m304[0m 6.970 ms - -[0m
2026-03-31 01:13:52 info: [0mGET /api/v1/settings/profile [36m304[0m 6.365 ms - -[0m
2026-03-31 01:13:53 info: [0mGET /api/v1/settings/farms [36m304[0m 8.311 ms - -[0m
2026-03-31 01:13:53 info: [0mGET /api/v1/settings/farms [36m304[0m 7.725 ms - -[0m
2026-03-31 01:16:26 info: [0mPOST /api/v1/settings/farms [32m201[0m 24.659 ms - 320[0m
2026-03-31 01:16:26 info: [0mGET /api/v1/settings/farms [32m200[0m 8.101 ms - 555[0m
2026-03-31 01:16:29 info: [0mGET /api/v1/settings/farms/69cacf9584d1b2c34b4fd776/boundary [36m304[0m 9.599 ms - -[0m
2026-03-31 01:16:29 info: [0mGET /api/v1/settings/farms/69cacf9584d1b2c34b4fd776/boundary [36m304[0m 6.604 ms - -[0m
2026-03-31 01:18:39 info: [0mGET /api/v1/soil/table?start=2026-01-01T00:00:00.000Z&end=2026-01-07T23:59:59.999Z&type=macro&mode=count&limit=500 [36m304[0m 24.628 ms - -[0m
2026-03-31 01:18:39 info: [0mGET /api/v1/soil/table?start=2026-01-01T00:00:00.000Z&end=2026-01-07T23:59:59.999Z&type=macro&mode=count&limit=500 [36m304[0m 15.129 ms - -[0m
2026-03-31 01:18:39 info: [0mGET /api/v1/soil/data?start=2026-01-01T00:00:00.000Z&end=2026-01-07T23:59:59.999Z&limit=500 [36m304[0m 7.232 ms - -[0m
2026-03-31 01:18:39 info: [0mGET /api/v1/soil/data?start=2026-01-01T00:00:00.000Z&end=2026-01-07T23:59:59.999Z&limit=500 [36m304[0m 7.251 ms - -[0m
2026-03-31 01:18:39 info: [0mGET /api/v1/soil/ideals [36m304[0m 7.132 ms - -[0m
2026-03-31 01:18:39 info: [0mGET /api/v1/soil/ideals [36m304[0m 5.559 ms - -[0m
2026-03-31 01:18:43 info: [0mGET /api/v1/settings/profile [36m304[0m 7.062 ms - -[0m
2026-03-31 01:18:43 info: [0mGET /api/v1/settings/profile [36m304[0m 6.473 ms - -[0m
2026-03-31 01:18:46 info: [0mGET /api/v1/settings/farms [36m304[0m 8.990 ms - -[0m
2026-03-31 01:18:46 info: [0mGET /api/v1/settings/farms [36m304[0m 8.051 ms - -[0m
2026-03-31 01:19:06 info: [0mGET /api/v1/settings/profile [36m304[0m 7.540 ms - -[0m
2026-03-31 01:19:06 info: [0mGET /api/v1/settings/profile [36m304[0m 10.803 ms - -[0m
2026-03-31 01:19:52 info: [0mGET /api/v1/settings/farms [36m304[0m 7.579 ms - -[0m
2026-03-31 01:19:52 info: [0mGET /api/v1/settings/farms [36m304[0m 7.005 ms - -[0m
2026-03-31 01:19:56 info: [0mGET /api/v1/settings/profile [36m304[0m 6.754 ms - -[0m
2026-03-31 01:19:56 info: [0mGET /api/v1/settings/profile [36m304[0m 5.298 ms - -[0m
2026-03-31 01:20:00 info: [0mGET /api/v1/settings/farms [36m304[0m 9.683 ms - -[0m
2026-03-31 01:20:00 info: [0mGET /api/v1/settings/farms [36m304[0m 9.822 ms - -[0m
2026-03-31 01:24:27 info: [0mGET /api/v1/soil/crops [36m304[0m 103.981 ms - -[0m
2026-03-31 01:24:27 info: [0mGET /api/v1/soil/crops [36m304[0m 5.783 ms - -[0m
2026-03-31 01:24:28 info: [0mGET /api/v1/settings/profile [36m304[0m 63.666 ms - -[0m
2026-03-31 01:24:28 info: [0mGET /api/v1/settings/profile [36m304[0m 7.816 ms - -[0m
2026-03-31 01:24:32 info: [0mGET /api/v1/settings/farms [36m304[0m 41.889 ms - -[0m
2026-03-31 01:24:32 info: [0mGET /api/v1/settings/farms [36m304[0m 13.322 ms - -[0m
2026-03-31 01:25:00 info: [0mGET /api/v1/settings/farms/69cad3120e1780444c75f6a3/boundary [32m200[0m 34.379 ms - 127[0m
2026-03-31 01:25:00 info: [0mGET /api/v1/settings/farms/69cad3120e1780444c75f6a3/boundary [36m304[0m 8.679 ms - -[0m
2026-03-31 01:25:36 info: [0mGET /api/v1/soil/table?start=2026-01-01T00:00:00.000Z&end=2026-01-07T23:59:59.999Z&type=macro&mode=count&limit=500 [36m304[0m 37.498 ms - -[0m
2026-03-31 01:25:36 info: [0mGET /api/v1/soil/table?start=2026-01-01T00:00:00.000Z&end=2026-01-07T23:59:59.999Z&type=macro&mode=count&limit=500 [36m304[0m 15.126 ms - -[0m
2026-03-31 01:25:36 info: [0mGET /api/v1/soil/data?start=2026-01-01T00:00:00.000Z&end=2026-01-07T23:59:59.999Z&limit=500 [36m304[0m 5.640 ms - -[0m
2026-03-31 01:25:36 info: [0mGET /api/v1/soil/data?start=2026-01-01T00:00:00.000Z&end=2026-01-07T23:59:59.999Z&limit=500 [36m304[0m 6.332 ms - -[0m
2026-03-31 01:25:36 info: [0mGET /api/v1/soil/ideals [36m304[0m 4.856 ms - -[0m
2026-03-31 01:25:36 info: [0mGET /api/v1/soil/ideals [36m304[0m 4.334 ms - -[0m
2026-03-31 01:25:39 info: [0mGET /api/v1/settings/farms [36m304[0m 12.392 ms - -[0m
2026-03-31 01:25:39 info: [0mGET /api/v1/settings/farms [36m304[0m 9.982 ms - -[0m
2026-03-31 01:26:57 info: [0mPOST /api/v1/settings/farms [32m201[0m 30.561 ms - 316[0m
2026-03-31 01:26:57 info: [0mGET /api/v1/settings/farms [32m200[0m 8.109 ms - 793[0m
2026-03-31 01:27:12 info: [0mPUT /api/v1/settings/farms/69cad5890e1780444c75f6ee [32m200[0m 71.652 ms - 316[0m
2026-03-31 01:27:12 info: [0mGET /api/v1/settings/farms [32m200[0m 6.902 ms - 793[0m
2026-03-31 01:27:14 info: [0mGET /api/v1/settings/farms/69cad5890e1780444c75f6ee/boundary [32m200[0m 7.702 ms - 123[0m
2026-03-31 01:27:14 info: [0mGET /api/v1/settings/farms/69cad5890e1780444c75f6ee/boundary [36m304[0m 7.369 ms - -[0m
2026-03-31 01:27:45 info: [0mGET /api/v1/settings/profile [36m304[0m 5.391 ms - -[0m
2026-03-31 01:27:45 info: [0mGET /api/v1/settings/profile [36m304[0m 5.630 ms - -[0m
2026-03-31 01:27:47 info: [0mGET /api/v1/settings/farms [36m304[0m 7.146 ms - -[0m
2026-03-31 01:27:47 info: [0mGET /api/v1/settings/farms [36m304[0m 11.380 ms - -[0m
2026-03-31 01:28:20 info: [0mGET /api/v1/settings/profile [36m304[0m 8.196 ms - -[0m
2026-03-31 01:28:20 info: [0mGET /api/v1/settings/profile [36m304[0m 7.873 ms - -[0m
2026-03-31 01:28:20 info: [0mGET /api/v1/soil/crops [36m304[0m 4.117 ms - -[0m
2026-03-31 01:28:20 info: [0mGET /api/v1/soil/crops [36m304[0m 6.974 ms - -[0m
2026-03-31 01:28:21 info: [0mGET /api/v1/settings/profile [36m304[0m 6.572 ms - -[0m
2026-03-31 01:28:21 info: [0mGET /api/v1/settings/profile [36m304[0m 10.721 ms - -[0m
2026-03-31 01:28:22 info: [0mGET /api/v1/settings/farms [36m304[0m 6.938 ms - -[0m
2026-03-31 01:28:22 info: [0mGET /api/v1/settings/farms [36m304[0m 6.682 ms - -[0m
2026-03-31 01:35:29 info: [0mPOST /api/v1/auth/login [32m200[0m 126.947 ms - 782[0m
2026-03-31 01:35:29 info: [0mGET /api/v1/soil/data?start=2026-01-01T00%3A00%3A00.000Z&end=2026-01-07T23%3A59%3A59.999Z&limit=500 [36m304[0m 10.643 ms - -[0m
2026-03-31 01:35:29 info: [0mGET /api/v1/soil/data?start=2026-01-01T00%3A00%3A00.000Z&end=2026-01-07T23%3A59%3A59.999Z&limit=500 [36m304[0m 10.254 ms - -[0m
2026-03-31 01:35:29 info: [0mGET /api/v1/soil/ideals [36m304[0m 7.164 ms - -[0m
2026-03-31 01:35:29 info: [0mGET /api/v1/soil/ideals [36m304[0m 7.530 ms - -[0m
2026-03-31 01:35:35 info: [0mGET /api/v1/soil/crops [36m304[0m 4.237 ms - -[0m
2026-03-31 01:35:35 info: [0mGET /api/v1/soil/crops [36m304[0m 3.439 ms - -[0m
2026-03-31 01:35:36 info: [0mGET /api/v1/settings/profile [32m200[0m 10.758 ms - 312[0m
2026-03-31 01:35:36 info: [0mGET /api/v1/settings/profile [36m304[0m 9.499 ms - -[0m
2026-03-31 01:35:37 info: [0mGET /api/v1/settings/farms [36m304[0m 12.209 ms - -[0m
2026-03-31 01:35:37 info: [0mGET /api/v1/settings/farms [36m304[0m 8.446 ms - -[0m
2026-03-31 01:35:43 info: [0mGET /api/v1/settings/farms/69cad5890e1780444c75f6ee/boundary [36m304[0m 11.460 ms - -[0m
2026-03-31 01:35:43 info: [0mGET /api/v1/settings/farms/69cad5890e1780444c75f6ee/boundary [36m304[0m 10.145 ms - -[0m
2026-03-31 01:36:55 info: [0mPUT /api/v1/settings/farms/69cad5890e1780444c75f6ee/boundary [32m200[0m 28.350 ms - 566[0m
2026-03-31 01:37:04 info: [0mGET /api/v1/settings/farms/69cad5890e1780444c75f6ee/boundary [32m200[0m 7.313 ms - 371[0m
2026-03-31 01:37:04 info: [0mGET /api/v1/settings/farms/69cad5890e1780444c75f6ee/boundary [36m304[0m 11.766 ms - -[0m
2026-03-31 01:37:30 info: [0mGET /api/v1/soil/data?start=2026-01-01T00%3A00%3A00.000Z&end=2026-01-07T23%3A59%3A59.999Z&limit=500 [36m304[0m 9.600 ms - -[0m
2026-03-31 01:37:30 info: [0mGET /api/v1/soil/ideals [36m304[0m 18.700 ms - -[0m
2026-03-31 01:37:30 info: [0mGET /api/v1/soil/data?start=2026-01-01T00%3A00%3A00.000Z&end=2026-01-07T23%3A59%3A59.999Z&limit=500 [36m304[0m 12.158 ms - -[0m
2026-03-31 01:37:30 info: [0mGET /api/v1/soil/ideals [36m304[0m 6.982 ms - -[0m
