2026-02-17 19:23:16 info: [0mPOST /api/v1/auth/login [32m200[0m 185.808 ms - 794[0m
2026-02-17 19:23:16 info: [0mGET /api/v1/soil/data [36m304[0m 8.804 ms - -[0m
2026-02-17 19:23:16 info: [0mGET /api/v1/soil/data [36m304[0m 3.675 ms - -[0m
2026-02-17 19:23:16 info: [0mGET /api/v1/soil/ideals [32m200[0m 0.566 ms - 258[0m
2026-02-17 19:23:16 info: [0mGET /api/v1/soil/ideals [36m304[0m 0.475 ms - -[0m
2026-02-17 19:28:52 info: [0mGET /api/v1/soil/table?start=2026-02-16T00:00:00.000Z&end=2026-02-17T00:00:00.000Z&type=macro&mode=count [36m304[0m 13.741 ms - -[0m
2026-02-17 19:28:52 info: [0mGET /api/v1/soil/table?start=2026-02-16T00:00:00.000Z&end=2026-02-17T00:00:00.000Z&type=macro&mode=count [36m304[0m 7.171 ms - -[0m
2026-02-17 19:28:52 info: [0mGET /api/v1/soil/data?start=2026-02-16T00:00:00.000Z&end=2026-02-17T00:00:00.000Z&limit=100 [32m200[0m 5.821 ms - 1746[0m
2026-02-17 19:28:52 info: [0mGET /api/v1/soil/data?start=2026-02-16T00:00:00.000Z&end=2026-02-17T00:00:00.000Z&limit=100 [36m304[0m 7.482 ms - -[0m
2026-02-17 19:28:52 info: [0mGET /api/v1/soil/ideals [36m304[0m 0.633 ms - -[0m
2026-02-17 19:28:52 info: [0mGET /api/v1/soil/ideals [36m304[0m 0.650 ms - -[0m
2026-02-17 19:28:54 info: [0mGET /api/v1/soil/table?start=2026-02-16T00:00:00.000Z&end=2026-02-17T00:00:00.000Z&type=micro&mode=count [32m200[0m 6.588 ms - 755[0m
2026-02-17 19:28:54 info: [0mGET /api/v1/soil/data?start=2026-02-16T00:00:00.000Z&end=2026-02-17T00:00:00.000Z&limit=100 [36m304[0m 4.747 ms - -[0m
2026-02-17 19:28:54 info: [0mGET /api/v1/soil/ideals [36m304[0m 0.692 ms - -[0m
2026-02-17 19:28:56 info: [0mGET /api/v1/soil/table?start=2026-02-16T00:00:00.000Z&end=2026-02-17T00:00:00.000Z&type=macro&mode=count [36m304[0m 9.032 ms - -[0m
2026-02-17 19:28:56 info: [0mGET /api/v1/soil/data?start=2026-02-16T00:00:00.000Z&end=2026-02-17T00:00:00.000Z&limit=100 [36m304[0m 5.385 ms - -[0m
2026-02-17 19:28:56 info: [0mGET /api/v1/soil/ideals [36m304[0m 0.500 ms - -[0m
2026-02-17 19:28:59 info: [0mGET /api/v1/soil/table?start=2026-02-16T00:00:00.000Z&end=2026-02-17T00:00:00.000Z&type=macro&mode=percentage [32m200[0m 6.305 ms - 838[0m
2026-02-17 19:28:59 info: [0mGET /api/v1/soil/data?start=2026-02-16T00:00:00.000Z&end=2026-02-17T00:00:00.000Z&limit=100 [36m304[0m 4.599 ms - -[0m
2026-02-17 19:28:59 info: [0mGET /api/v1/soil/ideals [36m304[0m 0.519 ms - -[0m
2026-02-17 19:29:00 info: [0mGET /api/v1/soil/table?start=2026-02-16T00:00:00.000Z&end=2026-02-17T00:00:00.000Z&type=macro&mode=count [36m304[0m 6.168 ms - -[0m
2026-02-17 19:29:00 info: [0mGET /api/v1/soil/data?start=2026-02-16T00:00:00.000Z&end=2026-02-17T00:00:00.000Z&limit=100 [36m304[0m 4.335 ms - -[0m
2026-02-17 19:29:00 info: [0mGET /api/v1/soil/ideals [36m304[0m 0.653 ms - -[0m
2026-02-17 19:29:00 info: [0mGET /api/v1/reports/plant?start=2026-02-16T00%3A00%3A00.000Z&stop=2026-02-17T00%3A00%3A00.000Z [36m304[0m 11.096 ms - -[0m
2026-02-17 19:29:00 info: [0mGET /api/v1/soil/data?limit=200&start=2026-02-16T00%3A00%3A00.000Z&end=2026-02-17T00%3A00%3A00.000Z [36m304[0m 12.362 ms - -[0m
2026-02-17 19:29:00 info: [0mGET /api/v1/reports/plant?start=2026-02-16T00%3A00%3A00.000Z&stop=2026-02-17T00%3A00%3A00.000Z [36m304[0m 13.245 ms - -[0m
2026-02-17 19:29:01 info: [0mGET /api/v1/soil/data?limit=200&start=2026-02-16T00%3A00%3A00.000Z&end=2026-02-17T00%3A00%3A00.000Z [36m304[0m 19.084 ms - -[0m
2026-02-17 19:29:01 info: [0mGET /api/v1/soil/ideals [36m304[0m 0.506 ms - -[0m
2026-02-17 19:29:01 info: [0mGET /api/v1/soil/ideals [36m304[0m 3.532 ms - -[0m
2026-02-17 19:29:01 info: [0mGET /api/v1/reports/plant?start=2026-02-16T00%3A00%3A00.000Z&stop=2026-02-17T00%3A00%3A00.000Z [36m304[0m 6.758 ms - -[0m
2026-02-17 19:29:01 info: [0mGET /api/v1/reports/plant?start=2026-02-16T00%3A00%3A00.000Z&stop=2026-02-17T00%3A00%3A00.000Z [36m304[0m 7.702 ms - -[0m
2026-02-17 19:29:05 info: [0mGET /api/v1/soil/data [36m304[0m 55.816 ms - -[0m
2026-02-17 19:29:05 info: [0mGET /api/v1/soil/ideals [36m304[0m 12.463 ms - -[0m
2026-02-17 19:29:05 info: [0mGET /api/v1/soil/data [36m304[0m 136.318 ms - -[0m
2026-02-17 19:29:06 info: [0mGET /api/v1/soil/ideals [36m304[0m 10.732 ms - -[0m
2026-02-17 19:29:12 info: [0mGET /api/v1/soil/ideals [36m304[0m 0.510 ms - -[0m
2026-02-17 19:29:12 info: [0mGET /api/v1/soil/data [36m304[0m 6.337 ms - -[0m
2026-02-17 19:29:12 info: [0mGET /api/v1/soil/ideals [36m304[0m 0.488 ms - -[0m
2026-02-17 19:29:12 info: [0mGET /api/v1/soil/data [36m304[0m 4.299 ms - -[0m
2026-02-17 19:29:17 info: [0mGET /api/v1/soil/data [36m304[0m 4.740 ms - -[0m
2026-02-17 19:29:17 info: [0mGET /api/v1/soil/data [36m304[0m 5.702 ms - -[0m
2026-02-17 19:29:17 info: [0mGET /api/v1/soil/ideals [36m304[0m 0.699 ms - -[0m
2026-02-17 19:29:17 info: [0mGET /api/v1/soil/ideals [36m304[0m 0.481 ms - -[0m
2026-02-17 19:34:49 info: [0mPOST /api/v1/soil/data [32m201[0m 14.044 ms - 361[0m
2026-02-17 19:34:59 info: [0mPOST /api/v1/soil/data [32m201[0m 10.017 ms - 362[0m
2026-02-17 19:35:26 info: [0mPOST /api/v1/soil/data [32m201[0m 6.761 ms - 365[0m
2026-02-17 19:35:33 info: [0mPOST /api/v1/soil/data [32m201[0m 9.594 ms - 365[0m
2026-02-17 19:35:42 info: [0mPOST /api/v1/soil/data [32m201[0m 7.705 ms - 365[0m
2026-02-17 19:37:46 info: [0mGET /api/v1/soil/data [32m200[0m 3.577 ms - 3149[0m
2026-02-17 19:37:46 info: [0mGET /api/v1/soil/data [36m304[0m 3.055 ms - -[0m
2026-02-17 19:37:46 info: [0mGET /api/v1/soil/ideals [36m304[0m 0.266 ms - -[0m
2026-02-17 19:37:46 info: [0mGET /api/v1/soil/ideals [36m304[0m 0.324 ms - -[0m
2026-02-17 19:40:50 info: [0mGET /api/v1/soil/data [36m304[0m 4.171 ms - -[0m
2026-02-17 19:40:50 info: [0mGET /api/v1/soil/data [36m304[0m 3.818 ms - -[0m
2026-02-17 19:40:50 info: [0mGET /api/v1/soil/ideals [36m304[0m 0.379 ms - -[0m
2026-02-17 19:40:50 info: [0mGET /api/v1/soil/ideals [36m304[0m 0.341 ms - -[0m
2026-02-17 19:44:06 info: [0mGET /api/v1/soil/ideals [32m200[0m 0.201 ms - 258[0m
2026-02-17 19:44:16 info: [0mGET /api/v1/soil/data [36m304[0m 4.012 ms - -[0m
2026-02-17 19:44:16 info: [0mGET /api/v1/soil/ideals [36m304[0m 0.278 ms - -[0m
2026-02-17 19:44:27 info: [0mGET /api/v1/soil/data [36m304[0m 1.800 ms - -[0m
2026-02-17 19:44:27 info: [0mGET /api/v1/soil/ideals [36m304[0m 0.322 ms - -[0m
2026-02-17 19:44:33 info: [0mGET /api/v1/soil/data [36m304[0m 2.892 ms - -[0m
2026-02-17 19:44:33 info: [0mGET /api/v1/soil/ideals [36m304[0m 0.165 ms - -[0m
2026-02-17 19:44:42 info: [0mGET /api/v1/soil/data [36m304[0m 2.718 ms - -[0m
2026-02-17 19:44:42 info: [0mGET /api/v1/soil/ideals [36m304[0m 0.303 ms - -[0m
2026-02-17 19:45:51 info: [0mGET /api/v1/soil/data [36m304[0m 4.386 ms - -[0m
2026-02-17 19:45:51 info: [0mGET /api/v1/soil/ideals [36m304[0m 0.338 ms - -[0m
2026-02-17 19:45:54 info: [0mGET /api/v1/soil/data [36m304[0m 2.723 ms - -[0m
2026-02-17 19:45:54 info: [0mGET /api/v1/soil/data [36m304[0m 2.905 ms - -[0m
2026-02-17 19:45:54 info: [0mGET /api/v1/soil/ideals [36m304[0m 0.299 ms - -[0m
2026-02-17 19:45:54 info: [0mGET /api/v1/soil/ideals [36m304[0m 0.308 ms - -[0m
2026-02-17 19:47:51 info: [0mGET /api/v1/soil/data [36m304[0m 3.500 ms - -[0m
2026-02-17 19:47:51 info: [0mGET /api/v1/soil/ideals [36m304[0m 0.241 ms - -[0m
2026-02-17 19:49:54 info: [0mGET /api/v1/soil/data [36m304[0m 2.459 ms - -[0m
2026-02-17 19:49:54 info: [0mGET /api/v1/soil/ideals [36m304[0m 0.174 ms - -[0m
2026-02-17 19:49:58 info: [0mGET /api/v1/soil/data [36m304[0m 3.319 ms - -[0m
2026-02-17 19:49:58 info: [0mGET /api/v1/soil/data [36m304[0m 2.814 ms - -[0m
2026-02-17 19:49:58 info: [0mGET /api/v1/soil/ideals [36m304[0m 0.474 ms - -[0m
2026-02-17 19:49:58 info: [0mGET /api/v1/soil/ideals [36m304[0m 0.326 ms - -[0m
2026-02-17 19:51:38 info: [0mGET /api/v1/soil/data [36m304[0m 2.887 ms - -[0m
2026-02-17 19:51:38 info: [0mGET /api/v1/soil/data [36m304[0m 3.107 ms - -[0m
2026-02-17 19:51:38 info: [0mGET /api/v1/soil/ideals [36m304[0m 0.308 ms - -[0m
2026-02-17 19:51:38 info: [0mGET /api/v1/soil/ideals [36m304[0m 0.407 ms - -[0m
2026-02-17 19:52:58 info: [0mGET /api/v1/soil/data [36m304[0m 2.194 ms - -[0m
2026-02-17 19:52:58 info: [0mGET /api/v1/soil/ideals [36m304[0m 0.212 ms - -[0m
2026-02-17 19:54:18 info: [0mGET /api/v1/soil/data [36m304[0m 4.633 ms - -[0m
2026-02-17 19:54:18 info: [0mGET /api/v1/soil/ideals [36m304[0m 0.822 ms - -[0m
2026-02-17 19:54:21 info: [0mGET /api/v1/soil/data [36m304[0m 3.690 ms - -[0m
2026-02-17 19:54:21 info: [0mGET /api/v1/soil/data [36m304[0m 5.612 ms - -[0m
2026-02-17 19:54:21 info: [0mGET /api/v1/soil/ideals [36m304[0m 0.460 ms - -[0m
2026-02-17 19:54:21 info: [0mGET /api/v1/soil/ideals [36m304[0m 0.444 ms - -[0m
2026-02-17 19:56:54 info: [0mPOST /api/v1/soil/data [32m201[0m 9.137 ms - 359[0m
2026-02-17 19:57:03 info: [0mGET /api/v1/soil/data [32m200[0m 3.842 ms - 3425[0m
2026-02-17 19:57:03 info: [0mGET /api/v1/soil/data [36m304[0m 3.488 ms - -[0m
2026-02-17 19:57:03 info: [0mGET /api/v1/soil/ideals [36m304[0m 0.450 ms - -[0m
2026-02-17 19:57:03 info: [0mGET /api/v1/soil/ideals [36m304[0m 0.435 ms - -[0m
2026-02-17 19:57:15 info: [0mGET /api/v1/reports/plant?start=2026-02-16T00%3A00%3A00.000Z&stop=2026-02-17T00%3A00%3A00.000Z [36m304[0m 2.883 ms - -[0m
2026-02-17 19:57:15 info: [0mGET /api/v1/soil/data?limit=200&start=2026-02-16T00%3A00%3A00.000Z&end=2026-02-17T00%3A00%3A00.000Z [36m304[0m 2.868 ms - -[0m
2026-02-17 19:57:15 info: [0mGET /api/v1/reports/plant?start=2026-02-16T00%3A00%3A00.000Z&stop=2026-02-17T00%3A00%3A00.000Z [36m304[0m 2.688 ms - -[0m
2026-02-17 19:57:15 info: [0mGET /api/v1/soil/data?limit=200&start=2026-02-16T00%3A00%3A00.000Z&end=2026-02-17T00%3A00%3A00.000Z [36m304[0m 3.277 ms - -[0m
2026-02-17 19:57:15 info: [0mGET /api/v1/soil/ideals [36m304[0m 0.303 ms - -[0m
2026-02-17 19:57:15 info: [0mGET /api/v1/soil/ideals [36m304[0m 0.299 ms - -[0m
2026-02-17 19:57:15 info: [0mGET /api/v1/reports/plant?start=2026-02-16T00%3A00%3A00.000Z&stop=2026-02-17T00%3A00%3A00.000Z [36m304[0m 2.882 ms - -[0m
2026-02-17 19:57:15 info: [0mGET /api/v1/reports/plant?start=2026-02-16T00%3A00%3A00.000Z&stop=2026-02-17T00%3A00%3A00.000Z [36m304[0m 2.506 ms - -[0m
2026-02-17 19:57:17 info: [0mGET /api/v1/soil/data [36m304[0m 2.818 ms - -[0m
2026-02-17 19:57:17 info: [0mGET /api/v1/soil/data [36m304[0m 2.696 ms - -[0m
2026-02-17 19:57:17 info: [0mGET /api/v1/soil/ideals [36m304[0m 0.424 ms - -[0m
2026-02-17 19:57:17 info: [0mGET /api/v1/soil/ideals [36m304[0m 0.325 ms - -[0m
2026-02-17 19:58:53 info: [0mGET /api/v1/soil/data [32m200[0m 2.142 ms - 3425[0m
2026-02-17 20:01:39 info: [0mPOST /api/v1/soil/data [32m201[0m 8.427 ms - 362[0m
2026-02-17 20:01:40 info: [0mPOST /api/v1/soil/data [32m201[0m 9.667 ms - 362[0m
2026-02-17 20:01:56 info: [0mGET /api/v1/soil/data [32m200[0m 2.591 ms - 3983[0m
2026-02-17 20:01:56 info: [0mGET /api/v1/soil/data [36m304[0m 2.842 ms - -[0m
2026-02-17 20:01:56 info: [0mGET /api/v1/soil/ideals [36m304[0m 0.317 ms - -[0m
2026-02-17 20:01:56 info: [0mGET /api/v1/soil/ideals [36m304[0m 0.284 ms - -[0m
2026-02-17 20:03:46 info: [0mPOST /api/v1/soil/data [32m201[0m 8.493 ms - 362[0m
2026-02-17 20:04:47 info: [0mPOST /api/v1/auth/login [32m200[0m 184.093 ms - 794[0m
2026-02-17 20:04:47 info: [0mGET /api/v1/soil/data [32m200[0m 12.907 ms - 4262[0m
2026-02-17 20:04:47 info: [0mGET /api/v1/soil/data [36m304[0m 7.380 ms - -[0m
2026-02-17 20:04:47 info: [0mGET /api/v1/soil/ideals [32m200[0m 1.124 ms - 280[0m
2026-02-17 20:04:47 info: [0mGET /api/v1/soil/ideals [36m304[0m 0.912 ms - -[0m
2026-02-17 20:05:09 info: [0mPOST /api/v1/soil/data [32m201[0m 26.702 ms - 469[0m
2026-02-17 20:05:09 info: [0mPOST /api/v1/soil/data [32m201[0m 13.898 ms - 469[0m
2026-02-17 20:05:14 info: [0mGET /api/v1/soil/data [32m200[0m 4.435 ms - 5034[0m
2026-02-17 20:05:14 info: [0mGET /api/v1/soil/data [36m304[0m 3.763 ms - -[0m
2026-02-17 20:05:14 info: [0mGET /api/v1/soil/ideals [36m304[0m 0.442 ms - -[0m
2026-02-17 20:05:14 info: [0mGET /api/v1/soil/ideals [36m304[0m 0.503 ms - -[0m
2026-02-17 20:05:51 info: [0mGET /api/v1/soil/data [36m304[0m 6.285 ms - -[0m
2026-02-17 20:05:51 info: [0mGET /api/v1/soil/ideals [36m304[0m 0.635 ms - -[0m
2026-02-17 20:05:51 info: [0mGET /api/v1/soil/ideals [36m304[0m 0.461 ms - -[0m
2026-02-17 20:05:51 info: [0mGET /api/v1/soil/data [36m304[0m 7.237 ms - -[0m
2026-02-17 20:05:53 info: [0mGET /api/v1/soil/data [36m304[0m 4.318 ms - -[0m
2026-02-17 20:05:53 info: [0mGET /api/v1/soil/data [36m304[0m 4.292 ms - -[0m
2026-02-17 20:05:53 info: [0mGET /api/v1/soil/ideals [36m304[0m 0.558 ms - -[0m
2026-02-17 20:05:53 info: [0mGET /api/v1/soil/ideals [36m304[0m 0.415 ms - -[0m
2026-02-17 20:06:07 info: [0mPOST /api/v1/soil/data [32m201[0m 14.362 ms - 467[0m
2026-02-17 20:06:07 info: [0mPOST /api/v1/soil/data [32m201[0m 13.348 ms - 467[0m
2026-02-17 20:06:20 info: [0mPOST /api/v1/soil/data [32m201[0m 9.059 ms - 462[0m
2026-02-17 20:06:20 info: [0mPOST /api/v1/soil/data [32m201[0m 9.052 ms - 462[0m
2026-02-17 20:06:30 info: [0mPOST /api/v1/soil/data [32m201[0m 10.188 ms - 464[0m
2026-02-17 20:06:30 info: [0mPOST /api/v1/soil/data [32m201[0m 11.186 ms - 464[0m
2026-02-17 20:06:36 info: [0mPOST /api/v1/soil/data [32m201[0m 10.334 ms - 461[0m
2026-02-17 20:06:36 info: [0mPOST /api/v1/soil/data [32m201[0m 9.120 ms - 461[0m
2026-02-17 20:06:42 info: [0mPOST /api/v1/soil/data [32m201[0m 9.780 ms - 463[0m
2026-02-17 20:06:42 info: [0mPOST /api/v1/soil/data [32m201[0m 7.679 ms - 463[0m
2026-02-17 20:06:52 info: [0mPOST /api/v1/soil/data [32m201[0m 9.047 ms - 459[0m
2026-02-17 20:06:52 info: [0mPOST /api/v1/soil/data [32m201[0m 8.739 ms - 459[0m
2026-02-17 20:06:58 info: [0mPOST /api/v1/soil/data [32m201[0m 11.004 ms - 463[0m
2026-02-17 20:06:58 info: [0mPOST /api/v1/soil/data [32m201[0m 5.441 ms - 463[0m
2026-02-17 20:07:07 info: [0mPOST /api/v1/soil/data [32m201[0m 9.233 ms - 460[0m
2026-02-17 20:07:07 info: [0mPOST /api/v1/soil/data [32m201[0m 10.608 ms - 460[0m
2026-02-17 20:07:13 info: [0mPOST /api/v1/soil/data [32m201[0m 12.606 ms - 465[0m
2026-02-17 20:07:13 info: [0mPOST /api/v1/soil/data [32m201[0m 9.915 ms - 465[0m
2026-02-17 20:07:19 info: [0mPOST /api/v1/soil/data [32m201[0m 9.015 ms - 459[0m
2026-02-17 20:07:19 info: [0mPOST /api/v1/soil/data [32m201[0m 7.045 ms - 459[0m
2026-02-17 20:07:23 info: [0mGET /api/v1/soil/data [32m200[0m 5.908 ms - 12620[0m
2026-02-17 20:07:23 info: [0mGET /api/v1/soil/data [36m304[0m 6.422 ms - -[0m
2026-02-17 20:07:23 info: [0mGET /api/v1/soil/ideals [36m304[0m 0.351 ms - -[0m
2026-02-17 20:07:23 info: [0mGET /api/v1/soil/ideals [36m304[0m 0.315 ms - -[0m
2026-02-17 20:08:38 info: [0mGET /api/v1/soil/data [36m304[0m 3.589 ms - -[0m
2026-02-17 20:08:38 info: [0mGET /api/v1/soil/ideals [36m304[0m 0.245 ms - -[0m
2026-02-17 20:09:54 info: [0mGET /api/v1/soil/data [36m304[0m 5.004 ms - -[0m
2026-02-17 20:09:54 info: [0mGET /api/v1/soil/ideals [36m304[0m 0.363 ms - -[0m
2026-02-17 20:10:01 info: [0mGET /api/v1/soil/data [36m304[0m 6.114 ms - -[0m
2026-02-17 20:10:01 info: [0mGET /api/v1/soil/data [36m304[0m 4.452 ms - -[0m
2026-02-17 20:10:01 info: [0mGET /api/v1/soil/ideals [36m304[0m 0.319 ms - -[0m
2026-02-17 20:10:01 info: [0mGET /api/v1/soil/ideals [36m304[0m 0.364 ms - -[0m
2026-02-17 20:10:39 info: [0mGET /api/v1/soil/data [36m304[0m 21.968 ms - -[0m
2026-02-17 20:10:39 info: [0mGET /api/v1/soil/ideals [32m200[0m 1.118 ms - 277[0m
2026-02-17 20:10:39 info: [0mGET /api/v1/soil/data [36m304[0m 9.977 ms - -[0m
2026-02-17 20:10:39 info: [0mGET /api/v1/soil/ideals [36m304[0m 0.446 ms - -[0m
2026-02-17 20:10:52 info: [0mGET /api/v1/soil/table?start=2026-02-16T00:00:00.000Z&end=2026-02-17T00:00:00.000Z&type=macro&mode=count [36m304[0m 15.039 ms - -[0m
2026-02-17 20:10:52 info: [0mGET /api/v1/soil/table?start=2026-02-16T00:00:00.000Z&end=2026-02-17T00:00:00.000Z&type=macro&mode=count [36m304[0m 5.867 ms - -[0m
2026-02-17 20:10:52 info: [0mGET /api/v1/soil/data?start=2026-02-16T00:00:00.000Z&end=2026-02-17T00:00:00.000Z&limit=100 [36m304[0m 4.145 ms - -[0m
2026-02-17 20:10:52 info: [0mGET /api/v1/soil/data?start=2026-02-16T00:00:00.000Z&end=2026-02-17T00:00:00.000Z&limit=100 [36m304[0m 4.215 ms - -[0m
2026-02-17 20:10:52 info: [0mGET /api/v1/soil/ideals [36m304[0m 0.581 ms - -[0m
2026-02-17 20:10:52 info: [0mGET /api/v1/soil/ideals [36m304[0m 0.450 ms - -[0m
2026-02-17 20:10:57 info: [0mGET /api/v1/soil/table?start=2026-02-16T00:00:00.000Z&end=2026-02-17T00:00:00.000Z&type=micro&mode=count [36m304[0m 5.112 ms - -[0m
2026-02-17 20:10:57 info: [0mGET /api/v1/soil/data?start=2026-02-16T00:00:00.000Z&end=2026-02-17T00:00:00.000Z&limit=100 [36m304[0m 3.460 ms - -[0m
2026-02-17 20:10:57 info: [0mGET /api/v1/soil/ideals [36m304[0m 0.388 ms - -[0m
2026-02-17 20:10:58 info: [0mGET /api/v1/soil/table?start=2026-02-16T00:00:00.000Z&end=2026-02-17T00:00:00.000Z&type=macro&mode=count [36m304[0m 4.883 ms - -[0m
2026-02-17 20:10:58 info: [0mGET /api/v1/soil/data?start=2026-02-16T00:00:00.000Z&end=2026-02-17T00:00:00.000Z&limit=100 [36m304[0m 4.135 ms - -[0m
2026-02-17 20:10:58 info: [0mGET /api/v1/soil/ideals [36m304[0m 0.335 ms - -[0m
2026-02-17 20:11:02 info: [0mGET /api/v1/soil/table?start=2026-02-17T00:00:00.000Z&end=2026-02-17T00:00:00.000Z&type=macro&mode=count [32m200[0m 2.934 ms - 138[0m
2026-02-17 20:11:02 info: [0mGET /api/v1/soil/data?start=2026-02-17T00:00:00.000Z&end=2026-02-17T00:00:00.000Z&limit=100 [32m200[0m 3.022 ms - 86[0m
2026-02-17 20:11:02 info: [0mGET /api/v1/soil/ideals [36m304[0m 0.281 ms - -[0m
2026-02-17 20:11:04 info: [0mGET /api/v1/reports/plant?start=2026-02-17T00%3A00%3A00.000Z&stop=2026-02-17T00%3A00%3A00.000Z [32m200[0m 5.423 ms - 96[0m
2026-02-17 20:11:04 info: [0mGET /api/v1/soil/data?limit=200&start=2026-02-17T00%3A00%3A00.000Z&end=2026-02-17T00%3A00%3A00.000Z [32m200[0m 3.894 ms - 86[0m
2026-02-17 20:11:04 info: [0mGET /api/v1/reports/plant?start=2026-02-17T00%3A00%3A00.000Z&stop=2026-02-17T00%3A00%3A00.000Z [36m304[0m 3.854 ms - -[0m
2026-02-17 20:11:04 info: [0mGET /api/v1/soil/data?limit=200&start=2026-02-17T00%3A00%3A00.000Z&end=2026-02-17T00%3A00%3A00.000Z [36m304[0m 3.210 ms - -[0m
2026-02-17 20:11:04 info: [0mGET /api/v1/soil/ideals [36m304[0m 0.610 ms - -[0m
2026-02-17 20:11:04 info: [0mGET /api/v1/soil/ideals [36m304[0m 0.321 ms - -[0m
2026-02-17 20:11:04 info: [0mGET /api/v1/reports/plant?start=2026-02-17T00%3A00%3A00.000Z&stop=2026-02-17T00%3A00%3A00.000Z [36m304[0m 2.708 ms - -[0m
2026-02-17 20:11:04 info: [0mGET /api/v1/reports/plant?start=2026-02-17T00%3A00%3A00.000Z&stop=2026-02-17T00%3A00%3A00.000Z [36m304[0m 2.594 ms - -[0m
2026-02-17 20:11:06 info: [0mGET /api/v1/soil/data [36m304[0m 9.232 ms - -[0m
2026-02-17 20:11:06 info: [0mGET /api/v1/soil/data [36m304[0m 4.994 ms - -[0m
2026-02-17 20:11:06 info: [0mGET /api/v1/soil/ideals [36m304[0m 1.322 ms - -[0m
2026-02-17 20:11:06 info: [0mGET /api/v1/soil/ideals [36m304[0m 0.352 ms - -[0m
2026-02-17 20:11:31 info: [0mGET /api/v1/soil/data [36m304[0m 5.457 ms - -[0m
2026-02-17 20:11:31 info: [0mGET /api/v1/soil/ideals [36m304[0m 0.300 ms - -[0m
2026-02-17 20:11:31 info: [0mGET /api/v1/soil/data [36m304[0m 4.901 ms - -[0m
2026-02-17 20:11:31 info: [0mGET /api/v1/soil/ideals [36m304[0m 0.332 ms - -[0m
2026-02-17 20:11:38 info: [0mGET /api/v1/soil/data [36m304[0m 5.325 ms - -[0m
2026-02-17 20:11:38 info: [0mGET /api/v1/soil/data [36m304[0m 5.707 ms - -[0m
2026-02-17 20:11:38 info: [0mGET /api/v1/soil/ideals [36m304[0m 0.314 ms - -[0m
2026-02-17 20:11:38 info: [0mGET /api/v1/soil/ideals [36m304[0m 0.308 ms - -[0m
2026-02-17 20:11:44 info: [0mGET /api/v1/soil/ideals [36m304[0m 0.336 ms - -[0m
2026-02-17 20:11:44 info: [0mGET /api/v1/soil/data [36m304[0m 6.898 ms - -[0m
2026-02-17 20:11:44 info: [0mGET /api/v1/soil/ideals [36m304[0m 0.320 ms - -[0m
2026-02-17 20:11:44 info: [0mGET /api/v1/soil/data [36m304[0m 6.128 ms - -[0m
