2026-01-11 00:05:19 info: [0mPOST /api/v1/auth/register [32m201[0m 1868.408 ms - 279[0m
2026-01-11 00:05:20 info: [0mPOST /api/v1/auth/register [31m500[0m 5936.938 ms - 51[0m
2026-01-11 00:05:46 info: [0mPOST /api/v1/auth/login [31m500[0m 87.386 ms - 104[0m
2026-01-11 00:07:57 info: [0mPOST /api/v1/auth/register [33m409[0m 70.138 ms - 84[0m
2026-01-11 00:08:22 info: [0mPOST /api/v1/auth/login [31m500[0m 85.589 ms - 104[0m
2026-01-11 00:08:24 info: [0mPOST /api/v1/auth/login [31m500[0m 82.054 ms - 104[0m
2026-01-11 00:08:25 info: [0mPOST /api/v1/auth/login [31m500[0m 86.366 ms - 104[0m
2026-01-11 00:08:25 info: [0mPOST /api/v1/auth/login [31m500[0m 80.022 ms - 104[0m
2026-01-11 00:08:25 info: [0mPOST /api/v1/auth/login [31m500[0m 80.892 ms - 104[0m
2026-01-11 00:08:26 info: [0mPOST /api/v1/auth/login [31m500[0m 79.809 ms - 104[0m
2026-01-11 00:09:22 info: [0mPOST /api/v1/auth/register [32m201[0m 3239.883 ms - 282[0m
2026-01-11 00:09:46 info: [0mPOST /api/v1/auth/login [31m500[0m 84.874 ms - 104[0m
2026-01-11 00:13:09 info: [0mPOST /api/v1/auth/register [32m201[0m 118.619 ms - 264[0m
2026-01-11 00:13:39 info: [0mPOST /api/v1/auth/login [32m200[0m 134.808 ms - 734[0m
2026-01-11 00:13:40 info: [0mGET /api/v1/soil/data?deviceId=DEVICE001 [32m200[0m 15.435 ms - 86[0m
2026-01-11 00:13:40 info: [0mGET /api/v1/soil/data?deviceId=DEVICE001 [36m304[0m 4.369 ms - -[0m
2026-01-11 00:13:40 info: [0mGET /api/v1/soil/ideals [32m200[0m 1.032 ms - 282[0m
2026-01-11 00:13:40 info: [0mGET /api/v1/soil/ideals [36m304[0m 0.896 ms - -[0m
2026-01-11 00:17:26 info: [0mGET /api/v1/soil/table [33m404[0m 2.347 ms - 51[0m
2026-01-11 00:28:27 info: [0mGET /api/v1/soil/ideals [36m304[0m 8.185 ms - -[0m
2026-01-11 00:28:27 info: [0mGET /api/v1/soil/data?deviceId=DEVICE001 [36m304[0m 64.240 ms - -[0m
2026-01-11 00:28:27 info: [0mGET /api/v1/soil/ideals [36m304[0m 0.753 ms - -[0m
2026-01-11 00:28:27 info: [0mGET /api/v1/soil/data?deviceId=DEVICE001 [36m304[0m 5.111 ms - -[0m
2026-01-11 00:28:28 info: [0mGET /api/v1/soil/data?deviceId=DEVICE001 [36m304[0m 4.546 ms - -[0m
2026-01-11 00:28:28 info: [0mGET /api/v1/soil/data?deviceId=DEVICE001 [36m304[0m 5.778 ms - -[0m
2026-01-11 00:28:28 info: [0mGET /api/v1/soil/ideals [36m304[0m 0.478 ms - -[0m
2026-01-11 00:28:28 info: [0mGET /api/v1/soil/ideals [36m304[0m 0.521 ms - -[0m
2026-01-11 00:28:59 info: [0mGET /api/v1/soil/table [32m200[0m 16.224 ms - 138[0m
2026-01-11 00:28:59 info: [0mGET /favicon.ico [33m404[0m 3.520 ms - 51[0m
2026-01-11 00:40:46 info: [0mGET /api/v1/soil/table [32m200[0m 53.683 ms - 692[0m
2026-01-11 00:42:31 info: [0mPOST /api/v1/auth/login [32m200[0m 150.732 ms - 734[0m
2026-01-11 00:42:31 info: [0mGET /api/v1/soil/data?deviceId=DEVICE001 [36m304[0m 20.981 ms - -[0m
2026-01-11 00:42:31 info: [0mGET /api/v1/soil/data?deviceId=DEVICE001 [36m304[0m 5.889 ms - -[0m
2026-01-11 00:42:31 info: [0mGET /api/v1/soil/ideals [36m304[0m 0.855 ms - -[0m
2026-01-11 00:42:31 info: [0mGET /api/v1/soil/ideals [36m304[0m 0.694 ms - -[0m
2026-01-11 00:44:44 info: [0mGET /api/v1/soil/table [36m304[0m 71.259 ms - -[0m
2026-01-11 00:55:24 info: [0mPOST /api/v1/auth/login [32m200[0m 168.183 ms - 734[0m
2026-01-11 00:55:24 info: [0mGET /api/v1/soil/data?deviceId=DEVICE001 [36m304[0m 27.374 ms - -[0m
2026-01-11 00:55:24 info: [0mGET /api/v1/soil/data?deviceId=DEVICE001 [36m304[0m 5.630 ms - -[0m
2026-01-11 00:55:24 info: [0mGET /api/v1/soil/ideals [36m304[0m 0.599 ms - -[0m
2026-01-11 00:55:24 info: [0mGET /api/v1/soil/ideals [36m304[0m 0.694 ms - -[0m
2026-01-11 00:55:33 info: [0mGET /api/v1/soil/data?deviceId=DEVICE001 [36m304[0m 5.220 ms - -[0m
2026-01-11 00:55:33 info: [0mGET /api/v1/soil/data?deviceId=DEVICE001 [36m304[0m 4.361 ms - -[0m
2026-01-11 00:55:33 info: [0mGET /api/v1/soil/ideals [36m304[0m 0.534 ms - -[0m
2026-01-11 00:55:33 info: [0mGET /api/v1/soil/ideals [36m304[0m 0.710 ms - -[0m
2026-01-11 00:55:34 info: [0mGET /api/v1/soil/data?deviceId=DEVICE001 [36m304[0m 6.332 ms - -[0m
2026-01-11 00:55:34 info: [0mGET /api/v1/soil/ideals [36m304[0m 1.410 ms - -[0m
2026-01-11 00:55:34 info: [0mGET /api/v1/soil/data?deviceId=DEVICE001 [36m304[0m 5.485 ms - -[0m
2026-01-11 00:55:34 info: [0mGET /api/v1/soil/ideals [36m304[0m 0.561 ms - -[0m
2026-01-11 00:55:35 info: [0mGET /api/v1/soil/data?deviceId=DEVICE001 [36m304[0m 3.620 ms - -[0m
2026-01-11 00:55:35 info: [0mGET /api/v1/soil/data?deviceId=DEVICE001 [36m304[0m 4.036 ms - -[0m
2026-01-11 00:55:35 info: [0mGET /api/v1/soil/ideals [36m304[0m 0.624 ms - -[0m
2026-01-11 00:55:35 info: [0mGET /api/v1/soil/ideals [36m304[0m 0.334 ms - -[0m
2026-01-11 00:55:41 info: [0mGET /api/v1/soil/data?deviceId=DEVICE001 [36m304[0m 5.108 ms - -[0m
2026-01-11 00:55:41 info: [0mGET /api/v1/soil/data?deviceId=DEVICE001 [36m304[0m 3.794 ms - -[0m
2026-01-11 00:55:41 info: [0mGET /api/v1/soil/ideals [36m304[0m 0.488 ms - -[0m
2026-01-11 00:55:41 info: [0mGET /api/v1/soil/ideals [36m304[0m 0.372 ms - -[0m
2026-01-11 00:58:30 info: [0mGET /api/v1/soil/data?deviceId=DEVICE001 [36m304[0m 76.984 ms - -[0m
2026-01-11 00:58:30 info: [0mGET /api/v1/soil/data?deviceId=DEVICE001 [36m304[0m 4.605 ms - -[0m
2026-01-11 00:58:30 info: [0mGET /api/v1/soil/ideals [36m304[0m 0.645 ms - -[0m
2026-01-11 00:58:30 info: [0mGET /api/v1/soil/ideals [36m304[0m 0.908 ms - -[0m
2026-01-11 00:58:47 info: [0mGET /api/v1/soil/data?deviceId=DEVICE001 [36m304[0m 40.878 ms - -[0m
2026-01-11 00:58:47 info: [0mGET /api/v1/soil/data?deviceId=DEVICE001 [36m304[0m 6.241 ms - -[0m
2026-01-11 00:58:47 info: [0mGET /api/v1/soil/ideals [36m304[0m 0.959 ms - -[0m
2026-01-11 00:58:47 info: [0mGET /api/v1/soil/ideals [36m304[0m 0.528 ms - -[0m
2026-01-11 01:12:15 info: [0mPOST /api/v1/auth/login [32m200[0m 192.775 ms - 734[0m
2026-01-11 01:12:15 info: [0mGET /api/v1/soil/data?deviceId=DEVICE001 [36m304[0m 50.831 ms - -[0m
2026-01-11 01:12:15 info: [0mGET /api/v1/soil/data?deviceId=DEVICE001 [36m304[0m 6.284 ms - -[0m
2026-01-11 01:12:15 info: [0mGET /api/v1/soil/ideals [36m304[0m 1.046 ms - -[0m
2026-01-11 01:12:15 info: [0mGET /api/v1/soil/ideals [36m304[0m 0.554 ms - -[0m
2026-01-11 01:12:38 info: [0mGET /soil/table?start=2025-12-01T00:00:00.000Z&end=2025-12-10T00:00:00.000Z&type=macro&mode=count [32m200[0m 23.374 ms - 1136[0m
2026-01-11 01:12:38 info: [0mGET /soil/table?start=2025-12-01T00:00:00.000Z&end=2025-12-10T00:00:00.000Z&type=macro&mode=count [36m304[0m 9.373 ms - -[0m
2026-01-11 01:12:43 info: [0mGET /soil/table?start=2025-12-01T00:00:00.000Z&end=2025-12-10T00:00:00.000Z&type=micro&mode=count [32m200[0m 6.860 ms - 966[0m
2026-01-11 01:12:45 info: [0mGET /soil/table?start=2025-12-01T00:00:00.000Z&end=2025-12-10T00:00:00.000Z&type=macro&mode=count [36m304[0m 9.113 ms - -[0m
2026-01-11 01:12:46 info: [0mGET /soil/table?start=2025-12-01T00:00:00.000Z&end=2025-12-10T00:00:00.000Z&type=micro&mode=count [36m304[0m 7.111 ms - -[0m
2026-01-11 01:13:24 info: [0mGET /soil/table?start=2025-12-01T00:00:00.000Z&end=2025-12-10T00:00:00.000Z&type=macro&mode=count [36m304[0m 8.644 ms - -[0m
2026-01-11 01:13:25 info: [0mGET /soil/table?start=2025-12-01T00:00:00.000Z&end=2025-12-10T00:00:00.000Z&type=macro&mode=percentage [32m200[0m 6.289 ms - 1212[0m
2026-01-11 01:13:26 info: [0mGET /soil/table?start=2025-12-01T00:00:00.000Z&end=2025-12-10T00:00:00.000Z&type=macro&mode=count [36m304[0m 5.420 ms - -[0m
2026-01-11 01:13:27 info: [0mGET /soil/table?start=2025-12-01T00:00:00.000Z&end=2025-12-10T00:00:00.000Z&type=macro&mode=percentage [36m304[0m 6.327 ms - -[0m
2026-01-11 01:13:28 info: [0mGET /soil/table?start=2025-12-01T00:00:00.000Z&end=2025-12-10T00:00:00.000Z&type=macro&mode=count [36m304[0m 6.417 ms - -[0m
2026-01-11 01:13:30 info: [0mGET /soil/table?start=2025-12-01T00:00:00.000Z&end=2025-12-10T00:00:00.000Z&type=macro&mode=percentage [36m304[0m 4.667 ms - -[0m
2026-01-11 01:13:32 info: [0mGET /soil/table?start=2025-12-01T00:00:00.000Z&end=2025-12-10T00:00:00.000Z&type=macro&mode=count [36m304[0m 13.722 ms - -[0m
2026-01-11 01:13:34 info: [0mGET /api/v1/reports/plant?start=2025-12-01T00%3A00%3A00.000Z&stop=2025-12-10T00%3A00%3A00.000Z [32m200[0m 4.961 ms - 96[0m
2026-01-11 01:13:34 info: [0mGET /soil/data?limit=200&start=2025-12-01T00%3A00%3A00.000Z&end=2025-12-10T00%3A00%3A00.000Z [32m200[0m 8.441 ms - 3353[0m
2026-01-11 01:13:34 info: [0mGET /api/v1/reports/plant?start=2025-12-01T00%3A00%3A00.000Z&stop=2025-12-10T00%3A00%3A00.000Z [36m304[0m 3.951 ms - -[0m
2026-01-11 01:13:34 info: [0mGET /soil/data?limit=200&start=2025-12-01T00%3A00%3A00.000Z&end=2025-12-10T00%3A00%3A00.000Z [36m304[0m 5.586 ms - -[0m
2026-01-11 01:13:34 info: [0mGET /api/v1/reports/plant?start=2025-12-01T00%3A00%3A00.000Z&stop=2025-12-10T00%3A00%3A00.000Z [36m304[0m 3.428 ms - -[0m
2026-01-11 01:13:34 info: [0mGET /api/v1/reports/plant?start=2025-12-01T00%3A00%3A00.000Z&stop=2025-12-10T00%3A00%3A00.000Z [36m304[0m 3.268 ms - -[0m
2026-01-11 01:13:38 info: [0mGET /soil/table?start=2025-12-01T00:00:00.000Z&end=2025-12-10T00:00:00.000Z&type=macro&mode=count [36m304[0m 6.192 ms - -[0m
2026-01-11 01:13:38 info: [0mGET /soil/table?start=2025-12-01T00:00:00.000Z&end=2025-12-10T00:00:00.000Z&type=macro&mode=count [36m304[0m 6.068 ms - -[0m
